\BOOKMARK [0][-]{chapter.1}{Diluted magnetic semiconductor quantum dots}{}% 1
\BOOKMARK [1][-]{section.1.1}{II-VI semiconductor quantum dots}{chapter.1}% 2
\BOOKMARK [2][-]{subsection.1.1.1}{Band structure of CdTe/ZnTe}{section.1.1}% 3
\BOOKMARK [2][-]{subsection.1.1.2}{Lattice mismatch and the Bir-Pikus Hamiltonian }{section.1.1}% 4
\BOOKMARK [2][-]{subsection.1.1.3}{3D confinement: the quantum dot}{section.1.1}% 5
\BOOKMARK [2][-]{subsection.1.1.4}{Valence band mixing}{section.1.1}% 6
\BOOKMARK [1][-]{section.1.2}{Exchange interaction between carrier and magnetic atom}{chapter.1}% 7
\BOOKMARK [2][-]{subsection.1.2.1}{Exchange interaction in Diluted Magnetic Semiconductors}{section.1.2}% 8
\BOOKMARK [2][-]{subsection.1.2.2}{Mn case}{section.1.2}% 9
\BOOKMARK [2][-]{subsection.1.2.3}{Cr case}{section.1.2}% 10
\BOOKMARK [2][-]{subsection.1.2.4}{Effect of the confinement}{section.1.2}% 11
\BOOKMARK [1][-]{section.1.3}{Fine and hyperfine structure of a magnetic atom in II-VI semiconductor}{chapter.1}% 12
\BOOKMARK [2][-]{subsection.1.3.1}{Mn atom in II-VI semiconductor}{section.1.3}% 13
\BOOKMARK [2][-]{subsection.1.3.2}{Cr atom in II-VI semiconductor}{section.1.3}% 14
\BOOKMARK [1][-]{section.1.4}{A simple example: the X-Mn system}{chapter.1}% 15
\BOOKMARK [0][-]{chapter.2}{Growth of the samples}{}% 16
\BOOKMARK [1][-]{section.2.1}{Tsukuba machine specificity}{chapter.2}% 17
\BOOKMARK [1][-]{section.2.2}{Strained dots: CdTe/ZnTE}{chapter.2}% 18
\BOOKMARK [2][-]{subsection.2.2.1}{Substrate preparation}{section.2.2}% 19
\BOOKMARK [2][-]{subsection.2.2.2}{Strained dots growth}{section.2.2}% 20
\BOOKMARK [1][-]{section.2.3}{Strain-free dots: CdTe/CdMgTe}{chapter.2}% 21
\BOOKMARK [2][-]{subsection.2.3.1}{Substrate preparation}{section.2.3}% 22
\BOOKMARK [2][-]{subsection.2.3.2}{Unstrained dots growth}{section.2.3}% 23
\BOOKMARK [0][-]{chapter.3}{Coherent dynamics of Mn-doped positively charged quantum dots}{}% 24
\BOOKMARK [1][-]{section.3.1}{Mn in a II-VI positively charged quantum dot}{chapter.3}% 25
\BOOKMARK [2][-]{subsection.3.1.1}{Quantum dot charged state selection}{section.3.1}% 26
\BOOKMARK [2][-]{subsection.3.1.2}{Energy structure}{section.3.1}% 27
\BOOKMARK [2][-]{subsection.3.1.3}{Optical -level identification}{section.3.1}% 28
\BOOKMARK [1][-]{section.3.2}{Spin dynamics under resonant excitation}{chapter.3}% 29
\BOOKMARK [2][-]{subsection.3.2.1}{Cycling and escaping the -level system}{section.3.2}% 30
\BOOKMARK [2][-]{subsection.3.2.2}{Relaxation mechanism}{section.3.2}% 31
\BOOKMARK [1][-]{section.3.3}{Influence of the strain anisotropy}{chapter.3}% 32
