This is pdfTeX, Version 3.1415926-2.5-1.40.14 (TeX Live 2013/Debian) (format=pdflatex 2016.7.4)  11 MAY 2017 21:51
entering extended mode
 restricted \write18 enabled.
 %&-line parsing enabled.
**Thesis.tex
(./Thesis.tex
LaTeX2e <2011/06/27>
Babel <3.9h> and hyphenation patterns for 6 languages loaded.
(/usr/share/texlive/texmf-dist/tex/latex/base/report.cls
Document Class: report 2007/10/19 v1.4h Standard LaTeX document class
(/usr/share/texlive/texmf-dist/tex/latex/base/size12.clo
File: size12.clo 2007/10/19 v1.4h Standard LaTeX file (size option)
)
\c@part=\count79
\c@chapter=\count80
\c@section=\count81
\c@subsection=\count82
\c@subsubsection=\count83
\c@paragraph=\count84
\c@subparagraph=\count85
\c@figure=\count86
\c@table=\count87
\abovecaptionskip=\skip41
\belowcaptionskip=\skip42
\bibindent=\dimen102
)
(/usr/share/texlive/texmf-dist/tex/latex/base/inputenc.sty
Package: inputenc 2008/03/30 v1.1d Input encoding file
\inpenc@prehook=\toks14
\inpenc@posthook=\toks15

(/usr/share/texlive/texmf-dist/tex/latex/base/utf8.def
File: utf8.def 2008/04/05 v1.1m UTF-8 support for inputenc
Now handling font encoding OML ...
... no UTF-8 mapping file for font encoding OML
Now handling font encoding T1 ...
... processing UTF-8 mapping file for font encoding T1

(/usr/share/texlive/texmf-dist/tex/latex/base/t1enc.dfu
File: t1enc.dfu 2008/04/05 v1.1m UTF-8 support for inputenc
   defining Unicode char U+00A1 (decimal 161)
   defining Unicode char U+00A3 (decimal 163)
   defining Unicode char U+00AB (decimal 171)
   defining Unicode char U+00BB (decimal 187)
   defining Unicode char U+00BF (decimal 191)
   defining Unicode char U+00C0 (decimal 192)
   defining Unicode char U+00C1 (decimal 193)
   defining Unicode char U+00C2 (decimal 194)
   defining Unicode char U+00C3 (decimal 195)
   defining Unicode char U+00C4 (decimal 196)
   defining Unicode char U+00C5 (decimal 197)
   defining Unicode char U+00C6 (decimal 198)
   defining Unicode char U+00C7 (decimal 199)
   defining Unicode char U+00C8 (decimal 200)
   defining Unicode char U+00C9 (decimal 201)
   defining Unicode char U+00CA (decimal 202)
   defining Unicode char U+00CB (decimal 203)
   defining Unicode char U+00CC (decimal 204)
   defining Unicode char U+00CD (decimal 205)
   defining Unicode char U+00CE (decimal 206)
   defining Unicode char U+00CF (decimal 207)
   defining Unicode char U+00D0 (decimal 208)
   defining Unicode char U+00D1 (decimal 209)
   defining Unicode char U+00D2 (decimal 210)
   defining Unicode char U+00D3 (decimal 211)
   defining Unicode char U+00D4 (decimal 212)
   defining Unicode char U+00D5 (decimal 213)
   defining Unicode char U+00D6 (decimal 214)
   defining Unicode char U+00D8 (decimal 216)
   defining Unicode char U+00D9 (decimal 217)
   defining Unicode char U+00DA (decimal 218)
   defining Unicode char U+00DB (decimal 219)
   defining Unicode char U+00DC (decimal 220)
   defining Unicode char U+00DD (decimal 221)
   defining Unicode char U+00DE (decimal 222)
   defining Unicode char U+00DF (decimal 223)
   defining Unicode char U+00E0 (decimal 224)
   defining Unicode char U+00E1 (decimal 225)
   defining Unicode char U+00E2 (decimal 226)
   defining Unicode char U+00E3 (decimal 227)
   defining Unicode char U+00E4 (decimal 228)
   defining Unicode char U+00E5 (decimal 229)
   defining Unicode char U+00E6 (decimal 230)
   defining Unicode char U+00E7 (decimal 231)
   defining Unicode char U+00E8 (decimal 232)
   defining Unicode char U+00E9 (decimal 233)
   defining Unicode char U+00EA (decimal 234)
   defining Unicode char U+00EB (decimal 235)
   defining Unicode char U+00EC (decimal 236)
   defining Unicode char U+00ED (decimal 237)
   defining Unicode char U+00EE (decimal 238)
   defining Unicode char U+00EF (decimal 239)
   defining Unicode char U+00F0 (decimal 240)
   defining Unicode char U+00F1 (decimal 241)
   defining Unicode char U+00F2 (decimal 242)
   defining Unicode char U+00F3 (decimal 243)
   defining Unicode char U+00F4 (decimal 244)
   defining Unicode char U+00F5 (decimal 245)
   defining Unicode char U+00F6 (decimal 246)
   defining Unicode char U+00F8 (decimal 248)
   defining Unicode char U+00F9 (decimal 249)
   defining Unicode char U+00FA (decimal 250)
   defining Unicode char U+00FB (decimal 251)
   defining Unicode char U+00FC (decimal 252)
   defining Unicode char U+00FD (decimal 253)
   defining Unicode char U+00FE (decimal 254)
   defining Unicode char U+00FF (decimal 255)
   defining Unicode char U+0102 (decimal 258)
   defining Unicode char U+0103 (decimal 259)
   defining Unicode char U+0104 (decimal 260)
   defining Unicode char U+0105 (decimal 261)
   defining Unicode char U+0106 (decimal 262)
   defining Unicode char U+0107 (decimal 263)
   defining Unicode char U+010C (decimal 268)
   defining Unicode char U+010D (decimal 269)
   defining Unicode char U+010E (decimal 270)
   defining Unicode char U+010F (decimal 271)
   defining Unicode char U+0110 (decimal 272)
   defining Unicode char U+0111 (decimal 273)
   defining Unicode char U+0118 (decimal 280)
   defining Unicode char U+0119 (decimal 281)
   defining Unicode char U+011A (decimal 282)
   defining Unicode char U+011B (decimal 283)
   defining Unicode char U+011E (decimal 286)
   defining Unicode char U+011F (decimal 287)
   defining Unicode char U+0130 (decimal 304)
   defining Unicode char U+0131 (decimal 305)
   defining Unicode char U+0132 (decimal 306)
   defining Unicode char U+0133 (decimal 307)
   defining Unicode char U+0139 (decimal 313)
   defining Unicode char U+013A (decimal 314)
   defining Unicode char U+013D (decimal 317)
   defining Unicode char U+013E (decimal 318)
   defining Unicode char U+0141 (decimal 321)
   defining Unicode char U+0142 (decimal 322)
   defining Unicode char U+0143 (decimal 323)
   defining Unicode char U+0144 (decimal 324)
   defining Unicode char U+0147 (decimal 327)
   defining Unicode char U+0148 (decimal 328)
   defining Unicode char U+014A (decimal 330)
   defining Unicode char U+014B (decimal 331)
   defining Unicode char U+0150 (decimal 336)
   defining Unicode char U+0151 (decimal 337)
   defining Unicode char U+0152 (decimal 338)
   defining Unicode char U+0153 (decimal 339)
   defining Unicode char U+0154 (decimal 340)
   defining Unicode char U+0155 (decimal 341)
   defining Unicode char U+0158 (decimal 344)
   defining Unicode char U+0159 (decimal 345)
   defining Unicode char U+015A (decimal 346)
   defining Unicode char U+015B (decimal 347)
   defining Unicode char U+015E (decimal 350)
   defining Unicode char U+015F (decimal 351)
   defining Unicode char U+0160 (decimal 352)
   defining Unicode char U+0161 (decimal 353)
   defining Unicode char U+0162 (decimal 354)
   defining Unicode char U+0163 (decimal 355)
   defining Unicode char U+0164 (decimal 356)
   defining Unicode char U+0165 (decimal 357)
   defining Unicode char U+016E (decimal 366)
   defining Unicode char U+016F (decimal 367)
   defining Unicode char U+0170 (decimal 368)
   defining Unicode char U+0171 (decimal 369)
   defining Unicode char U+0178 (decimal 376)
   defining Unicode char U+0179 (decimal 377)
   defining Unicode char U+017A (decimal 378)
   defining Unicode char U+017B (decimal 379)
   defining Unicode char U+017C (decimal 380)
   defining Unicode char U+017D (decimal 381)
   defining Unicode char U+017E (decimal 382)
   defining Unicode char U+200C (decimal 8204)
   defining Unicode char U+2013 (decimal 8211)
   defining Unicode char U+2014 (decimal 8212)
   defining Unicode char U+2018 (decimal 8216)
   defining Unicode char U+2019 (decimal 8217)
   defining Unicode char U+201A (decimal 8218)
   defining Unicode char U+201C (decimal 8220)
   defining Unicode char U+201D (decimal 8221)
   defining Unicode char U+201E (decimal 8222)
   defining Unicode char U+2030 (decimal 8240)
   defining Unicode char U+2031 (decimal 8241)
   defining Unicode char U+2039 (decimal 8249)
   defining Unicode char U+203A (decimal 8250)
   defining Unicode char U+2423 (decimal 9251)
)
Now handling font encoding OT1 ...
... processing UTF-8 mapping file for font encoding OT1

(/usr/share/texlive/texmf-dist/tex/latex/base/ot1enc.dfu
File: ot1enc.dfu 2008/04/05 v1.1m UTF-8 support for inputenc
   defining Unicode char U+00A1 (decimal 161)
   defining Unicode char U+00A3 (decimal 163)
   defining Unicode char U+00B8 (decimal 184)
   defining Unicode char U+00BF (decimal 191)
   defining Unicode char U+00C5 (decimal 197)
   defining Unicode char U+00C6 (decimal 198)
   defining Unicode char U+00D8 (decimal 216)
   defining Unicode char U+00DF (decimal 223)
   defining Unicode char U+00E6 (decimal 230)
   defining Unicode char U+00EC (decimal 236)
   defining Unicode char U+00ED (decimal 237)
   defining Unicode char U+00EE (decimal 238)
   defining Unicode char U+00EF (decimal 239)
   defining Unicode char U+00F8 (decimal 248)
   defining Unicode char U+0131 (decimal 305)
   defining Unicode char U+0141 (decimal 321)
   defining Unicode char U+0142 (decimal 322)
   defining Unicode char U+0152 (decimal 338)
   defining Unicode char U+0153 (decimal 339)
   defining Unicode char U+2013 (decimal 8211)
   defining Unicode char U+2014 (decimal 8212)
   defining Unicode char U+2018 (decimal 8216)
   defining Unicode char U+2019 (decimal 8217)
   defining Unicode char U+201C (decimal 8220)
   defining Unicode char U+201D (decimal 8221)
)
Now handling font encoding OMS ...
... processing UTF-8 mapping file for font encoding OMS

(/usr/share/texlive/texmf-dist/tex/latex/base/omsenc.dfu
File: omsenc.dfu 2008/04/05 v1.1m UTF-8 support for inputenc
   defining Unicode char U+00A7 (decimal 167)
   defining Unicode char U+00B6 (decimal 182)
   defining Unicode char U+00B7 (decimal 183)
   defining Unicode char U+2020 (decimal 8224)
   defining Unicode char U+2021 (decimal 8225)
   defining Unicode char U+2022 (decimal 8226)
)
Now handling font encoding OMX ...
... no UTF-8 mapping file for font encoding OMX
Now handling font encoding U ...
... no UTF-8 mapping file for font encoding U
   defining Unicode char U+00A9 (decimal 169)
   defining Unicode char U+00AA (decimal 170)
   defining Unicode char U+00AE (decimal 174)
   defining Unicode char U+00BA (decimal 186)
   defining Unicode char U+02C6 (decimal 710)
   defining Unicode char U+02DC (decimal 732)
   defining Unicode char U+200C (decimal 8204)
   defining Unicode char U+2026 (decimal 8230)
   defining Unicode char U+2122 (decimal 8482)
   defining Unicode char U+2423 (decimal 9251)
))
(/usr/share/texlive/texmf-dist/tex/latex/base/fontenc.sty
Package: fontenc 2005/09/27 v1.99g Standard LaTeX package

(/usr/share/texlive/texmf-dist/tex/latex/base/t1enc.def
File: t1enc.def 2005/09/27 v1.99g Standard LaTeX file
LaTeX Font Info:    Redeclaring font encoding T1 on input line 43.
))
(/usr/share/texlive/texmf-dist/tex/latex/tools/array.sty
Package: array 2008/09/09 v2.4c Tabular extension package (FMi)
\col@sep=\dimen103
\extrarowheight=\dimen104
\NC@list=\toks16
\extratabsurround=\skip43
\backup@length=\skip44
)
(/usr/share/texlive/texmf-dist/tex/latex/amsmath/amsmath.sty
Package: amsmath 2013/01/14 v2.14 AMS math features
\@mathmargin=\skip45

For additional information on amsmath, use the `?' option.
(/usr/share/texlive/texmf-dist/tex/latex/amsmath/amstext.sty
Package: amstext 2000/06/29 v2.01

(/usr/share/texlive/texmf-dist/tex/latex/amsmath/amsgen.sty
File: amsgen.sty 1999/11/30 v2.0
\@emptytoks=\toks17
\ex@=\dimen105
))
(/usr/share/texlive/texmf-dist/tex/latex/amsmath/amsbsy.sty
Package: amsbsy 1999/11/29 v1.2d
\pmbraise@=\dimen106
)
(/usr/share/texlive/texmf-dist/tex/latex/amsmath/amsopn.sty
Package: amsopn 1999/12/14 v2.01 operator names
)
\inf@bad=\count88
LaTeX Info: Redefining \frac on input line 210.
\uproot@=\count89
\leftroot@=\count90
LaTeX Info: Redefining \overline on input line 306.
\classnum@=\count91
\DOTSCASE@=\count92
LaTeX Info: Redefining \ldots on input line 378.
LaTeX Info: Redefining \dots on input line 381.
LaTeX Info: Redefining \cdots on input line 466.
\Mathstrutbox@=\box26
\strutbox@=\box27
\big@size=\dimen107
LaTeX Font Info:    Redeclaring font encoding OML on input line 566.
LaTeX Font Info:    Redeclaring font encoding OMS on input line 567.
\macc@depth=\count93
\c@MaxMatrixCols=\count94
\dotsspace@=\muskip10
\c@parentequation=\count95
\dspbrk@lvl=\count96
\tag@help=\toks18
\row@=\count97
\column@=\count98
\maxfields@=\count99
\andhelp@=\toks19
\eqnshift@=\dimen108
\alignsep@=\dimen109
\tagshift@=\dimen110
\tagwidth@=\dimen111
\totwidth@=\dimen112
\lineht@=\dimen113
\@envbody=\toks20
\multlinegap=\skip46
\multlinetaggap=\skip47
\mathdisplay@stack=\toks21
LaTeX Info: Redefining \[ on input line 2665.
LaTeX Info: Redefining \] on input line 2666.
)
(/usr/share/texlive/texmf-dist/tex/generic/babel/babel.sty
Package: babel 2013/12/03 3.9h The Babel package

(/usr/share/texlive/texmf-dist/tex/generic/babel-english/english.ldf
Language: english 2012/08/20 v3.3p English support from the babel system

(/usr/share/texlive/texmf-dist/tex/generic/babel/babel.def
File: babel.def 2013/12/03 3.9h Babel common definitions
\babel@savecnt=\count100
\U@D=\dimen114
)
\l@canadian = a dialect from \language\l@american 
\l@australian = a dialect from \language\l@british 
\l@newzealand = a dialect from \language\l@british 
))
(/usr/share/texlive/texmf-dist/tex/latex/graphics/graphicx.sty
Package: graphicx 1999/02/16 v1.0f Enhanced LaTeX Graphics (DPC,SPQR)

(/usr/share/texlive/texmf-dist/tex/latex/graphics/keyval.sty
Package: keyval 1999/03/16 v1.13 key=value parser (DPC)
\KV@toks@=\toks22
)
(/usr/share/texlive/texmf-dist/tex/latex/graphics/graphics.sty
Package: graphics 2009/02/05 v1.0o Standard LaTeX Graphics (DPC,SPQR)

(/usr/share/texlive/texmf-dist/tex/latex/graphics/trig.sty
Package: trig 1999/03/16 v1.09 sin cos tan (DPC)
)
(/usr/share/texlive/texmf-dist/tex/latex/latexconfig/graphics.cfg
File: graphics.cfg 2010/04/23 v1.9 graphics configuration of TeX Live
)
Package graphics Info: Driver file: pdftex.def on input line 91.

(/usr/share/texlive/texmf-dist/tex/latex/pdftex-def/pdftex.def
File: pdftex.def 2011/05/27 v0.06d Graphics/color for pdfTeX

(/usr/share/texlive/texmf-dist/tex/generic/oberdiek/infwarerr.sty
Package: infwarerr 2010/04/08 v1.3 Providing info/warning/error messages (HO)
)
(/usr/share/texlive/texmf-dist/tex/generic/oberdiek/ltxcmds.sty
Package: ltxcmds 2011/11/09 v1.22 LaTeX kernel commands for general use (HO)
)
\Gread@gobject=\count101
))
\Gin@req@height=\dimen115
\Gin@req@width=\dimen116
)
(/usr/share/texlive/texmf-dist/tex/latex/geometry/geometry.sty
Package: geometry 2010/09/12 v5.6 Page Geometry

(/usr/share/texlive/texmf-dist/tex/generic/oberdiek/ifpdf.sty
Package: ifpdf 2011/01/30 v2.3 Provides the ifpdf switch (HO)
Package ifpdf Info: pdfTeX in PDF mode is detected.
)
(/usr/share/texlive/texmf-dist/tex/generic/oberdiek/ifvtex.sty
Package: ifvtex 2010/03/01 v1.5 Detect VTeX and its facilities (HO)
Package ifvtex Info: VTeX not detected.
)
(/usr/share/texlive/texmf-dist/tex/generic/ifxetex/ifxetex.sty
Package: ifxetex 2010/09/12 v0.6 Provides ifxetex conditional
)
\Gm@cnth=\count102
\Gm@cntv=\count103
\c@Gm@tempcnt=\count104
\Gm@bindingoffset=\dimen117
\Gm@wd@mp=\dimen118
\Gm@odd@mp=\dimen119
\Gm@even@mp=\dimen120
\Gm@layoutwidth=\dimen121
\Gm@layoutheight=\dimen122
\Gm@layouthoffset=\dimen123
\Gm@layoutvoffset=\dimen124
\Gm@dimlist=\toks23
)
(/usr/share/texlive/texmf-dist/tex/latex/hyperref/hyperref.sty
Package: hyperref 2012/11/06 v6.83m Hypertext links for LaTeX

(/usr/share/texlive/texmf-dist/tex/generic/oberdiek/hobsub-hyperref.sty
Package: hobsub-hyperref 2012/05/28 v1.13 Bundle oberdiek, subset hyperref (HO)


(/usr/share/texlive/texmf-dist/tex/generic/oberdiek/hobsub-generic.sty
Package: hobsub-generic 2012/05/28 v1.13 Bundle oberdiek, subset generic (HO)
Package: hobsub 2012/05/28 v1.13 Construct package bundles (HO)
Package hobsub Info: Skipping package `infwarerr' (already loaded).
Package hobsub Info: Skipping package `ltxcmds' (already loaded).
Package: ifluatex 2010/03/01 v1.3 Provides the ifluatex switch (HO)
Package ifluatex Info: LuaTeX not detected.
Package hobsub Info: Skipping package `ifvtex' (already loaded).
Package: intcalc 2007/09/27 v1.1 Expandable calculations with integers (HO)
Package hobsub Info: Skipping package `ifpdf' (already loaded).
Package: etexcmds 2011/02/16 v1.5 Avoid name clashes with e-TeX commands (HO)
Package etexcmds Info: Could not find \expanded.
(etexcmds)             That can mean that you are not using pdfTeX 1.50 or
(etexcmds)             that some package has redefined \expanded.
(etexcmds)             In the latter case, load this package earlier.
Package: kvsetkeys 2012/04/25 v1.16 Key value parser (HO)
Package: kvdefinekeys 2011/04/07 v1.3 Define keys (HO)
Package: pdftexcmds 2011/11/29 v0.20 Utility functions of pdfTeX for LuaTeX (HO
)
Package pdftexcmds Info: LuaTeX not detected.
Package pdftexcmds Info: \pdf@primitive is available.
Package pdftexcmds Info: \pdf@ifprimitive is available.
Package pdftexcmds Info: \pdfdraftmode found.
Package: pdfescape 2011/11/25 v1.13 Implements pdfTeX's escape features (HO)
Package: bigintcalc 2012/04/08 v1.3 Expandable calculations on big integers (HO
)
Package: bitset 2011/01/30 v1.1 Handle bit-vector datatype (HO)
Package: uniquecounter 2011/01/30 v1.2 Provide unlimited unique counter (HO)
)
Package hobsub Info: Skipping package `hobsub' (already loaded).
Package: letltxmacro 2010/09/02 v1.4 Let assignment for LaTeX macros (HO)
Package: hopatch 2012/05/28 v1.2 Wrapper for package hooks (HO)
Package: xcolor-patch 2011/01/30 xcolor patch
Package: atveryend 2011/06/30 v1.8 Hooks at the very end of document (HO)
Package atveryend Info: \enddocument detected (standard20110627).
Package: atbegshi 2011/10/05 v1.16 At begin shipout hook (HO)
Package: refcount 2011/10/16 v3.4 Data extraction from label references (HO)
Package: hycolor 2011/01/30 v1.7 Color options for hyperref/bookmark (HO)
)
(/usr/share/texlive/texmf-dist/tex/latex/oberdiek/auxhook.sty
Package: auxhook 2011/03/04 v1.3 Hooks for auxiliary files (HO)
)
(/usr/share/texlive/texmf-dist/tex/latex/oberdiek/kvoptions.sty
Package: kvoptions 2011/06/30 v3.11 Key value format for package options (HO)
)
\@linkdim=\dimen125
\Hy@linkcounter=\count105
\Hy@pagecounter=\count106

(/usr/share/texlive/texmf-dist/tex/latex/hyperref/pd1enc.def
File: pd1enc.def 2012/11/06 v6.83m Hyperref: PDFDocEncoding definition (HO)
Now handling font encoding PD1 ...
... no UTF-8 mapping file for font encoding PD1
)
\Hy@SavedSpaceFactor=\count107

(/usr/share/texlive/texmf-dist/tex/latex/latexconfig/hyperref.cfg
File: hyperref.cfg 2002/06/06 v1.2 hyperref configuration of TeXLive
)
Package hyperref Info: Option `colorlinks' set `true' on input line 4319.
Package hyperref Info: Hyper figures OFF on input line 4443.
Package hyperref Info: Link nesting OFF on input line 4448.
Package hyperref Info: Hyper index ON on input line 4451.
Package hyperref Info: Plain pages OFF on input line 4458.
Package hyperref Info: Backreferencing OFF on input line 4463.
Package hyperref Info: Implicit mode ON; LaTeX internals redefined.
Package hyperref Info: Bookmarks ON on input line 4688.
\c@Hy@tempcnt=\count108

(/usr/share/texlive/texmf-dist/tex/latex/url/url.sty
\Urlmuskip=\muskip11
Package: url 2013/09/16  ver 3.4  Verb mode for urls, etc.
)
LaTeX Info: Redefining \url on input line 5041.
\XeTeXLinkMargin=\dimen126
\Fld@menulength=\count109
\Field@Width=\dimen127
\Fld@charsize=\dimen128
Package hyperref Info: Hyper figures OFF on input line 6295.
Package hyperref Info: Link nesting OFF on input line 6300.
Package hyperref Info: Hyper index ON on input line 6303.
Package hyperref Info: backreferencing OFF on input line 6310.
Package hyperref Info: Link coloring ON on input line 6313.
Package hyperref Info: Link coloring with OCG OFF on input line 6320.
Package hyperref Info: PDF/A mode OFF on input line 6325.
LaTeX Info: Redefining \ref on input line 6365.
LaTeX Info: Redefining \pageref on input line 6369.
\Hy@abspage=\count110
\c@Item=\count111
\c@Hfootnote=\count112
)

Package hyperref Message: Driver (autodetected): hpdftex.

(/usr/share/texlive/texmf-dist/tex/latex/hyperref/hpdftex.def
File: hpdftex.def 2012/11/06 v6.83m Hyperref driver for pdfTeX
\Fld@listcount=\count113
\c@bookmark@seq@number=\count114

(/usr/share/texlive/texmf-dist/tex/latex/oberdiek/rerunfilecheck.sty
Package: rerunfilecheck 2011/04/15 v1.7 Rerun checks for auxiliary files (HO)
Package uniquecounter Info: New unique counter `rerunfilecheck' on input line 2
82.
)
\Hy@SectionHShift=\skip48
)
(/usr/share/texlive/texmf-dist/tex/latex/tocbibind/tocbibind.sty
Package: tocbibind 2010/10/13 v1.5k extra ToC listings
Package tocbibind Info: The document has chapter divisions on input line 50.


Package tocbibind Note: Using chapter style headings, unless overridden.

) (/usr/share/texlive/texmf-dist/tex/latex/graphics/color.sty
Package: color 2005/11/14 v1.0j Standard LaTeX Color (DPC)

(/usr/share/texlive/texmf-dist/tex/latex/latexconfig/color.cfg
File: color.cfg 2007/01/18 v1.5 color configuration of teTeX/TeXLive
)
Package color Info: Driver file: pdftex.def on input line 130.
)
(/usr/share/texlive/texmf-dist/tex/latex/oberdiek/epstopdf.sty
Package: epstopdf 2010/02/09 v2.5 Conversion with epstopdf on the fly (HO)

(/usr/share/texlive/texmf-dist/tex/latex/oberdiek/epstopdf-base.sty
Package: epstopdf-base 2010/02/09 v2.5 Base part for package epstopdf

(/usr/share/texlive/texmf-dist/tex/latex/oberdiek/grfext.sty
Package: grfext 2010/08/19 v1.1 Manage graphics extensions (HO)
)
Package grfext Info: Graphics extension search list:
(grfext)             [.png,.pdf,.jpg,.mps,.jpeg,.jbig2,.jb2,.PNG,.PDF,.JPG,.JPE
G,.JBIG2,.JB2,.eps]
(grfext)             \AppendGraphicsExtensions on input line 452.

(/usr/share/texlive/texmf-dist/tex/latex/latexconfig/epstopdf-sys.cfg
File: epstopdf-sys.cfg 2010/07/13 v1.3 Configuration of (r)epstopdf for TeX Liv
e
)))
(/usr/share/texmf/tex/latex/xcolor/xcolor.sty
Package: xcolor 2007/01/21 v2.11 LaTeX color extensions (UK)

(/usr/share/texlive/texmf-dist/tex/latex/latexconfig/color.cfg
File: color.cfg 2007/01/18 v1.5 color configuration of teTeX/TeXLive
)
Package xcolor Info: Driver file: pdftex.def on input line 225.
LaTeX Info: Redefining \color on input line 702.
Package xcolor Info: Model `cmy' substituted by `cmy0' on input line 1337.
Package xcolor Info: Model `hsb' substituted by `rgb' on input line 1341.
Package xcolor Info: Model `RGB' extended on input line 1353.
Package xcolor Info: Model `HTML' substituted by `rgb' on input line 1355.
Package xcolor Info: Model `Hsb' substituted by `hsb' on input line 1356.
Package xcolor Info: Model `tHsb' substituted by `hsb' on input line 1357.
Package xcolor Info: Model `HSB' substituted by `hsb' on input line 1358.
Package xcolor Info: Model `Gray' substituted by `gray' on input line 1359.
Package xcolor Info: Model `wave' substituted by `hsb' on input line 1360.
)
(/usr/share/texlive/texmf-dist/tex/latex/biblatex/biblatex.sty
Package: biblatex 2013/11/25 v2.8a programmable bibliographies (PK/JW/AB)

(/usr/share/texlive/texmf-dist/tex/latex/biblatex/biblatex2.sty
Package: biblatex2 2013/11/25 v2.8a programmable bibliographies (biber) (PK/JW/
AB)

(/usr/share/texlive/texmf-dist/tex/latex/etoolbox/etoolbox.sty
Package: etoolbox 2011/01/03 v2.1 e-TeX tools for LaTeX

(/usr/share/texlive/texmf-dist/tex/latex/etex-pkg/etex.sty
Package: etex 1998/03/26 v2.0 eTeX basic definition package (PEB)
\et@xins=\count115
)
\etb@tempcnta=\count116
)
(/usr/share/texlive/texmf-dist/tex/latex/logreq/logreq.sty
Package: logreq 2010/08/04 v1.0 xml request logger
\lrq@indent=\count117

(/usr/share/texlive/texmf-dist/tex/latex/logreq/logreq.def
File: logreq.def 2010/08/04 v1.0 logreq spec v1.0
))
(/usr/share/texlive/texmf-dist/tex/latex/base/ifthen.sty
Package: ifthen 2001/05/26 v1.1c Standard LaTeX ifthen package (DPC)
)
\c@tabx@nest=\count118
\c@listtotal=\count119
\c@listcount=\count120
\c@liststart=\count121
\c@liststop=\count122
\c@citecount=\count123
\c@citetotal=\count124
\c@multicitecount=\count125
\c@multicitetotal=\count126
\c@instcount=\count127
\c@maxnames=\count128
\c@minnames=\count129
\c@maxitems=\count130
\c@minitems=\count131
\c@citecounter=\count132
\c@savedcitecounter=\count133
\c@uniquelist=\count134
\c@uniquename=\count135
\c@refsection=\count136
\c@refsegment=\count137
\c@maxextratitle=\count138
\c@maxextratitleyear=\count139
\c@maxextrayear=\count140
\c@maxextraalpha=\count141
\c@abbrvpenalty=\count142
\c@highnamepenalty=\count143
\c@lownamepenalty=\count144
\c@maxparens=\count145
\c@parenlevel=\count146
\blx@tempcnta=\count147
\blx@tempcntb=\count148
\blx@tempcntc=\count149
\blx@maxsection=\count150
\blx@maxsegment@0=\count151
\blx@notetype=\count152
\blx@parenlevel@text=\count153
\blx@parenlevel@foot=\count154
\blx@sectionciteorder@0=\count155
\labelnumberwidth=\skip49
\labelalphawidth=\skip50
\shorthandwidth=\skip51
\biblabelsep=\skip52
\bibitemsep=\skip53
\bibnamesep=\skip54
\bibinitsep=\skip55
\bibparsep=\skip56
\bibhang=\skip57
\blx@bcfin=\read1
\blx@bcfout=\write3
\c@mincomprange=\count156
\c@maxcomprange=\count157
\c@mincompwidth=\count158
Package biblatex Info: Trying to load biblatex default data model...
Package biblatex Info: ... file 'blx-dm.def' found.

(/usr/share/texlive/texmf-dist/tex/latex/biblatex/blx-dm.def)
Package biblatex Info: Trying to load biblatex style data model...
Package biblatex Info: ... file 'phys.dbx' not found.
Package biblatex Info: Trying to load biblatex custom data model...
Package biblatex Info: ... file 'biblatex-dm.cfg' not found.
\c@afterword=\count159
\c@savedafterword=\count160
\c@annotator=\count161
\c@savedannotator=\count162
\c@author=\count163
\c@savedauthor=\count164
\c@bookauthor=\count165
\c@savedbookauthor=\count166
\c@commentator=\count167
\c@savedcommentator=\count168
\c@editor=\count169
\c@savededitor=\count170
\c@editora=\count171
\c@savededitora=\count172
\c@editorb=\count173
\c@savededitorb=\count174
\c@editorc=\count175
\c@savededitorc=\count176
\c@foreword=\count177
\c@savedforeword=\count178
\c@holder=\count179
\c@savedholder=\count180
\c@introduction=\count181
\c@savedintroduction=\count182
\c@namea=\count183
\c@savednamea=\count184
\c@nameb=\count185
\c@savednameb=\count186
\c@namec=\count187
\c@savednamec=\count188
\c@shortauthor=\count189
\c@savedshortauthor=\count190
\c@shorteditor=\count191
\c@savedshorteditor=\count192
\c@translator=\count193
\c@savedtranslator=\count194
\c@labelname=\count195
\c@savedlabelname=\count196
\c@institution=\count197
\c@savedinstitution=\count198
\c@lista=\count199
\c@savedlista=\count200
\c@listb=\count201
\c@savedlistb=\count202
\c@listc=\count203
\c@savedlistc=\count204
\c@listd=\count205
\c@savedlistd=\count206
\c@liste=\count207
\c@savedliste=\count208
\c@listf=\count209
\c@savedlistf=\count210
\c@location=\count211
\c@savedlocation=\count212
\c@organization=\count213
\c@savedorganization=\count214
\c@origlocation=\count215
\c@savedoriglocation=\count216
\c@origpublisher=\count217
\c@savedorigpublisher=\count218
\c@publisher=\count219
\c@savedpublisher=\count220
\c@language=\count221
\c@savedlanguage=\count222
\c@pageref=\count223
\c@savedpageref=\count224
Package biblatex Info: Trying to load compatibility code...
Package biblatex Info: ... file 'blx-compat.def' found.

(/usr/share/texlive/texmf-dist/tex/latex/biblatex/blx-compat.def
File: blx-compat.def 2013/11/25 v2.8a biblatex compatibility (PK/JW/AB)
)
Package biblatex Info: Trying to load generic definitions...
Package biblatex Info: ... file 'biblatex.def' found.

(/usr/share/texlive/texmf-dist/tex/latex/biblatex/biblatex.def
File: biblatex.def 
\c@textcitecount=\count225
\c@textcitetotal=\count226
\c@textcitemaxnames=\count227
\c@biburlnumpenalty=\count228
\c@biburlucpenalty=\count229
\c@biburllcpenalty=\count230
\c@smartand=\count231
)
Package biblatex Info: Trying to load bibliography style 'phys'...
Package biblatex Info: ... file 'phys.bbx' found.

(/usr/share/texlive/texmf-dist/tex/latex/biblatex-phys/phys.bbx
File: phys.bbx 2013/02/15 v0.9e biblatex bibliography style
Package biblatex Info: Trying to load bibliography style 'numeric-comp'...
Package biblatex Info: ... file 'numeric-comp.bbx' found.

(/usr/share/texlive/texmf-dist/tex/latex/biblatex/bbx/numeric-comp.bbx
File: numeric-comp.bbx 2013/11/25 v2.8a biblatex bibliography style (PK/JW/AB)
Package biblatex Info: Trying to load bibliography style 'numeric'...
Package biblatex Info: ... file 'numeric.bbx' found.

(/usr/share/texlive/texmf-dist/tex/latex/biblatex/bbx/numeric.bbx
File: numeric.bbx 2013/11/25 v2.8a biblatex bibliography style (PK/JW/AB)
Package biblatex Info: Trying to load bibliography style 'standard'...
Package biblatex Info: ... file 'standard.bbx' found.

(/usr/share/texlive/texmf-dist/tex/latex/biblatex/bbx/standard.bbx
File: standard.bbx 2013/11/25 v2.8a biblatex bibliography style (PK/JW/AB)
\c@bbx:relatedcount=\count232
\c@bbx:relatedtotal=\count233
))))
Package biblatex Info: Trying to load citation style 'phys'...
Package biblatex Info: ... file 'phys.cbx' found.

(/usr/share/texlive/texmf-dist/tex/latex/biblatex-phys/phys.cbx
File: phys.cbx 2013/02/15 v0.9e biblatex citation style
Package biblatex Info: Trying to load citation style 'numeric-comp'...
Package biblatex Info: ... file 'numeric-comp.cbx' found.

(/usr/share/texlive/texmf-dist/tex/latex/biblatex/cbx/numeric-comp.cbx
File: numeric-comp.cbx 2013/11/25 v2.8a biblatex citation style (PK/JW/AB)
Normal \count register pool exhausted, switching to extended pool.
\c@cbx@tempcnta=\count277
\c@cbx@tempcntb=\count278
Package biblatex Info: Redefining '\cite'.
Package biblatex Info: Redefining '\parencite'.
Package biblatex Info: Redefining '\footcite'.
Package biblatex Info: Redefining '\footcitetext'.
Package biblatex Info: Redefining '\smartcite'.
Package biblatex Info: Redefining '\supercite'.
Package biblatex Info: Redefining '\textcite'.
Package biblatex Info: Redefining '\textcites'.
Package biblatex Info: Redefining '\cites'.
Package biblatex Info: Redefining '\parencites'.
Package biblatex Info: Redefining '\smartcites'.
))
Package biblatex Info: Trying to load configuration file...
Package biblatex Info: ... file 'biblatex.cfg' found.

(/usr/share/texlive/texmf-dist/tex/latex/biblatex/biblatex.cfg
File: biblatex.cfg 
)))
(/usr/share/texlive/texmf-dist/tex/latex/rotating/rotating.sty
Package: rotating 2009/03/28 v2.16a rotated objects in LaTeX
\c@r@tfl@t=\count279
\rotFPtop=\skip58
\rotFPbot=\skip59
\rot@float@box=\box28
\rot@mess@toks=\toks24
)
Package biblatex Info: Trying to load language 'english'...
Package biblatex Info: ... file 'english.lbx' found.

(/usr/share/texlive/texmf-dist/tex/latex/biblatex/lbx/english.lbx
File: english.lbx 2013/11/25 v2.8a biblatex localization (PK/JW/AB)
)

Package biblatex Warning: 'babel/polyglossia' detected but 'csquotes' missing.
(biblatex)                Loading 'csquotes' recommended.

\@quotelevel=\count280
\@quotereset=\count281
(./Thesis.aux

LaTeX Warning: Label `BandStruct' multiply defined.


LaTeX Warning: Label `AutocorPwMod' multiply defined.

)
\openout1 = `Thesis.aux'.

LaTeX Font Info:    Checking defaults for OML/cmm/m/it on input line 25.
LaTeX Font Info:    ... okay on input line 25.
LaTeX Font Info:    Checking defaults for T1/cmr/m/n on input line 25.
LaTeX Font Info:    ... okay on input line 25.
LaTeX Font Info:    Checking defaults for OT1/cmr/m/n on input line 25.
LaTeX Font Info:    ... okay on input line 25.
LaTeX Font Info:    Checking defaults for OMS/cmsy/m/n on input line 25.
LaTeX Font Info:    ... okay on input line 25.
LaTeX Font Info:    Checking defaults for OMX/cmex/m/n on input line 25.
LaTeX Font Info:    ... okay on input line 25.
LaTeX Font Info:    Checking defaults for U/cmr/m/n on input line 25.
LaTeX Font Info:    ... okay on input line 25.
LaTeX Font Info:    Checking defaults for PD1/pdf/m/n on input line 25.
LaTeX Font Info:    ... okay on input line 25.
 (/usr/share/texlive/texmf-dist/tex/context/base/supp-pdf.mkii
[Loading MPS to PDF converter (version 2006.09.02).]
\scratchcounter=\count282
\scratchdimen=\dimen129
\scratchbox=\box29
\nofMPsegments=\count283
\nofMParguments=\count284
\everyMPshowfont=\toks25
\MPscratchCnt=\count285
\MPscratchDim=\dimen130
\MPnumerator=\count286
\makeMPintoPDFobject=\count287
\everyMPtoPDFconversion=\toks26
)
*geometry* driver: auto-detecting
*geometry* detected driver: pdftex
*geometry* verbose mode - [ preamble ] result:
* driver: pdftex
* paper: a4paper
* layout: <same size as paper>
* layoutoffset:(h,v)=(0.0pt,0.0pt)
* modes: 
* h-part:(L,W,R)=(89.62709pt, 418.25368pt, 89.6271pt)
* v-part:(T,H,B)=(101.40665pt, 591.5302pt, 152.11pt)
* \paperwidth=597.50787pt
* \paperheight=845.04684pt
* \textwidth=418.25368pt
* \textheight=591.5302pt
* \oddsidemargin=17.3571pt
* \evensidemargin=17.3571pt
* \topmargin=-7.86334pt
* \headheight=12.0pt
* \headsep=25.0pt
* \topskip=12.0pt
* \footskip=30.0pt
* \marginparwidth=35.0pt
* \marginparsep=10.0pt
* \columnsep=10.0pt
* \skip\footins=10.8pt plus 4.0pt minus 2.0pt
* \hoffset=0.0pt
* \voffset=0.0pt
* \mag=1000
* \@twocolumnfalse
* \@twosidefalse
* \@mparswitchfalse
* \@reversemarginfalse
* (1in=72.27pt=25.4mm, 1cm=28.453pt)

\AtBeginShipoutBox=\box30
Package hyperref Info: Link coloring ON on input line 25.
(/usr/share/texlive/texmf-dist/tex/latex/hyperref/nameref.sty
Package: nameref 2012/10/27 v2.43 Cross-referencing by name of section

(/usr/share/texlive/texmf-dist/tex/generic/oberdiek/gettitlestring.sty
Package: gettitlestring 2010/12/03 v1.4 Cleanup title references (HO)
)
\c@section@level=\count288
)
LaTeX Info: Redefining \ref on input line 25.
LaTeX Info: Redefining \pageref on input line 25.
LaTeX Info: Redefining \nameref on input line 25.

(./Thesis.out) (./Thesis.out)
\@outlinefile=\write4
\openout4 = `Thesis.out'.

Package biblatex Info: Input encoding 'utf8' detected.
Package biblatex Info: Automatic encoding selection.
(biblatex)             Assuming data encoding 'utf8'.
\openout3 = `Thesis.bcf'.

Package biblatex Info: Trying to load bibliographic data...
Package biblatex Info: ... file 'Thesis.bbl' found.
 (./Thesis.bbl

Package biblatex Warning: The following entry could not be found
(biblatex)                in the database:
(biblatex)                ??
(biblatex)                Please verify the spelling and rerun
(biblatex)                LaTeX afterwards.

)
Package biblatex Info: Reference section=0 on input line 25.
Package biblatex Info: Reference segment=0 on input line 25.

Chapter I.
<01-QD/Pictures/ZincBlende-Wikipedia.png, id=210, 661.47125pt x 602.25pt>
File: 01-QD/Pictures/ZincBlende-Wikipedia.png Graphic file (type png)

<use 01-QD/Pictures/ZincBlende-Wikipedia.png>
Package pdftex.def Info: 01-QD/Pictures/ZincBlende-Wikipedia.png used on input 
line 37.
(pdftex.def)             Requested size: 284.52756pt x 259.04515pt.


LaTeX Warning: `!h' float specifier changed to `!ht'.

[1


{/var/lib/texmf/fonts/map/pdftex/updmap/pdftex.map}]
<FillingPicture.png, id=226, 650.43pt x 406.51875pt>
File: FillingPicture.png Graphic file (type png)
 <use FillingPicture.png>
Package pdftex.def Info: FillingPicture.png used on input line 51.
(pdftex.def)             Requested size: 284.52756pt x 177.8329pt.


LaTeX Warning: `!h' float specifier changed to `!ht'.

[2 <./01-QD/Pictures/ZincBlende-Wikipedia.png>] [3 <./FillingPicture.png>]
[4] [5] [6] [7]
File: FillingPicture.png Graphic file (type png)
 <use FillingPicture.png>
Package pdftex.def Info: FillingPicture.png used on input line 260.
(pdftex.def)             Requested size: 284.52756pt x 177.8329pt.


LaTeX Warning: `!h' float specifier changed to `!ht'.

[8] [9] [10] [11]
LaTeX Font Info:    Try loading font information for OMS+cmr on input line 355.

 (/usr/share/texlive/texmf-dist/tex/latex/base/omscmr.fd
File: omscmr.fd 1999/05/25 v2.5h Standard LaTeX font definitions
)
LaTeX Font Info:    Font shape `OMS/cmr/m/n' in size <12> not available
(Font)              Font shape `OMS/cmsy/m/n' tried instead on input line 355.

[12] [13] [14] [15]
Overfull \hbox (5.97437pt too wide) in paragraph at lines 397--397
[]\T1/cmr/bx/n/17.28 Fine and hy-per-fine struc-ture of a mag-netic atom
 []

File: FillingPicture.png Graphic file (type png)
<use FillingPicture.png>
Package pdftex.def Info: FillingPicture.png used on input line 405.
(pdftex.def)             Requested size: 284.52756pt x 177.8329pt.


LaTeX Warning: `!h' float specifier changed to `!ht'.

File: FillingPicture.png Graphic file (type png)
<use FillingPicture.png>
Package pdftex.def Info: FillingPicture.png used on input line 415.
(pdftex.def)             Requested size: 284.52756pt x 177.8329pt.


LaTeX Warning: `!h' float specifier changed to `!ht'.

[16]
File: FillingPicture.png Graphic file (type png)
 <use FillingPicture.png>
Package pdftex.def Info: FillingPicture.png used on input line 427.
(pdftex.def)             Requested size: 284.52756pt x 177.8329pt.
 [17]
File: FillingPicture.png Graphic file (type png)
 <use FillingPicture.png>
Package pdftex.def Info: FillingPicture.png used on input line 437.
(pdftex.def)             Requested size: 284.52756pt x 177.8329pt.


LaTeX Warning: `!h' float specifier changed to `!ht'.

File: FillingPicture.png Graphic file (type png)
<use FillingPicture.png>
Package pdftex.def Info: FillingPicture.png used on input line 445.
(pdftex.def)             Requested size: 284.52756pt x 177.8329pt.


LaTeX Warning: `!h' float specifier changed to `!ht'.

File: FillingPicture.png Graphic file (type png)
<use FillingPicture.png>
Package pdftex.def Info: FillingPicture.png used on input line 455.
(pdftex.def)             Requested size: 284.52756pt x 177.8329pt.


LaTeX Warning: `!h' float specifier changed to `!ht'.

File: FillingPicture.png Graphic file (type png)
<use FillingPicture.png>
Package pdftex.def Info: FillingPicture.png used on input line 463.
(pdftex.def)             Requested size: 284.52756pt x 177.8329pt.


LaTeX Warning: `!h' float specifier changed to `!ht'.

[18] [19]
File: FillingPicture.png Graphic file (type png)
 <use FillingPicture.png>
Package pdftex.def Info: FillingPicture.png used on input line 476.
(pdftex.def)             Requested size: 284.52756pt x 177.8329pt.


LaTeX Warning: `!h' float specifier changed to `!ht'.

[20]
File: FillingPicture.png Graphic file (type png)
 <use FillingPicture.png>
Package pdftex.def Info: FillingPicture.png used on input line 486.
(pdftex.def)             Requested size: 284.52756pt x 177.8329pt.
 [21]
Chapter II.
<02-GrowthQDs/Pictures/MBE.png, id=414, 635.37375pt x 555.07375pt>
File: 02-GrowthQDs/Pictures/MBE.png Graphic file (type png)

<use 02-GrowthQDs/Pictures/MBE.png>
Package pdftex.def Info: 02-GrowthQDs/Pictures/MBE.png used on input line 505.
(pdftex.def)             Requested size: 284.52756pt x 248.57817pt.


LaTeX Warning: `!h' float specifier changed to `!ht'.


Underfull \hbox (badness 10000) in paragraph at lines 515--517

 []

[22

] [23 <./02-GrowthQDs/Pictures/MBE.png>]
Package epstopdf Info: Source file: <02-GrowthQDs/Pictures/SFDRheed.eps>
(epstopdf)                    date: 2017-04-19 20:42:10
(epstopdf)                    size: 487181 bytes
(epstopdf)             Output file: <02-GrowthQDs/Pictures/SFDRheed-eps-convert
ed-to.pdf>
(epstopdf)                    date: 2017-04-19 20:42:10
(epstopdf)                    size: 119271 bytes
(epstopdf)             Command: <repstopdf --outfile=02-GrowthQDs/Pictures/SFDR
heed-eps-converted-to.pdf 02-GrowthQDs/Pictures/SFDRheed.eps>
(epstopdf)             \includegraphics on input line 528.
Package epstopdf Info: Output file is already uptodate.

<02-GrowthQDs/Pictures/SFDRheed-eps-converted-to.pdf, id=434, 796.9775pt x 414.
54875pt>
File: 02-GrowthQDs/Pictures/SFDRheed-eps-converted-to.pdf Graphic file (type pd
f)
 <use 02-GrowthQDs/Pictures/SFDRheed-eps-converted-to.pdf>
Package pdftex.def Info: 02-GrowthQDs/Pictures/SFDRheed-eps-converted-to.pdf us
ed on input line 528.
(pdftex.def)             Requested size: 398.33858pt x 207.19795pt.


LaTeX Warning: `!h' float specifier changed to `!ht'.

Package epstopdf Info: Source file: <02-GrowthQDs/Pictures/MBEFull.eps>
(epstopdf)                    date: 2017-04-19 20:42:11
(epstopdf)                    size: 5680176 bytes
(epstopdf)             Output file: <02-GrowthQDs/Pictures/MBEFull-eps-converte
d-to.pdf>
(epstopdf)                    date: 2017-04-20 00:37:27
(epstopdf)                    size: 418860 bytes
(epstopdf)             Command: <repstopdf --outfile=02-GrowthQDs/Pictures/MBEF
ull-eps-converted-to.pdf 02-GrowthQDs/Pictures/MBEFull.eps>
(epstopdf)             \includegraphics on input line 542.
Package epstopdf Info: Output file is already uptodate.

<02-GrowthQDs/Pictures/MBEFull-eps-converted-to.pdf, id=435, 722.7pt x 483.8075
pt>
File: 02-GrowthQDs/Pictures/MBEFull-eps-converted-to.pdf Graphic file (type pdf
)
 <use 02-GrowthQDs/Pictures/MBEFull-eps-converted-to.pdf>
Package pdftex.def Info: 02-GrowthQDs/Pictures/MBEFull-eps-converted-to.pdf use
d on input line 542.
(pdftex.def)             Requested size: 398.33858pt x 266.66338pt.


LaTeX Warning: `!h' float specifier changed to `!ht'.

[24] [25 <./02-GrowthQDs/Pictures/SFDRheed-eps-converted-to.pdf>] [26 <./02-Gro
wthQDs/Pictures/MBEFull-eps-converted-to.pdf>]
Package epstopdf Info: Source file: <02-GrowthQDs/Pictures/RHEEDStep.eps>
(epstopdf)                    date: 2017-04-19 20:42:10
(epstopdf)                    size: 2726712 bytes
(epstopdf)             Output file: <02-GrowthQDs/Pictures/RHEEDStep-eps-conver
ted-to.pdf>
(epstopdf)                    date: 2017-04-19 20:42:10
(epstopdf)                    size: 844206 bytes
(epstopdf)             Command: <repstopdf --outfile=02-GrowthQDs/Pictures/RHEE
DStep-eps-converted-to.pdf 02-GrowthQDs/Pictures/RHEEDStep.eps>
(epstopdf)             \includegraphics on input line 591.
Package epstopdf Info: Output file is already uptodate.

<02-GrowthQDs/Pictures/RHEEDStep-eps-converted-to.pdf, id=467, 680.5425pt x 416
.55624pt>
File: 02-GrowthQDs/Pictures/RHEEDStep-eps-converted-to.pdf Graphic file (type p
df)
 <use 02-GrowthQDs/Pictures/RHEEDStep-eps-converted-to.pdf>
Package pdftex.def Info: 02-GrowthQDs/Pictures/RHEEDStep-eps-converted-to.pdf u
sed on input line 591.
(pdftex.def)             Requested size: 398.33858pt x 243.82108pt.


LaTeX Warning: `!h' float specifier changed to `!ht'.

[27]
Package epstopdf Info: Source file: <02-GrowthQDs/Pictures/RecipeSK.eps>
(epstopdf)                    date: 2017-04-19 20:42:10
(epstopdf)                    size: 45290 bytes
(epstopdf)             Output file: <02-GrowthQDs/Pictures/RecipeSK-eps-convert
ed-to.pdf>
(epstopdf)                    date: 2017-04-19 20:42:10
(epstopdf)                    size: 26801 bytes
(epstopdf)             Command: <repstopdf --outfile=02-GrowthQDs/Pictures/Reci
peSK-eps-converted-to.pdf 02-GrowthQDs/Pictures/RecipeSK.eps>
(epstopdf)             \includegraphics on input line 605.
Package epstopdf Info: Output file is already uptodate.

<02-GrowthQDs/Pictures/RecipeSK-eps-converted-to.pdf, id=478, 1052.93375pt x 59
7.23125pt>
File: 02-GrowthQDs/Pictures/RecipeSK-eps-converted-to.pdf Graphic file (type pd
f)
 <use 02-GrowthQDs/Pictures/RecipeSK-eps-converted-to.pdf>
Package pdftex.def Info: 02-GrowthQDs/Pictures/RecipeSK-eps-converted-to.pdf us
ed on input line 605.
(pdftex.def)             Requested size: 398.33858pt x 225.93867pt.


LaTeX Warning: `!h' float specifier changed to `!ht'.

[28 <./02-GrowthQDs/Pictures/RHEEDStep-eps-converted-to.pdf>] [29 <./02-GrowthQ
Ds/Pictures/RecipeSK-eps-converted-to.pdf>]
Package epstopdf Info: Source file: <02-GrowthQDs/Pictures/HybridSubstrate.eps>

(epstopdf)                    date: 2017-04-19 20:42:10
(epstopdf)                    size: 3178559 bytes
(epstopdf)             Output file: <02-GrowthQDs/Pictures/HybridSubstrate-eps-
converted-to.pdf>
(epstopdf)                    date: 2017-04-19 20:42:10
(epstopdf)                    size: 644081 bytes
(epstopdf)             Command: <repstopdf --outfile=02-GrowthQDs/Pictures/Hybr
idSubstrate-eps-converted-to.pdf 02-GrowthQDs/Pictures/HybridSubstrate.eps>
(epstopdf)             \includegraphics on input line 626.
Package epstopdf Info: Output file is already uptodate.

<02-GrowthQDs/Pictures/HybridSubstrate-eps-converted-to.pdf, id=512, 899.36pt x
 416.55624pt>
File: 02-GrowthQDs/Pictures/HybridSubstrate-eps-converted-to.pdf Graphic file (
type pdf)
 <use 02-GrowthQDs/Pictures/HybridSubstrate-eps-converted-to.pdf>
Package pdftex.def Info: 02-GrowthQDs/Pictures/HybridSubstrate-eps-converted-to
.pdf used on input line 626.
(pdftex.def)             Requested size: 398.33858pt x 184.49933pt.

[30 <./02-GrowthQDs/Pictures/HybridSubstrate-eps-converted-to.pdf>] [31]
Package epstopdf Info: Source file: <02-GrowthQDs/Pictures/RecipeSFD.eps>
(epstopdf)                    date: 2017-04-19 20:42:10
(epstopdf)                    size: 44106 bytes
(epstopdf)             Output file: <02-GrowthQDs/Pictures/RecipeSFD-eps-conver
ted-to.pdf>
(epstopdf)                    date: 2017-04-19 20:42:10
(epstopdf)                    size: 26079 bytes
(epstopdf)             Command: <repstopdf --outfile=02-GrowthQDs/Pictures/Reci
peSFD-eps-converted-to.pdf 02-GrowthQDs/Pictures/RecipeSFD.eps>
(epstopdf)             \includegraphics on input line 666.
Package epstopdf Info: Output file is already uptodate.

<02-GrowthQDs/Pictures/RecipeSFD-eps-converted-to.pdf, id=541, 1052.93375pt x 5
97.23125pt>
File: 02-GrowthQDs/Pictures/RecipeSFD-eps-converted-to.pdf Graphic file (type p
df)
 <use 02-GrowthQDs/Pictures/RecipeSFD-eps-converted-to.pdf>
Package pdftex.def Info: 02-GrowthQDs/Pictures/RecipeSFD-eps-converted-to.pdf u
sed on input line 666.
(pdftex.def)             Requested size: 398.33858pt x 225.93867pt.
 [32 <./02-GrowthQDs/Pictures/RecipeSFD-eps-converted-to.pdf>] [33]
Chapter III.
File: FillingPicture.png Graphic file (type png)
<use FillingPicture.png>
Package pdftex.def Info: FillingPicture.png used on input line 691.
(pdftex.def)             Requested size: 284.52756pt x 177.8329pt.


LaTeX Warning: `!h' float specifier changed to `!ht'.

[34

]
File: FillingPicture.png Graphic file (type png)
 <use FillingPicture.png>
Package pdftex.def Info: FillingPicture.png used on input line 701.
(pdftex.def)             Requested size: 284.52756pt x 177.8329pt.
File: FillingPicture.png Graphic file (type png)
 <use FillingPicture.png>
Package pdftex.def Info: FillingPicture.png used on input line 713.
(pdftex.def)             Requested size: 284.52756pt x 177.8329pt.


LaTeX Warning: `!h' float specifier changed to `!ht'.

[35]
File: FillingPicture.png Graphic file (type png)
 <use FillingPicture.png>
Package pdftex.def Info: FillingPicture.png used on input line 723.
(pdftex.def)             Requested size: 284.52756pt x 177.8329pt.


LaTeX Warning: `!h' float specifier changed to `!ht'.

File: FillingPicture.png Graphic file (type png)
<use FillingPicture.png>
Package pdftex.def Info: FillingPicture.png used on input line 733.
(pdftex.def)             Requested size: 284.52756pt x 177.8329pt.


LaTeX Warning: `!h' float specifier changed to `!ht'.

[36] [37]
File: FillingPicture.png Graphic file (type png)
 <use FillingPicture.png>
Package pdftex.def Info: FillingPicture.png used on input line 743.
(pdftex.def)             Requested size: 284.52756pt x 177.8329pt.


Package hyperref Warning: Token not allowed in a PDF string (PDFDocEncoding):
(hyperref)                removing `math shift' on input line 749.


Package hyperref Warning: Token not allowed in a PDF string (PDFDocEncoding):
(hyperref)                removing `\lambda' on input line 749.


Package hyperref Warning: Token not allowed in a PDF string (PDFDocEncoding):
(hyperref)                removing `math shift' on input line 749.

File: FillingPicture.png Graphic file (type png)
<use FillingPicture.png>
Package pdftex.def Info: FillingPicture.png used on input line 755.
(pdftex.def)             Requested size: 284.52756pt x 177.8329pt.


LaTeX Warning: `!h' float specifier changed to `!ht'.

[38]
File: FillingPicture.png Graphic file (type png)
 <use FillingPicture.png>
Package pdftex.def Info: FillingPicture.png used on input line 765.
(pdftex.def)             Requested size: 284.52756pt x 177.8329pt.


Package hyperref Warning: Token not allowed in a PDF string (PDFDocEncoding):
(hyperref)                removing `math shift' on input line 776.


Package hyperref Warning: Token not allowed in a PDF string (PDFDocEncoding):
(hyperref)                removing `\lambda' on input line 776.


Package hyperref Warning: Token not allowed in a PDF string (PDFDocEncoding):
(hyperref)                removing `math shift' on input line 776.

[39]
File: FillingPicture.png Graphic file (type png)
 <use FillingPicture.png>
Package pdftex.def Info: FillingPicture.png used on input line 782.
(pdftex.def)             Requested size: 284.52756pt x 177.8329pt.
File: FillingPicture.png Graphic file (type png)
 <use FillingPicture.png>
Package pdftex.def Info: FillingPicture.png used on input line 792.
(pdftex.def)             Requested size: 284.52756pt x 177.8329pt.


LaTeX Warning: `!h' float specifier changed to `!ht'.

[40]
File: FillingPicture.png Graphic file (type png)
 <use FillingPicture.png>
Package pdftex.def Info: FillingPicture.png used on input line 802.
(pdftex.def)             Requested size: 284.52756pt x 177.8329pt.
 [41]
File: FillingPicture.png Graphic file (type png)
 <use FillingPicture.png>
Package pdftex.def Info: FillingPicture.png used on input line 816.
(pdftex.def)             Requested size: 284.52756pt x 177.8329pt.
 [42]
File: FillingPicture.png Graphic file (type png)

<use FillingPicture.png>
Package pdftex.def Info: FillingPicture.png used on input line 826.
(pdftex.def)             Requested size: 284.52756pt x 177.8329pt.
File: FillingPicture.png Graphic file (type png)
 <use FillingPicture.png>
Package pdftex.def Info: FillingPicture.png used on input line 836.
(pdftex.def)             Requested size: 284.52756pt x 177.8329pt.


LaTeX Warning: `!h' float specifier changed to `!ht'.

[43]
File: FillingPicture.png Graphic file (type png)
 <use FillingPicture.png>
Package pdftex.def Info: FillingPicture.png used on input line 846.
(pdftex.def)             Requested size: 284.52756pt x 177.8329pt.
 [44]
File: FillingPicture.png Graphic file (type png)
 <use FillingPicture.png>
Package pdftex.def Info: FillingPicture.png used on input line 859.
(pdftex.def)             Requested size: 284.52756pt x 177.8329pt.
File: FillingPicture.png Graphic file (type png)

<use FillingPicture.png>
Package pdftex.def Info: FillingPicture.png used on input line 869.
(pdftex.def)             Requested size: 284.52756pt x 177.8329pt.


LaTeX Warning: `!h' float specifier changed to `!ht'.

[45]
File: FillingPicture.png Graphic file (type png)
 <use FillingPicture.png>
Package pdftex.def Info: FillingPicture.png used on input line 879.
(pdftex.def)             Requested size: 284.52756pt x 177.8329pt.


LaTeX Warning: `!h' float specifier changed to `!ht'.

File: FillingPicture.png Graphic file (type png)
<use FillingPicture.png>
Package pdftex.def Info: FillingPicture.png used on input line 889.
(pdftex.def)             Requested size: 284.52756pt x 177.8329pt.


LaTeX Warning: `!h' float specifier changed to `!ht'.

[46] [47]
Chapter IV.
Package epstopdf Info: Source file: <04-CrMagOpt/Pictures/Spectras.eps>
(epstopdf)                    date: 2017-04-25 20:47:40
(epstopdf)                    size: 760686 bytes
(epstopdf)             Output file: <04-CrMagOpt/Pictures/Spectras-eps-converte
d-to.pdf>
(epstopdf)                    date: 2017-04-25 20:47:48
(epstopdf)                    size: 91664 bytes
(epstopdf)             Command: <repstopdf --outfile=04-CrMagOpt/Pictures/Spect
ras-eps-converted-to.pdf 04-CrMagOpt/Pictures/Spectras.eps>
(epstopdf)             \includegraphics on input line 914.
Package epstopdf Info: Output file is already uptodate.

<04-CrMagOpt/Pictures/Spectras-eps-converted-to.pdf, id=634, 995.72pt x 398.488
75pt>
File: 04-CrMagOpt/Pictures/Spectras-eps-converted-to.pdf Graphic file (type pdf
)
 <use 04-CrMagOpt/Pictures/Spectras-eps-converted-to.pdf>
Package pdftex.def Info: 04-CrMagOpt/Pictures/Spectras-eps-converted-to.pdf use
d on input line 914.
(pdftex.def)             Requested size: 426.79134pt x 170.80566pt.

Overfull \hbox (8.53766pt too wide) in paragraph at lines 914--915
 [] 
 []


LaTeX Warning: `!h' float specifier changed to `!ht'.

[48

] <04-CrMagOpt/Pictures/EnLvl.png, id=642, 540.51938pt x 542.025pt>
File: 04-CrMagOpt/Pictures/EnLvl.png Graphic file (type png)

<use 04-CrMagOpt/Pictures/EnLvl.png>
Package pdftex.def Info: 04-CrMagOpt/Pictures/EnLvl.png used on input line 924.

(pdftex.def)             Requested size: 284.52756pt x 285.32828pt.


LaTeX Warning: `!h' float specifier changed to `!ht'.

[49 <./04-CrMagOpt/Pictures/Spectras-eps-converted-to.pdf>] [50 <./04-CrMagOpt/
Pictures/EnLvl.png>]
<04-CrMagOpt/Pictures/LinPol.png, id=671, 1138.2525pt x 724.95844pt>
File: 04-CrMagOpt/Pictures/LinPol.png Graphic file (type png)

<use 04-CrMagOpt/Pictures/LinPol.png>
Package pdftex.def Info: 04-CrMagOpt/Pictures/LinPol.png used on input line 942
.
(pdftex.def)             Requested size: 426.79134pt x 271.82556pt.

Overfull \hbox (8.53766pt too wide) in paragraph at lines 942--943
 [] 
 []

[51 <./04-CrMagOpt/Pictures/LinPol.png>]
Package epstopdf Info: Source file: <04-CrMagOpt/Pictures/Decay.eps>
(epstopdf)                    date: 2017-03-31 20:34:13
(epstopdf)                    size: 125892 bytes
(epstopdf)             Output file: <04-CrMagOpt/Pictures/Decay-eps-converted-t
o.pdf>
(epstopdf)                    date: 2017-03-31 20:34:40
(epstopdf)                    size: 45422 bytes
(epstopdf)             Command: <repstopdf --outfile=04-CrMagOpt/Pictures/Decay
-eps-converted-to.pdf 04-CrMagOpt/Pictures/Decay.eps>
(epstopdf)             \includegraphics on input line 952.
Package epstopdf Info: Output file is already uptodate.

<04-CrMagOpt/Pictures/Decay-eps-converted-to.pdf, id=680, 711.65875pt x 381.425
pt>
File: 04-CrMagOpt/Pictures/Decay-eps-converted-to.pdf Graphic file (type pdf)
 <use 04-CrMagOpt/Pictures/Decay-eps-converted-to.pdf>
Package pdftex.def Info: 04-CrMagOpt/Pictures/Decay-eps-converted-to.pdf used o
n input line 952.
(pdftex.def)             Requested size: 284.52756pt x 152.49162pt.
Package epstopdf Info: Source file: <04-CrMagOpt/Pictures/Temp.eps>
(epstopdf)                    date: 2017-03-29 12:44:59
(epstopdf)                    size: 288418 bytes
(epstopdf)             Output file: <04-CrMagOpt/Pictures/Temp-eps-converted-to
.pdf>
(epstopdf)                    date: 2017-03-29 14:11:25
(epstopdf)                    size: 42788 bytes
(epstopdf)             Command: <repstopdf --outfile=04-CrMagOpt/Pictures/Temp-
eps-converted-to.pdf 04-CrMagOpt/Pictures/Temp.eps>
(epstopdf)             \includegraphics on input line 962.
Package epstopdf Info: Output file is already uptodate.

<04-CrMagOpt/Pictures/Temp-eps-converted-to.pdf, id=689, 395.4775pt x 569.12625
pt>
File: 04-CrMagOpt/Pictures/Temp-eps-converted-to.pdf Graphic file (type pdf)
 <use 04-CrMagOpt/Pictures/Temp-eps-converted-to.pdf>
Package pdftex.def Info: 04-CrMagOpt/Pictures/Temp-eps-converted-to.pdf used on
 input line 962.
(pdftex.def)             Requested size: 199.16928pt x 286.62057pt.


LaTeX Warning: `!h' float specifier changed to `!ht'.

Package epstopdf Info: Source file: <04-CrMagOpt/Pictures/PLEDotPres.eps>
(epstopdf)                    date: 2017-05-09 17:31:34
(epstopdf)                    size: 1872307 bytes
(epstopdf)             Output file: <04-CrMagOpt/Pictures/PLEDotPres-eps-conver
ted-to.pdf>
(epstopdf)                    date: 2017-05-09 17:32:17
(epstopdf)                    size: 120929 bytes
(epstopdf)             Command: <repstopdf --outfile=04-CrMagOpt/Pictures/PLEDo
tPres-eps-converted-to.pdf 04-CrMagOpt/Pictures/PLEDotPres.eps>
(epstopdf)             \includegraphics on input line 976.
Package epstopdf Info: Output file is already uptodate.

<04-CrMagOpt/Pictures/PLEDotPres-eps-converted-to.pdf, id=691, 882.29625pt x 54
9.05125pt>
File: 04-CrMagOpt/Pictures/PLEDotPres-eps-converted-to.pdf Graphic file (type p
df)
 <use 04-CrMagOpt/Pictures/PLEDotPres-eps-converted-to.pdf>
Package pdftex.def Info: 04-CrMagOpt/Pictures/PLEDotPres-eps-converted-to.pdf u
sed on input line 976.
(pdftex.def)             Requested size: 426.79134pt x 265.59418pt.

Overfull \hbox (8.53766pt too wide) in paragraph at lines 976--977
 [] 
 []

[52 <./04-CrMagOpt/Pictures/Decay-eps-converted-to.pdf>]

LaTeX Warning: `!h' float specifier changed to `!ht'.

Package epstopdf Info: Source file: <04-CrMagOpt/Pictures/FullPLEv2.eps>
(epstopdf)                    date: 2017-05-09 21:50:59
(epstopdf)                    size: 3579285 bytes
(epstopdf)             Output file: <04-CrMagOpt/Pictures/FullPLEv2-eps-convert
ed-to.pdf>
(epstopdf)                    date: 2017-05-09 21:51:26
(epstopdf)                    size: 194112 bytes
(epstopdf)             Command: <repstopdf --outfile=04-CrMagOpt/Pictures/FullP
LEv2-eps-converted-to.pdf 04-CrMagOpt/Pictures/FullPLEv2.eps>
(epstopdf)             \includegraphics on input line 988.
Package epstopdf Info: Output file is already uptodate.

<04-CrMagOpt/Pictures/FullPLEv2-eps-converted-to.pdf, id=708, 910.40125pt x 981
.6675pt>
File: 04-CrMagOpt/Pictures/FullPLEv2-eps-converted-to.pdf Graphic file (type pd
f)
 <use 04-CrMagOpt/Pictures/FullPLEv2-eps-converted-to.pdf>
Package pdftex.def Info: 04-CrMagOpt/Pictures/FullPLEv2-eps-converted-to.pdf us
ed on input line 988.
(pdftex.def)             Requested size: 398.33858pt x 429.5234pt.


LaTeX Warning: `!h' float specifier changed to `!ht'.

[53 <./04-CrMagOpt/Pictures/Temp-eps-converted-to.pdf>] [54 <./04-CrMagOpt/Pict
ures/PLEDotPres-eps-converted-to.pdf>]

LaTeX Warning: Text page 55 contains only floats.

[55 <./04-CrMagOpt/Pictures/FullPLEv2-eps-converted-to.pdf>]
Overfull \hbox (5.13042pt too wide) in paragraph at lines 1001--1002
[]\T1/cmr/m/n/12 Finally, an-other in-ter-est-ing ex-cited state ap-pear at 203
0 meV. This state presents
 []

Package epstopdf Info: Source file: <04-CrMagOpt/Pictures/MagOptv2.eps>
(epstopdf)                    date: 2017-05-09 21:57:20
(epstopdf)                    size: 2607418 bytes
(epstopdf)             Output file: <04-CrMagOpt/Pictures/MagOptv2-eps-converte
d-to.pdf>
(epstopdf)                    date: 2017-05-09 22:05:07
(epstopdf)                    size: 112741 bytes
(epstopdf)             Command: <repstopdf --outfile=04-CrMagOpt/Pictures/MagOp
tv2-eps-converted-to.pdf 04-CrMagOpt/Pictures/MagOptv2.eps>
(epstopdf)             \includegraphics on input line 1009.
Package epstopdf Info: Output file is already uptodate.

<04-CrMagOpt/Pictures/MagOptv2-eps-converted-to.pdf, id=751, 597.23125pt x 629.
35126pt>
File: 04-CrMagOpt/Pictures/MagOptv2-eps-converted-to.pdf Graphic file (type pdf
)
 <use 04-CrMagOpt/Pictures/MagOptv2-eps-converted-to.pdf>
Package pdftex.def Info: 04-CrMagOpt/Pictures/MagOptv2-eps-converted-to.pdf use
d on input line 1009.
(pdftex.def)             Requested size: 284.52756pt x 299.82843pt.


LaTeX Warning: `!h' float specifier changed to `!ht'.

Package epstopdf Info: Source file: <04-CrMagOpt/Pictures/MagOptLowSym.eps>
(epstopdf)                    date: 2017-05-09 21:59:03
(epstopdf)                    size: 2745597 bytes
(epstopdf)             Output file: <04-CrMagOpt/Pictures/MagOptLowSym-eps-conv
erted-to.pdf>
(epstopdf)                    date: 2017-05-09 22:05:12
(epstopdf)                    size: 295732 bytes
(epstopdf)             Command: <repstopdf --outfile=04-CrMagOpt/Pictures/MagOp
tLowSym-eps-converted-to.pdf 04-CrMagOpt/Pictures/MagOptLowSym.eps>
(epstopdf)             \includegraphics on input line 1019.
Package epstopdf Info: Output file is already uptodate.

<04-CrMagOpt/Pictures/MagOptLowSym-eps-converted-to.pdf, id=758, 341.275pt x 46
9.755pt>
File: 04-CrMagOpt/Pictures/MagOptLowSym-eps-converted-to.pdf Graphic file (type
 pdf)
 <use 04-CrMagOpt/Pictures/MagOptLowSym-eps-converted-to.pdf>
Package pdftex.def Info: 04-CrMagOpt/Pictures/MagOptLowSym-eps-converted-to.pdf
 used on input line 1019.
(pdftex.def)             Requested size: 284.52756pt x 391.66702pt.


LaTeX Warning: `!h' float specifier changed to `!ht'.

[56] [57 <./04-CrMagOpt/Pictures/MagOptv2-eps-converted-to.pdf>] [58 <./04-CrMa
gOpt/Pictures/MagOptLowSym-eps-converted-to.pdf>]
<04-CrMagOpt/Pictures/SimulMagOptv2.png, id=794, 580.41844pt x 708.39656pt>
File: 04-CrMagOpt/Pictures/SimulMagOptv2.png Graphic file (type png)

<use 04-CrMagOpt/Pictures/SimulMagOptv2.png>
Package pdftex.def Info: 04-CrMagOpt/Pictures/SimulMagOptv2.png used on input l
ine 1035.
(pdftex.def)             Requested size: 284.52756pt x 347.26868pt.
 [59 <./04-CrMagOpt/Pictures/SimulMagOptv2.png>]

LaTeX Warning: Reference `Cralone' on page 60 undefined on input line 1048.


LaTeX Warning: Reference `HcCr' on page 60 undefined on input line 1050.


LaTeX Warning: Reference `Ieh' on page 60 undefined on input line 1057.


Overfull \hbox (1.17036pt too wide) in paragraph at lines 1057--1058
[]$\OMS/cmsy/m/n/12 H[]$ \T1/cmr/m/n/12 de-scribes the short range and long ran
ge electron-hole in-ter-ac-tion, through
 []


LaTeX Warning: Reference `HBand' on page 60 undefined on input line 1059.

[60]
Overfull \hbox (8.48991pt too wide) in paragraph at lines 1083--1083
[]|\T1/cmr/m/n/12 arg(R)| 
 []


Overfull \hbox (2.82564pt too wide) in paragraph at lines 1084--1084
[]|$\OML/cmm/m/it/12 ^^VeV=T[]$| 
 []

Package epstopdf Info: Source file: <04-CrMagOpt/Pictures/HighE.eps>
(epstopdf)                    date: 2017-05-09 22:02:23
(epstopdf)                    size: 7449574 bytes
(epstopdf)             Output file: <04-CrMagOpt/Pictures/HighE-eps-converted-t
o.pdf>
(epstopdf)                    date: 2017-05-09 22:05:23
(epstopdf)                    size: 580149 bytes
(epstopdf)             Command: <repstopdf --outfile=04-CrMagOpt/Pictures/HighE
-eps-converted-to.pdf 04-CrMagOpt/Pictures/HighE.eps>
(epstopdf)             \includegraphics on input line 1098.
Package epstopdf Info: Output file is already uptodate.

<04-CrMagOpt/Pictures/HighE-eps-converted-to.pdf, id=829, 896.34875pt x 882.296
25pt>
File: 04-CrMagOpt/Pictures/HighE-eps-converted-to.pdf Graphic file (type pdf)
 <use 04-CrMagOpt/Pictures/HighE-eps-converted-to.pdf>
Package pdftex.def Info: 04-CrMagOpt/Pictures/HighE-eps-converted-to.pdf used o
n input line 1098.
(pdftex.def)             Requested size: 284.52756pt x 280.06537pt.


LaTeX Warning: `!h' float specifier changed to `!ht'.

[61] [62 <./04-CrMagOpt/Pictures/HighE-eps-converted-to.pdf>]
Package epstopdf Info: Source file: <04-CrMagOpt/Pictures/6peaks.eps>
(epstopdf)                    date: 2017-05-09 22:04:35
(epstopdf)                    size: 3001608 bytes
(epstopdf)             Output file: <04-CrMagOpt/Pictures/6peaks-eps-converted-
to.pdf>
(epstopdf)                    date: 2017-05-09 22:05:30
(epstopdf)                    size: 272213 bytes
(epstopdf)             Command: <repstopdf --outfile=04-CrMagOpt/Pictures/6peak
s-eps-converted-to.pdf 04-CrMagOpt/Pictures/6peaks.eps>
(epstopdf)             \includegraphics on input line 1121.
Package epstopdf Info: Output file is already uptodate.

<04-CrMagOpt/Pictures/6peaks-eps-converted-to.pdf, id=850, 1180.41pt x 612.2875
pt>
File: 04-CrMagOpt/Pictures/6peaks-eps-converted-to.pdf Graphic file (type pdf)
 <use 04-CrMagOpt/Pictures/6peaks-eps-converted-to.pdf>
Package pdftex.def Info: 04-CrMagOpt/Pictures/6peaks-eps-converted-to.pdf used 
on input line 1121.
(pdftex.def)             Requested size: 426.79134pt x 221.3763pt.

Overfull \hbox (8.53766pt too wide) in paragraph at lines 1121--1122
 [] 
 []

[63 <./04-CrMagOpt/Pictures/6peaks-eps-converted-to.pdf>]
Package epstopdf Info: Source file: <04-CrMagOpt/Pictures/EfieldX-Xc.eps>
(epstopdf)                    date: 2017-04-04 22:29:21
(epstopdf)                    size: 1626793 bytes
(epstopdf)             Output file: <04-CrMagOpt/Pictures/EfieldX-Xc-eps-conver
ted-to.pdf>
(epstopdf)                    date: 2017-04-04 22:39:12
(epstopdf)                    size: 112904 bytes
(epstopdf)             Command: <repstopdf --outfile=04-CrMagOpt/Pictures/Efiel
dX-Xc-eps-converted-to.pdf 04-CrMagOpt/Pictures/EfieldX-Xc.eps>
(epstopdf)             \includegraphics on input line 1133.
Package epstopdf Info: Output file is already uptodate.

<04-CrMagOpt/Pictures/EfieldX-Xc-eps-converted-to.pdf, id=868, 668.4975pt x 534
.99875pt>
File: 04-CrMagOpt/Pictures/EfieldX-Xc-eps-converted-to.pdf Graphic file (type p
df)
 <use 04-CrMagOpt/Pictures/EfieldX-Xc-eps-converted-to.pdf>
Package pdftex.def Info: 04-CrMagOpt/Pictures/EfieldX-Xc-eps-converted-to.pdf u
sed on input line 1133.
(pdftex.def)             Requested size: 341.43306pt x 273.25392pt.
 [64 <./04-CrMagOpt/Pictures/EfieldX-Xc-eps-converted-to.pdf>]
Package epstopdf Info: Source file: <04-CrMagOpt/Pictures/SplitUnderEfiledXCr.e
ps>
(epstopdf)                    date: 2017-04-13 21:59:32
(epstopdf)                    size: 1752186 bytes
(epstopdf)             Output file: <04-CrMagOpt/Pictures/SplitUnderEfiledXCr-e
ps-converted-to.pdf>
(epstopdf)                    date: 2017-04-13 22:00:00
(epstopdf)                    size: 254064 bytes
(epstopdf)             Command: <repstopdf --outfile=04-CrMagOpt/Pictures/Split
UnderEfiledXCr-eps-converted-to.pdf 04-CrMagOpt/Pictures/SplitUnderEfiledXCr.ep
s>
(epstopdf)             \includegraphics on input line 1145.
Package epstopdf Info: Output file is already uptodate.

<04-CrMagOpt/Pictures/SplitUnderEfiledXCr-eps-converted-to.pdf, id=883, 614.295
pt x 555.07375pt>
File: 04-CrMagOpt/Pictures/SplitUnderEfiledXCr-eps-converted-to.pdf Graphic fil
e (type pdf)

<use 04-CrMagOpt/Pictures/SplitUnderEfiledXCr-eps-converted-to.pdf>
Package pdftex.def Info: 04-CrMagOpt/Pictures/SplitUnderEfiledXCr-eps-converted
-to.pdf used on input line 1145.
(pdftex.def)             Requested size: 341.43306pt x 308.51846pt.


LaTeX Warning: `!h' float specifier changed to `!ht'.

<04-CrMagOpt/Pictures/CrCloseDot.png, id=887, 938.75719pt x 542.025pt>
File: 04-CrMagOpt/Pictures/CrCloseDot.png Graphic file (type png)

<use 04-CrMagOpt/Pictures/CrCloseDot.png>
Package pdftex.def Info: 04-CrMagOpt/Pictures/CrCloseDot.png used on input line
 1155.
(pdftex.def)             Requested size: 426.79134pt x 246.42326pt.

Overfull \hbox (8.53766pt too wide) in paragraph at lines 1155--1156
 [] 
 []


LaTeX Warning: `!h' float specifier changed to `!ht'.

[65] [66 <./04-CrMagOpt/Pictures/SplitUnderEfiledXCr-eps-converted-to.pdf>]
[67 <./04-CrMagOpt/Pictures/CrCloseDot.png>]
Chapter V.
File: FillingPicture.png Graphic file (type png)
<use FillingPicture.png>
Package pdftex.def Info: FillingPicture.png used on input line 1190.
(pdftex.def)             Requested size: 284.52756pt x 177.8329pt.
 [68

]
Package epstopdf Info: Source file: <05-CrDyn/Pictures/AutocorPeaks.eps>
(epstopdf)                    date: 2017-04-07 18:44:50
(epstopdf)                    size: 691606 bytes
(epstopdf)             Output file: <05-CrDyn/Pictures/AutocorPeaks-eps-convert
ed-to.pdf>
(epstopdf)                    date: 2017-04-07 18:48:02
(epstopdf)                    size: 88118 bytes
(epstopdf)             Command: <repstopdf --outfile=05-CrDyn/Pictures/AutocorP
eaks-eps-converted-to.pdf 05-CrDyn/Pictures/AutocorPeaks.eps>
(epstopdf)             \includegraphics on input line 1206.
Package epstopdf Info: Output file is already uptodate.

<05-CrDyn/Pictures/AutocorPeaks-eps-converted-to.pdf, id=926, 739.76375pt x 725
.71124pt>
File: 05-CrDyn/Pictures/AutocorPeaks-eps-converted-to.pdf Graphic file (type pd
f)
 <use 05-CrDyn/Pictures/AutocorPeaks-eps-converted-to.pdf>
Package pdftex.def Info: 05-CrDyn/Pictures/AutocorPeaks-eps-converted-to.pdf us
ed on input line 1206.
(pdftex.def)             Requested size: 284.52756pt x 279.11731pt.
 [69 <./05-CrDyn/Pictures/AutocorPeaks-eps-converted-to.pdf>]
Package epstopdf Info: Source file: <05-CrDyn/Pictures/AutocorPw.eps>
(epstopdf)                    date: 2017-04-07 19:00:04
(epstopdf)                    size: 536623 bytes
(epstopdf)             Output file: <05-CrDyn/Pictures/AutocorPw-eps-converted-
to.pdf>
(epstopdf)                    date: 2017-04-07 19:02:56
(epstopdf)                    size: 123817 bytes
(epstopdf)             Command: <repstopdf --outfile=05-CrDyn/Pictures/AutocorP
w-eps-converted-to.pdf 05-CrDyn/Pictures/AutocorPw.eps>
(epstopdf)             \includegraphics on input line 1218.
Package epstopdf Info: Output file is already uptodate.

<05-CrDyn/Pictures/AutocorPw-eps-converted-to.pdf, id=942, 255.95625pt x 449.68
pt>
File: 05-CrDyn/Pictures/AutocorPw-eps-converted-to.pdf Graphic file (type pdf)
 <use 05-CrDyn/Pictures/AutocorPw-eps-converted-to.pdf>
Package pdftex.def Info: 05-CrDyn/Pictures/AutocorPw-eps-converted-to.pdf used 
on input line 1218.
(pdftex.def)             Requested size: 170.71652pt x 299.92545pt.


LaTeX Warning: `!h' float specifier changed to `!ht'.

[70]
Package epstopdf Info: Source file: <05-CrDyn/Pictures/CrosscorFit+B.eps>
(epstopdf)                    date: 2017-04-07 20:12:58
(epstopdf)                    size: 312504 bytes
(epstopdf)             Output file: <05-CrDyn/Pictures/CrosscorFit+B-eps-conver
ted-to.pdf>
(epstopdf)                    date: 2017-04-07 20:14:16
(epstopdf)                    size: 49595 bytes
(epstopdf)             Command: <repstopdf --outfile=05-CrDyn/Pictures/Crosscor
Fit+B-eps-converted-to.pdf 05-CrDyn/Pictures/CrosscorFit+B.eps>
(epstopdf)             \includegraphics on input line 1233.
Package epstopdf Info: Output file is already uptodate.

<05-CrDyn/Pictures/CrosscorFit+B-eps-converted-to.pdf, id=950, 654.445pt x 313.
17pt>
File: 05-CrDyn/Pictures/CrosscorFit+B-eps-converted-to.pdf Graphic file (type p
df)
 <use 05-CrDyn/Pictures/CrosscorFit+B-eps-converted-to.pdf>
Package pdftex.def Info: 05-CrDyn/Pictures/CrosscorFit+B-eps-converted-to.pdf u
sed on input line 1233.
(pdftex.def)             Requested size: 426.79134pt x 204.23186pt.

Overfull \hbox (8.53766pt too wide) in paragraph at lines 1233--1234
 [] 
 []


LaTeX Warning: `!h' float specifier changed to `!ht'.

<05-CrDyn/Pictures/FillingPicture.png, id=951, 650.43pt x 406.51875pt>
File: 05-CrDyn/Pictures/FillingPicture.png Graphic file (type png)

<use 05-CrDyn/Pictures/FillingPicture.png>
Package pdftex.def Info: 05-CrDyn/Pictures/FillingPicture.png used on input lin
e 1243.
(pdftex.def)             Requested size: 284.52756pt x 177.8329pt.


LaTeX Warning: `!h' float specifier changed to `!ht'.

[71 <./05-CrDyn/Pictures/AutocorPw-eps-converted-to.pdf>] [72 <./05-CrDyn/Pictu
res/CrosscorFit+B-eps-converted-to.pdf> <./05-CrDyn/Pictures/FillingPicture.png
>]
Package epstopdf Info: Source file: <05-CrDyn/Pictures/PwVar.eps>
(epstopdf)                    date: 2017-03-24 21:19:07
(epstopdf)                    size: 2352949 bytes
(epstopdf)             Output file: <05-CrDyn/Pictures/PwVar-eps-converted-to.p
df>
(epstopdf)                    date: 2017-03-24 21:19:29
(epstopdf)                    size: 108129 bytes
(epstopdf)             Command: <repstopdf --outfile=05-CrDyn/Pictures/PwVar-ep
s-converted-to.pdf 05-CrDyn/Pictures/PwVar.eps>
(epstopdf)             \includegraphics on input line 1255.
Package epstopdf Info: Output file is already uptodate.

<05-CrDyn/Pictures/PwVar-eps-converted-to.pdf, id=970, 612.2875pt x 612.2875pt>
File: 05-CrDyn/Pictures/PwVar-eps-converted-to.pdf Graphic file (type pdf)
<use 05-CrDyn/Pictures/PwVar-eps-converted-to.pdf>
Package pdftex.def Info: 05-CrDyn/Pictures/PwVar-eps-converted-to.pdf used on i
nput line 1255.
(pdftex.def)             Requested size: 284.52756pt x 284.5239pt.
 [73 <./05-CrDyn/Pictures/PwVar-eps-converted-to.pdf>]
File: 05-CrDyn/Pictures/FillingPicture.png Graphic file (type png)
 <use 05-CrDyn/Pictures/FillingPicture.png>
Package pdftex.def Info: 05-CrDyn/Pictures/FillingPicture.png used on input lin
e 1265.
(pdftex.def)             Requested size: 284.52756pt x 177.8329pt.
Package epstopdf Info: Source file: <05-CrDyn/Pictures/SimulAutoCross.eps>
(epstopdf)                    date: 2017-04-07 20:13:23
(epstopdf)                    size: 539590 bytes
(epstopdf)             Output file: <05-CrDyn/Pictures/SimulAutoCross-eps-conve
rted-to.pdf>
(epstopdf)                    date: 2017-04-07 20:14:19
(epstopdf)                    size: 117975 bytes
(epstopdf)             Command: <repstopdf --outfile=05-CrDyn/Pictures/SimulAut
oCross-eps-converted-to.pdf 05-CrDyn/Pictures/SimulAutoCross.eps>
(epstopdf)             \includegraphics on input line 1277.
Package epstopdf Info: Output file is already uptodate.

<05-CrDyn/Pictures/SimulAutoCross-eps-converted-to.pdf, id=984, 511.9125pt x 48
3.8075pt>
File: 05-CrDyn/Pictures/SimulAutoCross-eps-converted-to.pdf Graphic file (type 
pdf)
 <use 05-CrDyn/Pictures/SimulAutoCross-eps-converted-to.pdf>
Package pdftex.def Info: 05-CrDyn/Pictures/SimulAutoCross-eps-converted-to.pdf 
used on input line 1277.
(pdftex.def)             Requested size: 284.52756pt x 268.90761pt.


LaTeX Warning: `!h' float specifier changed to `!ht'.


LaTeX Warning: Reference `DotSpectra' on page 74 undefined on input line 1283.

[74]
File: 05-CrDyn/Pictures/FillingPicture.png Graphic file (type png)
 <use 05-CrDyn/Pictures/FillingPicture.png>
Package pdftex.def Info: 05-CrDyn/Pictures/FillingPicture.png used on input lin
e 1287.
(pdftex.def)             Requested size: 284.52756pt x 177.8329pt.


LaTeX Warning: `!h' float specifier changed to `!ht'.

[75 <./05-CrDyn/Pictures/SimulAutoCross-eps-converted-to.pdf>]
File: 05-CrDyn/Pictures/FillingPicture.png Graphic file (type png)

<use 05-CrDyn/Pictures/FillingPicture.png>
Package pdftex.def Info: 05-CrDyn/Pictures/FillingPicture.png used on input lin
e 1297.
(pdftex.def)             Requested size: 284.52756pt x 177.8329pt.


LaTeX Warning: `!h' float specifier changed to `!ht'.

Package epstopdf Info: Source file: <05-CrDyn/Pictures/SimulAutocorPw.eps>
(epstopdf)                    date: 2017-04-07 20:28:16
(epstopdf)                    size: 357586 bytes
(epstopdf)             Output file: <05-CrDyn/Pictures/SimulAutocorPw-eps-conve
rted-to.pdf>
(epstopdf)                    date: 2017-04-07 20:29:13
(epstopdf)                    size: 80877 bytes
(epstopdf)             Command: <repstopdf --outfile=05-CrDyn/Pictures/SimulAut
ocorPw-eps-converted-to.pdf 05-CrDyn/Pictures/SimulAutocorPw.eps>
(epstopdf)             \includegraphics on input line 1307.
Package epstopdf Info: Output file is already uptodate.

<05-CrDyn/Pictures/SimulAutocorPw-eps-converted-to.pdf, id=1007, 250.9375pt x 4
46.66875pt>
File: 05-CrDyn/Pictures/SimulAutocorPw-eps-converted-to.pdf Graphic file (type 
pdf)
 <use 05-CrDyn/Pictures/SimulAutocorPw-eps-converted-to.pdf>
Package pdftex.def Info: 05-CrDyn/Pictures/SimulAutocorPw-eps-converted-to.pdf 
used on input line 1307.
(pdftex.def)             Requested size: 170.71652pt x 303.88748pt.


LaTeX Warning: `!h' float specifier changed to `!ht'.

Package epstopdf Info: Source file: <05-CrDyn/Pictures/Pump0+1.eps>
(epstopdf)                    date: 2017-04-07 20:51:04
(epstopdf)                    size: 587155 bytes
(epstopdf)             Output file: <05-CrDyn/Pictures/Pump0+1-eps-converted-to
.pdf>
(epstopdf)                    date: 2017-04-07 21:06:57
(epstopdf)                    size: 79586 bytes
(epstopdf)             Command: <repstopdf --outfile=05-CrDyn/Pictures/Pump0+1-
eps-converted-to.pdf 05-CrDyn/Pictures/Pump0+1.eps>
(epstopdf)             \includegraphics on input line 1319.
Package epstopdf Info: Output file is already uptodate.

<05-CrDyn/Pictures/Pump0+1-eps-converted-to.pdf, id=1008, 497.86pt x 702.625pt>
File: 05-CrDyn/Pictures/Pump0+1-eps-converted-to.pdf Graphic file (type pdf)
<use 05-CrDyn/Pictures/Pump0+1-eps-converted-to.pdf>
Package pdftex.def Info: 05-CrDyn/Pictures/Pump0+1-eps-converted-to.pdf used on
 input line 1319.
(pdftex.def)             Requested size: 284.52756pt x 401.5618pt.
 [76]

LaTeX Warning: `!h' float specifier changed to `!ht'.

File: 05-CrDyn/Pictures/FillingPicture.png Graphic file (type png)
<use 05-CrDyn/Pictures/FillingPicture.png>
Package pdftex.def Info: 05-CrDyn/Pictures/FillingPicture.png used on input lin
e 1329.
(pdftex.def)             Requested size: 284.52756pt x 177.8329pt.


LaTeX Warning: `!h' float specifier changed to `!ht'.

[77]
File: 05-CrDyn/Pictures/FillingPicture.png Graphic file (type png)
 <use 05-CrDyn/Pictures/FillingPicture.png>
Package pdftex.def Info: 05-CrDyn/Pictures/FillingPicture.png used on input lin
e 1339.
(pdftex.def)             Requested size: 284.52756pt x 177.8329pt.


LaTeX Warning: `!h' float specifier changed to `!ht'.

Package epstopdf Info: Source file: <05-CrDyn/Pictures/RelaxDark.eps>
(epstopdf)                    date: 2017-04-07 21:06:26
(epstopdf)                    size: 328740 bytes
(epstopdf)             Output file: <05-CrDyn/Pictures/RelaxDark-eps-converted-
to.pdf>
(epstopdf)                    date: 2017-04-07 21:06:59
(epstopdf)                    size: 47208 bytes
(epstopdf)             Command: <repstopdf --outfile=05-CrDyn/Pictures/RelaxDar
k-eps-converted-to.pdf 05-CrDyn/Pictures/RelaxDark.eps>
(epstopdf)             \includegraphics on input line 1351.
Package epstopdf Info: Output file is already uptodate.

<05-CrDyn/Pictures/RelaxDark-eps-converted-to.pdf, id=1020, 620.3175pt x 347.29
75pt>
File: 05-CrDyn/Pictures/RelaxDark-eps-converted-to.pdf Graphic file (type pdf)
 <use 05-CrDyn/Pictures/RelaxDark-eps-converted-to.pdf>
Package pdftex.def Info: 05-CrDyn/Pictures/RelaxDark-eps-converted-to.pdf used 
on input line 1351.
(pdftex.def)             Requested size: 284.52756pt x 159.29774pt.
 [78 <./05-CrDyn/Pictures/SimulAutocorPw-eps-converted-to.pdf>]

LaTeX Warning: `!h' float specifier changed to `!ht'.

[79 <./05-CrDyn/Pictures/Pump0+1-eps-converted-to.pdf>] [80]
File: 05-CrDyn/Pictures/FillingPicture.png Graphic file (type png)

<use 05-CrDyn/Pictures/FillingPicture.png>
Package pdftex.def Info: 05-CrDyn/Pictures/FillingPicture.png used on input lin
e 1365.
(pdftex.def)             Requested size: 284.52756pt x 177.8329pt.


LaTeX Warning: `!h' float specifier changed to `!ht'.

File: 05-CrDyn/Pictures/FillingPicture.png Graphic file (type png)
<use 05-CrDyn/Pictures/FillingPicture.png>
Package pdftex.def Info: 05-CrDyn/Pictures/FillingPicture.png used on input lin
e 1375.
(pdftex.def)             Requested size: 284.52756pt x 177.8329pt.


LaTeX Warning: `!h' float specifier changed to `!ht'.

[81 <./05-CrDyn/Pictures/RelaxDark-eps-converted-to.pdf>] [82]
File: 05-CrDyn/Pictures/FillingPicture.png Graphic file (type png)

<use 05-CrDyn/Pictures/FillingPicture.png>
Package pdftex.def Info: 05-CrDyn/Pictures/FillingPicture.png used on input lin
e 1385.
(pdftex.def)             Requested size: 284.52756pt x 177.8329pt.
 [83] [84

] [85] [86]
Package atveryend Info: Empty hook `BeforeClearDocument' on input line 1394.
 [87]
Package atveryend Info: Empty hook `AfterLastShipout' on input line 1394.

(./Thesis.aux)
Package atveryend Info: Executing hook `AtVeryEndDocument' on input line 1394.
Package atveryend Info: Executing hook `AtEndAfterFileList' on input line 1394.

Package rerunfilecheck Info: File `Thesis.out' has not changed.
(rerunfilecheck)             Checksum: 6F37B71F7A35757C7CE4606C1A699D5F;4251.


LaTeX Warning: There were undefined references.


LaTeX Warning: There were multiply-defined labels.

Package logreq Info: Writing requests to 'Thesis.run.xml'.
\openout1 = `Thesis.run.xml'.

Package atveryend Info: Empty hook `AtVeryVeryEnd' on input line 1394.
 ) 
Here is how much of TeX's memory you used:
 13469 strings out of 494958
 211978 string characters out of 6179214
 648372 words of memory out of 5000000
 16170 multiletter control sequences out of 15000+600000
 17889 words of font info for 47 fonts, out of 8000000 for 9000
 36 hyphenation exceptions out of 8191
 40i,20n,49p,1723b,1456s stack positions out of 5000i,500n,10000p,200000b,80000s
 </home/audreyazura/.texmf-var/fonts/pk/ljfour/jknappen/ec/ecrm0800.600pk> </
home/audreyazura/.texmf-var/fonts/pk/ljfour/jknappen/ec/ecbx1200.600pk> </home/
audreyazura/.texmf-var/fonts/pk/ljfour/jknappen/ec/ecti1200.600pk> </home/audre
yazura/.texmf-var/fonts/pk/ljfour/jknappen/ec/ecrm1200.600pk> </home/audreyazur
a/.texmf-var/fonts/pk/ljfour/jknappen/ec/ecbx1440.600pk> </home/audreyazura/.te
xmf-var/fonts/pk/ljfour/jknappen/ec/ecbx1728.600pk> </home/audreyazura/.texmf-v
ar/fonts/pk/ljfour/jknappen/ec/ecbx2488.600pk></usr/share/texlive/texmf-dist/fo
nts/type1/public/amsfonts/cm/cmbx12.pfb></usr/share/texlive/texmf-dist/fonts/ty
pe1/public/amsfonts/cm/cmbx8.pfb></usr/share/texlive/texmf-dist/fonts/type1/pub
lic/amsfonts/cm/cmex10.pfb></usr/share/texlive/texmf-dist/fonts/type1/public/am
sfonts/cm/cmmi12.pfb></usr/share/texlive/texmf-dist/fonts/type1/public/amsfonts
/cm/cmmi6.pfb></usr/share/texlive/texmf-dist/fonts/type1/public/amsfonts/cm/cmm
i8.pfb></usr/share/texlive/texmf-dist/fonts/type1/public/amsfonts/cm/cmr12.pfb>
</usr/share/texlive/texmf-dist/fonts/type1/public/amsfonts/cm/cmr6.pfb></usr/sh
are/texlive/texmf-dist/fonts/type1/public/amsfonts/cm/cmr8.pfb></usr/share/texl
ive/texmf-dist/fonts/type1/public/amsfonts/cm/cmsy10.pfb></usr/share/texlive/te
xmf-dist/fonts/type1/public/amsfonts/cm/cmsy6.pfb></usr/share/texlive/texmf-dis
t/fonts/type1/public/amsfonts/cm/cmsy8.pfb>
Output written on Thesis.pdf (87 pages, 6184230 bytes).
PDF statistics:
 1545 PDF objects out of 1728 (max. 8388607)
 1061 compressed objects within 11 object streams
 308 named destinations out of 1000 (max. 500000)
 574 words of extra memory for PDF output out of 10000 (max. 10000000)

