This is pdfTeX, Version 3.1415926-2.5-1.40.14 (TeX Live 2013/Debian) (format=pdflatex 2016.7.4)  19 APR 2017 15:37
entering extended mode
 restricted \write18 enabled.
 %&-line parsing enabled.
**04-CrMagOpt.tex
(./04-CrMagOpt.tex
LaTeX2e <2011/06/27>
Babel <3.9h> and hyphenation patterns for 6 languages loaded.
(/usr/share/texlive/texmf-dist/tex/latex/base/report.cls
Document Class: report 2007/10/19 v1.4h Standard LaTeX document class
(/usr/share/texlive/texmf-dist/tex/latex/base/size12.clo
File: size12.clo 2007/10/19 v1.4h Standard LaTeX file (size option)
)
\c@part=\count79
\c@chapter=\count80
\c@section=\count81
\c@subsection=\count82
\c@subsubsection=\count83
\c@paragraph=\count84
\c@subparagraph=\count85
\c@figure=\count86
\c@table=\count87
\abovecaptionskip=\skip41
\belowcaptionskip=\skip42
\bibindent=\dimen102
)
(/usr/share/texlive/texmf-dist/tex/latex/base/inputenc.sty
Package: inputenc 2008/03/30 v1.1d Input encoding file
\inpenc@prehook=\toks14
\inpenc@posthook=\toks15

(/usr/share/texlive/texmf-dist/tex/latex/base/utf8.def
File: utf8.def 2008/04/05 v1.1m UTF-8 support for inputenc
Now handling font encoding OML ...
... no UTF-8 mapping file for font encoding OML
Now handling font encoding T1 ...
... processing UTF-8 mapping file for font encoding T1

(/usr/share/texlive/texmf-dist/tex/latex/base/t1enc.dfu
File: t1enc.dfu 2008/04/05 v1.1m UTF-8 support for inputenc
   defining Unicode char U+00A1 (decimal 161)
   defining Unicode char U+00A3 (decimal 163)
   defining Unicode char U+00AB (decimal 171)
   defining Unicode char U+00BB (decimal 187)
   defining Unicode char U+00BF (decimal 191)
   defining Unicode char U+00C0 (decimal 192)
   defining Unicode char U+00C1 (decimal 193)
   defining Unicode char U+00C2 (decimal 194)
   defining Unicode char U+00C3 (decimal 195)
   defining Unicode char U+00C4 (decimal 196)
   defining Unicode char U+00C5 (decimal 197)
   defining Unicode char U+00C6 (decimal 198)
   defining Unicode char U+00C7 (decimal 199)
   defining Unicode char U+00C8 (decimal 200)
   defining Unicode char U+00C9 (decimal 201)
   defining Unicode char U+00CA (decimal 202)
   defining Unicode char U+00CB (decimal 203)
   defining Unicode char U+00CC (decimal 204)
   defining Unicode char U+00CD (decimal 205)
   defining Unicode char U+00CE (decimal 206)
   defining Unicode char U+00CF (decimal 207)
   defining Unicode char U+00D0 (decimal 208)
   defining Unicode char U+00D1 (decimal 209)
   defining Unicode char U+00D2 (decimal 210)
   defining Unicode char U+00D3 (decimal 211)
   defining Unicode char U+00D4 (decimal 212)
   defining Unicode char U+00D5 (decimal 213)
   defining Unicode char U+00D6 (decimal 214)
   defining Unicode char U+00D8 (decimal 216)
   defining Unicode char U+00D9 (decimal 217)
   defining Unicode char U+00DA (decimal 218)
   defining Unicode char U+00DB (decimal 219)
   defining Unicode char U+00DC (decimal 220)
   defining Unicode char U+00DD (decimal 221)
   defining Unicode char U+00DE (decimal 222)
   defining Unicode char U+00DF (decimal 223)
   defining Unicode char U+00E0 (decimal 224)
   defining Unicode char U+00E1 (decimal 225)
   defining Unicode char U+00E2 (decimal 226)
   defining Unicode char U+00E3 (decimal 227)
   defining Unicode char U+00E4 (decimal 228)
   defining Unicode char U+00E5 (decimal 229)
   defining Unicode char U+00E6 (decimal 230)
   defining Unicode char U+00E7 (decimal 231)
   defining Unicode char U+00E8 (decimal 232)
   defining Unicode char U+00E9 (decimal 233)
   defining Unicode char U+00EA (decimal 234)
   defining Unicode char U+00EB (decimal 235)
   defining Unicode char U+00EC (decimal 236)
   defining Unicode char U+00ED (decimal 237)
   defining Unicode char U+00EE (decimal 238)
   defining Unicode char U+00EF (decimal 239)
   defining Unicode char U+00F0 (decimal 240)
   defining Unicode char U+00F1 (decimal 241)
   defining Unicode char U+00F2 (decimal 242)
   defining Unicode char U+00F3 (decimal 243)
   defining Unicode char U+00F4 (decimal 244)
   defining Unicode char U+00F5 (decimal 245)
   defining Unicode char U+00F6 (decimal 246)
   defining Unicode char U+00F8 (decimal 248)
   defining Unicode char U+00F9 (decimal 249)
   defining Unicode char U+00FA (decimal 250)
   defining Unicode char U+00FB (decimal 251)
   defining Unicode char U+00FC (decimal 252)
   defining Unicode char U+00FD (decimal 253)
   defining Unicode char U+00FE (decimal 254)
   defining Unicode char U+00FF (decimal 255)
   defining Unicode char U+0102 (decimal 258)
   defining Unicode char U+0103 (decimal 259)
   defining Unicode char U+0104 (decimal 260)
   defining Unicode char U+0105 (decimal 261)
   defining Unicode char U+0106 (decimal 262)
   defining Unicode char U+0107 (decimal 263)
   defining Unicode char U+010C (decimal 268)
   defining Unicode char U+010D (decimal 269)
   defining Unicode char U+010E (decimal 270)
   defining Unicode char U+010F (decimal 271)
   defining Unicode char U+0110 (decimal 272)
   defining Unicode char U+0111 (decimal 273)
   defining Unicode char U+0118 (decimal 280)
   defining Unicode char U+0119 (decimal 281)
   defining Unicode char U+011A (decimal 282)
   defining Unicode char U+011B (decimal 283)
   defining Unicode char U+011E (decimal 286)
   defining Unicode char U+011F (decimal 287)
   defining Unicode char U+0130 (decimal 304)
   defining Unicode char U+0131 (decimal 305)
   defining Unicode char U+0132 (decimal 306)
   defining Unicode char U+0133 (decimal 307)
   defining Unicode char U+0139 (decimal 313)
   defining Unicode char U+013A (decimal 314)
   defining Unicode char U+013D (decimal 317)
   defining Unicode char U+013E (decimal 318)
   defining Unicode char U+0141 (decimal 321)
   defining Unicode char U+0142 (decimal 322)
   defining Unicode char U+0143 (decimal 323)
   defining Unicode char U+0144 (decimal 324)
   defining Unicode char U+0147 (decimal 327)
   defining Unicode char U+0148 (decimal 328)
   defining Unicode char U+014A (decimal 330)
   defining Unicode char U+014B (decimal 331)
   defining Unicode char U+0150 (decimal 336)
   defining Unicode char U+0151 (decimal 337)
   defining Unicode char U+0152 (decimal 338)
   defining Unicode char U+0153 (decimal 339)
   defining Unicode char U+0154 (decimal 340)
   defining Unicode char U+0155 (decimal 341)
   defining Unicode char U+0158 (decimal 344)
   defining Unicode char U+0159 (decimal 345)
   defining Unicode char U+015A (decimal 346)
   defining Unicode char U+015B (decimal 347)
   defining Unicode char U+015E (decimal 350)
   defining Unicode char U+015F (decimal 351)
   defining Unicode char U+0160 (decimal 352)
   defining Unicode char U+0161 (decimal 353)
   defining Unicode char U+0162 (decimal 354)
   defining Unicode char U+0163 (decimal 355)
   defining Unicode char U+0164 (decimal 356)
   defining Unicode char U+0165 (decimal 357)
   defining Unicode char U+016E (decimal 366)
   defining Unicode char U+016F (decimal 367)
   defining Unicode char U+0170 (decimal 368)
   defining Unicode char U+0171 (decimal 369)
   defining Unicode char U+0178 (decimal 376)
   defining Unicode char U+0179 (decimal 377)
   defining Unicode char U+017A (decimal 378)
   defining Unicode char U+017B (decimal 379)
   defining Unicode char U+017C (decimal 380)
   defining Unicode char U+017D (decimal 381)
   defining Unicode char U+017E (decimal 382)
   defining Unicode char U+200C (decimal 8204)
   defining Unicode char U+2013 (decimal 8211)
   defining Unicode char U+2014 (decimal 8212)
   defining Unicode char U+2018 (decimal 8216)
   defining Unicode char U+2019 (decimal 8217)
   defining Unicode char U+201A (decimal 8218)
   defining Unicode char U+201C (decimal 8220)
   defining Unicode char U+201D (decimal 8221)
   defining Unicode char U+201E (decimal 8222)
   defining Unicode char U+2030 (decimal 8240)
   defining Unicode char U+2031 (decimal 8241)
   defining Unicode char U+2039 (decimal 8249)
   defining Unicode char U+203A (decimal 8250)
   defining Unicode char U+2423 (decimal 9251)
)
Now handling font encoding OT1 ...
... processing UTF-8 mapping file for font encoding OT1

(/usr/share/texlive/texmf-dist/tex/latex/base/ot1enc.dfu
File: ot1enc.dfu 2008/04/05 v1.1m UTF-8 support for inputenc
   defining Unicode char U+00A1 (decimal 161)
   defining Unicode char U+00A3 (decimal 163)
   defining Unicode char U+00B8 (decimal 184)
   defining Unicode char U+00BF (decimal 191)
   defining Unicode char U+00C5 (decimal 197)
   defining Unicode char U+00C6 (decimal 198)
   defining Unicode char U+00D8 (decimal 216)
   defining Unicode char U+00DF (decimal 223)
   defining Unicode char U+00E6 (decimal 230)
   defining Unicode char U+00EC (decimal 236)
   defining Unicode char U+00ED (decimal 237)
   defining Unicode char U+00EE (decimal 238)
   defining Unicode char U+00EF (decimal 239)
   defining Unicode char U+00F8 (decimal 248)
   defining Unicode char U+0131 (decimal 305)
   defining Unicode char U+0141 (decimal 321)
   defining Unicode char U+0142 (decimal 322)
   defining Unicode char U+0152 (decimal 338)
   defining Unicode char U+0153 (decimal 339)
   defining Unicode char U+2013 (decimal 8211)
   defining Unicode char U+2014 (decimal 8212)
   defining Unicode char U+2018 (decimal 8216)
   defining Unicode char U+2019 (decimal 8217)
   defining Unicode char U+201C (decimal 8220)
   defining Unicode char U+201D (decimal 8221)
)
Now handling font encoding OMS ...
... processing UTF-8 mapping file for font encoding OMS

(/usr/share/texlive/texmf-dist/tex/latex/base/omsenc.dfu
File: omsenc.dfu 2008/04/05 v1.1m UTF-8 support for inputenc
   defining Unicode char U+00A7 (decimal 167)
   defining Unicode char U+00B6 (decimal 182)
   defining Unicode char U+00B7 (decimal 183)
   defining Unicode char U+2020 (decimal 8224)
   defining Unicode char U+2021 (decimal 8225)
   defining Unicode char U+2022 (decimal 8226)
)
Now handling font encoding OMX ...
... no UTF-8 mapping file for font encoding OMX
Now handling font encoding U ...
... no UTF-8 mapping file for font encoding U
   defining Unicode char U+00A9 (decimal 169)
   defining Unicode char U+00AA (decimal 170)
   defining Unicode char U+00AE (decimal 174)
   defining Unicode char U+00BA (decimal 186)
   defining Unicode char U+02C6 (decimal 710)
   defining Unicode char U+02DC (decimal 732)
   defining Unicode char U+200C (decimal 8204)
   defining Unicode char U+2026 (decimal 8230)
   defining Unicode char U+2122 (decimal 8482)
   defining Unicode char U+2423 (decimal 9251)
))
(/usr/share/texlive/texmf-dist/tex/latex/base/fontenc.sty
Package: fontenc 2005/09/27 v1.99g Standard LaTeX package

(/usr/share/texlive/texmf-dist/tex/latex/base/t1enc.def
File: t1enc.def 2005/09/27 v1.99g Standard LaTeX file
LaTeX Font Info:    Redeclaring font encoding T1 on input line 43.
))
(/usr/share/texlive/texmf-dist/tex/latex/tools/array.sty
Package: array 2008/09/09 v2.4c Tabular extension package (FMi)
\col@sep=\dimen103
\extrarowheight=\dimen104
\NC@list=\toks16
\extratabsurround=\skip43
\backup@length=\skip44
)
(/usr/share/texlive/texmf-dist/tex/latex/amsmath/amsmath.sty
Package: amsmath 2013/01/14 v2.14 AMS math features
\@mathmargin=\skip45

For additional information on amsmath, use the `?' option.
(/usr/share/texlive/texmf-dist/tex/latex/amsmath/amstext.sty
Package: amstext 2000/06/29 v2.01

(/usr/share/texlive/texmf-dist/tex/latex/amsmath/amsgen.sty
File: amsgen.sty 1999/11/30 v2.0
\@emptytoks=\toks17
\ex@=\dimen105
))
(/usr/share/texlive/texmf-dist/tex/latex/amsmath/amsbsy.sty
Package: amsbsy 1999/11/29 v1.2d
\pmbraise@=\dimen106
)
(/usr/share/texlive/texmf-dist/tex/latex/amsmath/amsopn.sty
Package: amsopn 1999/12/14 v2.01 operator names
)
\inf@bad=\count88
LaTeX Info: Redefining \frac on input line 210.
\uproot@=\count89
\leftroot@=\count90
LaTeX Info: Redefining \overline on input line 306.
\classnum@=\count91
\DOTSCASE@=\count92
LaTeX Info: Redefining \ldots on input line 378.
LaTeX Info: Redefining \dots on input line 381.
LaTeX Info: Redefining \cdots on input line 466.
\Mathstrutbox@=\box26
\strutbox@=\box27
\big@size=\dimen107
LaTeX Font Info:    Redeclaring font encoding OML on input line 566.
LaTeX Font Info:    Redeclaring font encoding OMS on input line 567.
\macc@depth=\count93
\c@MaxMatrixCols=\count94
\dotsspace@=\muskip10
\c@parentequation=\count95
\dspbrk@lvl=\count96
\tag@help=\toks18
\row@=\count97
\column@=\count98
\maxfields@=\count99
\andhelp@=\toks19
\eqnshift@=\dimen108
\alignsep@=\dimen109
\tagshift@=\dimen110
\tagwidth@=\dimen111
\totwidth@=\dimen112
\lineht@=\dimen113
\@envbody=\toks20
\multlinegap=\skip46
\multlinetaggap=\skip47
\mathdisplay@stack=\toks21
LaTeX Info: Redefining \[ on input line 2665.
LaTeX Info: Redefining \] on input line 2666.
)
(/usr/share/texlive/texmf-dist/tex/generic/babel/babel.sty
Package: babel 2013/12/03 3.9h The Babel package

(/usr/share/texlive/texmf-dist/tex/generic/babel-english/english.ldf
Language: english 2012/08/20 v3.3p English support from the babel system

(/usr/share/texlive/texmf-dist/tex/generic/babel/babel.def
File: babel.def 2013/12/03 3.9h Babel common definitions
\babel@savecnt=\count100
\U@D=\dimen114
)
\l@canadian = a dialect from \language\l@american 
\l@australian = a dialect from \language\l@british 
\l@newzealand = a dialect from \language\l@british 
))
(/usr/share/texlive/texmf-dist/tex/latex/graphics/graphicx.sty
Package: graphicx 1999/02/16 v1.0f Enhanced LaTeX Graphics (DPC,SPQR)

(/usr/share/texlive/texmf-dist/tex/latex/graphics/keyval.sty
Package: keyval 1999/03/16 v1.13 key=value parser (DPC)
\KV@toks@=\toks22
)
(/usr/share/texlive/texmf-dist/tex/latex/graphics/graphics.sty
Package: graphics 2009/02/05 v1.0o Standard LaTeX Graphics (DPC,SPQR)

(/usr/share/texlive/texmf-dist/tex/latex/graphics/trig.sty
Package: trig 1999/03/16 v1.09 sin cos tan (DPC)
)
(/usr/share/texlive/texmf-dist/tex/latex/latexconfig/graphics.cfg
File: graphics.cfg 2010/04/23 v1.9 graphics configuration of TeX Live
)
Package graphics Info: Driver file: pdftex.def on input line 91.

(/usr/share/texlive/texmf-dist/tex/latex/pdftex-def/pdftex.def
File: pdftex.def 2011/05/27 v0.06d Graphics/color for pdfTeX

(/usr/share/texlive/texmf-dist/tex/generic/oberdiek/infwarerr.sty
Package: infwarerr 2010/04/08 v1.3 Providing info/warning/error messages (HO)
)
(/usr/share/texlive/texmf-dist/tex/generic/oberdiek/ltxcmds.sty
Package: ltxcmds 2011/11/09 v1.22 LaTeX kernel commands for general use (HO)
)
\Gread@gobject=\count101
))
\Gin@req@height=\dimen115
\Gin@req@width=\dimen116
)
(/usr/share/texlive/texmf-dist/tex/latex/geometry/geometry.sty
Package: geometry 2010/09/12 v5.6 Page Geometry

(/usr/share/texlive/texmf-dist/tex/generic/oberdiek/ifpdf.sty
Package: ifpdf 2011/01/30 v2.3 Provides the ifpdf switch (HO)
Package ifpdf Info: pdfTeX in PDF mode is detected.
)
(/usr/share/texlive/texmf-dist/tex/generic/oberdiek/ifvtex.sty
Package: ifvtex 2010/03/01 v1.5 Detect VTeX and its facilities (HO)
Package ifvtex Info: VTeX not detected.
)
(/usr/share/texlive/texmf-dist/tex/generic/ifxetex/ifxetex.sty
Package: ifxetex 2010/09/12 v0.6 Provides ifxetex conditional
)
\Gm@cnth=\count102
\Gm@cntv=\count103
\c@Gm@tempcnt=\count104
\Gm@bindingoffset=\dimen117
\Gm@wd@mp=\dimen118
\Gm@odd@mp=\dimen119
\Gm@even@mp=\dimen120
\Gm@layoutwidth=\dimen121
\Gm@layoutheight=\dimen122
\Gm@layouthoffset=\dimen123
\Gm@layoutvoffset=\dimen124
\Gm@dimlist=\toks23
)
(/usr/share/texlive/texmf-dist/tex/latex/hyperref/hyperref.sty
Package: hyperref 2012/11/06 v6.83m Hypertext links for LaTeX

(/usr/share/texlive/texmf-dist/tex/generic/oberdiek/hobsub-hyperref.sty
Package: hobsub-hyperref 2012/05/28 v1.13 Bundle oberdiek, subset hyperref (HO)


(/usr/share/texlive/texmf-dist/tex/generic/oberdiek/hobsub-generic.sty
Package: hobsub-generic 2012/05/28 v1.13 Bundle oberdiek, subset generic (HO)
Package: hobsub 2012/05/28 v1.13 Construct package bundles (HO)
Package hobsub Info: Skipping package `infwarerr' (already loaded).
Package hobsub Info: Skipping package `ltxcmds' (already loaded).
Package: ifluatex 2010/03/01 v1.3 Provides the ifluatex switch (HO)
Package ifluatex Info: LuaTeX not detected.
Package hobsub Info: Skipping package `ifvtex' (already loaded).
Package: intcalc 2007/09/27 v1.1 Expandable calculations with integers (HO)
Package hobsub Info: Skipping package `ifpdf' (already loaded).
Package: etexcmds 2011/02/16 v1.5 Avoid name clashes with e-TeX commands (HO)
Package etexcmds Info: Could not find \expanded.
(etexcmds)             That can mean that you are not using pdfTeX 1.50 or
(etexcmds)             that some package has redefined \expanded.
(etexcmds)             In the latter case, load this package earlier.
Package: kvsetkeys 2012/04/25 v1.16 Key value parser (HO)
Package: kvdefinekeys 2011/04/07 v1.3 Define keys (HO)
Package: pdftexcmds 2011/11/29 v0.20 Utility functions of pdfTeX for LuaTeX (HO
)
Package pdftexcmds Info: LuaTeX not detected.
Package pdftexcmds Info: \pdf@primitive is available.
Package pdftexcmds Info: \pdf@ifprimitive is available.
Package pdftexcmds Info: \pdfdraftmode found.
Package: pdfescape 2011/11/25 v1.13 Implements pdfTeX's escape features (HO)
Package: bigintcalc 2012/04/08 v1.3 Expandable calculations on big integers (HO
)
Package: bitset 2011/01/30 v1.1 Handle bit-vector datatype (HO)
Package: uniquecounter 2011/01/30 v1.2 Provide unlimited unique counter (HO)
)
Package hobsub Info: Skipping package `hobsub' (already loaded).
Package: letltxmacro 2010/09/02 v1.4 Let assignment for LaTeX macros (HO)
Package: hopatch 2012/05/28 v1.2 Wrapper for package hooks (HO)
Package: xcolor-patch 2011/01/30 xcolor patch
Package: atveryend 2011/06/30 v1.8 Hooks at the very end of document (HO)
Package atveryend Info: \enddocument detected (standard20110627).
Package: atbegshi 2011/10/05 v1.16 At begin shipout hook (HO)
Package: refcount 2011/10/16 v3.4 Data extraction from label references (HO)
Package: hycolor 2011/01/30 v1.7 Color options for hyperref/bookmark (HO)
)
(/usr/share/texlive/texmf-dist/tex/latex/oberdiek/auxhook.sty
Package: auxhook 2011/03/04 v1.3 Hooks for auxiliary files (HO)
)
(/usr/share/texlive/texmf-dist/tex/latex/oberdiek/kvoptions.sty
Package: kvoptions 2011/06/30 v3.11 Key value format for package options (HO)
)
\@linkdim=\dimen125
\Hy@linkcounter=\count105
\Hy@pagecounter=\count106

(/usr/share/texlive/texmf-dist/tex/latex/hyperref/pd1enc.def
File: pd1enc.def 2012/11/06 v6.83m Hyperref: PDFDocEncoding definition (HO)
Now handling font encoding PD1 ...
... no UTF-8 mapping file for font encoding PD1
)
\Hy@SavedSpaceFactor=\count107

(/usr/share/texlive/texmf-dist/tex/latex/latexconfig/hyperref.cfg
File: hyperref.cfg 2002/06/06 v1.2 hyperref configuration of TeXLive
)
Package hyperref Info: Option `colorlinks' set `true' on input line 4319.
Package hyperref Info: Hyper figures OFF on input line 4443.
Package hyperref Info: Link nesting OFF on input line 4448.
Package hyperref Info: Hyper index ON on input line 4451.
Package hyperref Info: Plain pages OFF on input line 4458.
Package hyperref Info: Backreferencing OFF on input line 4463.
Package hyperref Info: Implicit mode ON; LaTeX internals redefined.
Package hyperref Info: Bookmarks ON on input line 4688.
\c@Hy@tempcnt=\count108

(/usr/share/texlive/texmf-dist/tex/latex/url/url.sty
\Urlmuskip=\muskip11
Package: url 2013/09/16  ver 3.4  Verb mode for urls, etc.
)
LaTeX Info: Redefining \url on input line 5041.
\XeTeXLinkMargin=\dimen126
\Fld@menulength=\count109
\Field@Width=\dimen127
\Fld@charsize=\dimen128
Package hyperref Info: Hyper figures OFF on input line 6295.
Package hyperref Info: Link nesting OFF on input line 6300.
Package hyperref Info: Hyper index ON on input line 6303.
Package hyperref Info: backreferencing OFF on input line 6310.
Package hyperref Info: Link coloring ON on input line 6313.
Package hyperref Info: Link coloring with OCG OFF on input line 6320.
Package hyperref Info: PDF/A mode OFF on input line 6325.
LaTeX Info: Redefining \ref on input line 6365.
LaTeX Info: Redefining \pageref on input line 6369.
\Hy@abspage=\count110
\c@Item=\count111
\c@Hfootnote=\count112
)

Package hyperref Message: Driver (autodetected): hpdftex.

(/usr/share/texlive/texmf-dist/tex/latex/hyperref/hpdftex.def
File: hpdftex.def 2012/11/06 v6.83m Hyperref driver for pdfTeX
\Fld@listcount=\count113
\c@bookmark@seq@number=\count114

(/usr/share/texlive/texmf-dist/tex/latex/oberdiek/rerunfilecheck.sty
Package: rerunfilecheck 2011/04/15 v1.7 Rerun checks for auxiliary files (HO)
Package uniquecounter Info: New unique counter `rerunfilecheck' on input line 2
82.
)
\Hy@SectionHShift=\skip48
)
(/usr/share/texlive/texmf-dist/tex/latex/tocbibind/tocbibind.sty
Package: tocbibind 2010/10/13 v1.5k extra ToC listings
Package tocbibind Info: The document has chapter divisions on input line 50.


Package tocbibind Note: Using chapter style headings, unless overridden.

) (/usr/share/texlive/texmf-dist/tex/latex/graphics/color.sty
Package: color 2005/11/14 v1.0j Standard LaTeX Color (DPC)

(/usr/share/texlive/texmf-dist/tex/latex/latexconfig/color.cfg
File: color.cfg 2007/01/18 v1.5 color configuration of teTeX/TeXLive
)
Package color Info: Driver file: pdftex.def on input line 130.
)
(/usr/share/texlive/texmf-dist/tex/latex/oberdiek/epstopdf.sty
Package: epstopdf 2010/02/09 v2.5 Conversion with epstopdf on the fly (HO)

(/usr/share/texlive/texmf-dist/tex/latex/oberdiek/epstopdf-base.sty
Package: epstopdf-base 2010/02/09 v2.5 Base part for package epstopdf

(/usr/share/texlive/texmf-dist/tex/latex/oberdiek/grfext.sty
Package: grfext 2010/08/19 v1.1 Manage graphics extensions (HO)
)
Package grfext Info: Graphics extension search list:
(grfext)             [.png,.pdf,.jpg,.mps,.jpeg,.jbig2,.jb2,.PNG,.PDF,.JPG,.JPE
G,.JBIG2,.JB2,.eps]
(grfext)             \AppendGraphicsExtensions on input line 452.

(/usr/share/texlive/texmf-dist/tex/latex/latexconfig/epstopdf-sys.cfg
File: epstopdf-sys.cfg 2010/07/13 v1.3 Configuration of (r)epstopdf for TeX Liv
e
)))
(/usr/share/texmf/tex/latex/xcolor/xcolor.sty
Package: xcolor 2007/01/21 v2.11 LaTeX color extensions (UK)

(/usr/share/texlive/texmf-dist/tex/latex/latexconfig/color.cfg
File: color.cfg 2007/01/18 v1.5 color configuration of teTeX/TeXLive
)
Package xcolor Info: Driver file: pdftex.def on input line 225.
LaTeX Info: Redefining \color on input line 702.
Package xcolor Info: Model `cmy' substituted by `cmy0' on input line 1337.
Package xcolor Info: Model `hsb' substituted by `rgb' on input line 1341.
Package xcolor Info: Model `RGB' extended on input line 1353.
Package xcolor Info: Model `HTML' substituted by `rgb' on input line 1355.
Package xcolor Info: Model `Hsb' substituted by `hsb' on input line 1356.
Package xcolor Info: Model `tHsb' substituted by `hsb' on input line 1357.
Package xcolor Info: Model `HSB' substituted by `hsb' on input line 1358.
Package xcolor Info: Model `Gray' substituted by `gray' on input line 1359.
Package xcolor Info: Model `wave' substituted by `hsb' on input line 1360.
)
(/usr/share/texlive/texmf-dist/tex/latex/rotating/rotating.sty
Package: rotating 2009/03/28 v2.16a rotated objects in LaTeX

(/usr/share/texlive/texmf-dist/tex/latex/base/ifthen.sty
Package: ifthen 2001/05/26 v1.1c Standard LaTeX ifthen package (DPC)
)
\c@r@tfl@t=\count115
\rotFPtop=\skip49
\rotFPbot=\skip50
\rot@float@box=\box28
\rot@mess@toks=\toks24
) (./04-CrMagOpt.aux)
\openout1 = `04-CrMagOpt.aux'.

LaTeX Font Info:    Checking defaults for OML/cmm/m/it on input line 23.
LaTeX Font Info:    ... okay on input line 23.
LaTeX Font Info:    Checking defaults for T1/cmr/m/n on input line 23.
LaTeX Font Info:    ... okay on input line 23.
LaTeX Font Info:    Checking defaults for OT1/cmr/m/n on input line 23.
LaTeX Font Info:    ... okay on input line 23.
LaTeX Font Info:    Checking defaults for OMS/cmsy/m/n on input line 23.
LaTeX Font Info:    ... okay on input line 23.
LaTeX Font Info:    Checking defaults for OMX/cmex/m/n on input line 23.
LaTeX Font Info:    ... okay on input line 23.
LaTeX Font Info:    Checking defaults for U/cmr/m/n on input line 23.
LaTeX Font Info:    ... okay on input line 23.
LaTeX Font Info:    Checking defaults for PD1/pdf/m/n on input line 23.
LaTeX Font Info:    ... okay on input line 23.

(/usr/share/texlive/texmf-dist/tex/context/base/supp-pdf.mkii
[Loading MPS to PDF converter (version 2006.09.02).]
\scratchcounter=\count116
\scratchdimen=\dimen129
\scratchbox=\box29
\nofMPsegments=\count117
\nofMParguments=\count118
\everyMPshowfont=\toks25
\MPscratchCnt=\count119
\MPscratchDim=\dimen130
\MPnumerator=\count120
\makeMPintoPDFobject=\count121
\everyMPtoPDFconversion=\toks26
)
*geometry* driver: auto-detecting
*geometry* detected driver: pdftex
*geometry* verbose mode - [ preamble ] result:
* driver: pdftex
* paper: a4paper
* layout: <same size as paper>
* layoutoffset:(h,v)=(0.0pt,0.0pt)
* modes: 
* h-part:(L,W,R)=(89.62709pt, 418.25368pt, 89.6271pt)
* v-part:(T,H,B)=(101.40665pt, 591.5302pt, 152.11pt)
* \paperwidth=597.50787pt
* \paperheight=845.04684pt
* \textwidth=418.25368pt
* \textheight=591.5302pt
* \oddsidemargin=17.3571pt
* \evensidemargin=17.3571pt
* \topmargin=-7.86334pt
* \headheight=12.0pt
* \headsep=25.0pt
* \topskip=12.0pt
* \footskip=30.0pt
* \marginparwidth=35.0pt
* \marginparsep=10.0pt
* \columnsep=10.0pt
* \skip\footins=10.8pt plus 4.0pt minus 2.0pt
* \hoffset=0.0pt
* \voffset=0.0pt
* \mag=1000
* \@twocolumnfalse
* \@twosidefalse
* \@mparswitchfalse
* \@reversemarginfalse
* (1in=72.27pt=25.4mm, 1cm=28.453pt)

\AtBeginShipoutBox=\box30
Package hyperref Info: Link coloring ON on input line 23.
(/usr/share/texlive/texmf-dist/tex/latex/hyperref/nameref.sty
Package: nameref 2012/10/27 v2.43 Cross-referencing by name of section

(/usr/share/texlive/texmf-dist/tex/generic/oberdiek/gettitlestring.sty
Package: gettitlestring 2010/12/03 v1.4 Cleanup title references (HO)
)
\c@section@level=\count122
)
LaTeX Info: Redefining \ref on input line 23.
LaTeX Info: Redefining \pageref on input line 23.
LaTeX Info: Redefining \nameref on input line 23.

(./04-CrMagOpt.out) (./04-CrMagOpt.out)
\@outlinefile=\write3
\openout3 = `04-CrMagOpt.out'.


Chapter I.

LaTeX Warning: Reference `CrSemiCon' on page 1 undefined on input line 27.


LaTeX Warning: Reference `SKGrowth' on page 1 undefined on input line 33.

Package epstopdf Info: Source file: <Picture/Spectras.eps>
(epstopdf)                    date: 2017-04-06 21:18:12
(epstopdf)                    size: 731270 bytes
(epstopdf)             Output file: <Picture/Spectras-eps-converted-to.pdf>
(epstopdf)                    date: 2017-04-06 21:18:24
(epstopdf)                    size: 90275 bytes
(epstopdf)             Command: <repstopdf --outfile=Picture/Spectras-eps-conve
rted-to.pdf Picture/Spectras.eps>
(epstopdf)             \includegraphics on input line 37.
Package epstopdf Info: Output file is already uptodate.
<Picture/Spectras-eps-converted-to.pdf, id=40, 995.72pt x 398.48875pt>
File: Picture/Spectras-eps-converted-to.pdf Graphic file (type pdf)

<use Picture/Spectras-eps-converted-to.pdf>
Package pdftex.def Info: Picture/Spectras-eps-converted-to.pdf used on input li
ne 37.
(pdftex.def)             Requested size: 426.79134pt x 170.80566pt.

Overfull \hbox (8.53766pt too wide) in paragraph at lines 37--38
 [] 
 []


LaTeX Warning: `!h' float specifier changed to `!ht'.

[1


{/var/lib/texmf/fonts/map/pdftex/updmap/pdftex.map}]
<Picture/EnLvl.png, id=56, 540.51938pt x 542.025pt>
File: Picture/EnLvl.png Graphic file (type png)
 <use Picture/EnLvl.png>
Package pdftex.def Info: Picture/EnLvl.png used on input line 47.
(pdftex.def)             Requested size: 284.52756pt x 285.32828pt.


LaTeX Warning: `!h' float specifier changed to `!ht'.


LaTeX Warning: Reference `CrSemiCon' on page 2 undefined on input line 53.


LaTeX Warning: Reference `CrSemiCon' on page 2 undefined on input line 53.

[2 <./Picture/Spectras-eps-converted-to.pdf>] [3 <./Picture/EnLvl.png>]
<Picture/LinPol.png, id=88, 1138.2525pt x 724.95844pt>
File: Picture/LinPol.png Graphic file (type png)

<use Picture/LinPol.png>
Package pdftex.def Info: Picture/LinPol.png used on input line 65.
(pdftex.def)             Requested size: 426.79134pt x 271.82556pt.

Overfull \hbox (8.53766pt too wide) in paragraph at lines 65--66
 [] 
 []

[4 <./Picture/LinPol.png>]
Package epstopdf Info: Source file: <Picture/Decay.eps>
(epstopdf)                    date: 2017-03-31 20:34:13
(epstopdf)                    size: 125892 bytes
(epstopdf)             Output file: <Picture/Decay-eps-converted-to.pdf>
(epstopdf)                    date: 2017-03-31 20:34:40
(epstopdf)                    size: 45422 bytes
(epstopdf)             Command: <repstopdf --outfile=Picture/Decay-eps-converte
d-to.pdf Picture/Decay.eps>
(epstopdf)             \includegraphics on input line 75.
Package epstopdf Info: Output file is already uptodate.

<Picture/Decay-eps-converted-to.pdf, id=97, 711.65875pt x 381.425pt>
File: Picture/Decay-eps-converted-to.pdf Graphic file (type pdf)

<use Picture/Decay-eps-converted-to.pdf>
Package pdftex.def Info: Picture/Decay-eps-converted-to.pdf used on input line 
75.
(pdftex.def)             Requested size: 284.52756pt x 152.49162pt.
Package epstopdf Info: Source file: <Picture/Temp.eps>
(epstopdf)                    date: 2017-03-29 12:44:59
(epstopdf)                    size: 288418 bytes
(epstopdf)             Output file: <Picture/Temp-eps-converted-to.pdf>
(epstopdf)                    date: 2017-03-29 14:11:25
(epstopdf)                    size: 42788 bytes
(epstopdf)             Command: <repstopdf --outfile=Picture/Temp-eps-converted
-to.pdf Picture/Temp.eps>
(epstopdf)             \includegraphics on input line 85.
Package epstopdf Info: Output file is already uptodate.

<Picture/Temp-eps-converted-to.pdf, id=106, 395.4775pt x 569.12625pt>
File: Picture/Temp-eps-converted-to.pdf Graphic file (type pdf)

<use Picture/Temp-eps-converted-to.pdf>
Package pdftex.def Info: Picture/Temp-eps-converted-to.pdf used on input line 8
5.
(pdftex.def)             Requested size: 199.16928pt x 286.62057pt.


LaTeX Warning: `!h' float specifier changed to `!ht'.

Package epstopdf Info: Source file: <Picture/PLEDotPres.eps>
(epstopdf)                    date: 2017-04-06 19:55:30
(epstopdf)                    size: 1768178 bytes
(epstopdf)             Output file: <Picture/PLEDotPres-eps-converted-to.pdf>
(epstopdf)                    date: 2017-04-06 21:13:50
(epstopdf)                    size: 127199 bytes
(epstopdf)             Command: <repstopdf --outfile=Picture/PLEDotPres-eps-con
verted-to.pdf Picture/PLEDotPres.eps>
(epstopdf)             \includegraphics on input line 106.
Package epstopdf Info: Output file is already uptodate.
<Picture/PLEDotPres-eps-converted-to.pdf, id=108, 725.71124pt x 682.55pt>
File: Picture/PLEDotPres-eps-converted-to.pdf Graphic file (type pdf)

<use Picture/PLEDotPres-eps-converted-to.pdf>
Package pdftex.def Info: Picture/PLEDotPres-eps-converted-to.pdf used on input 
line 106.
(pdftex.def)             Requested size: 284.52756pt x 267.60985pt.
 [5 <./Picture/Decay-eps-converted-to.pdf>]

LaTeX Warning: `!h' float specifier changed to `!ht'.

Package epstopdf Info: Source file: <Picture/PLEClose.eps>
(epstopdf)                    date: 2017-04-06 21:15:56
(epstopdf)                    size: 989268 bytes
(epstopdf)             Output file: <Picture/PLEClose-eps-converted-to.pdf>
(epstopdf)                    date: 2017-04-06 21:16:12
(epstopdf)                    size: 61759 bytes
(epstopdf)             Command: <repstopdf --outfile=Picture/PLEClose-eps-conve
rted-to.pdf Picture/PLEClose.eps>
(epstopdf)             \includegraphics on input line 118.
Package epstopdf Info: Output file is already uptodate.
<Picture/PLEClose-eps-converted-to.pdf, id=129, 612.2875pt x 511.9125pt>
File: Picture/PLEClose-eps-converted-to.pdf Graphic file (type pdf)

<use Picture/PLEClose-eps-converted-to.pdf>
Package pdftex.def Info: Picture/PLEClose-eps-converted-to.pdf used on input li
ne 118.
(pdftex.def)             Requested size: 284.52756pt x 237.88063pt.


LaTeX Warning: `!h' float specifier changed to `!ht'.

[6 <./Picture/Temp-eps-converted-to.pdf>]
Package epstopdf Info: Source file: <Picture/PLE2030.eps>
(epstopdf)                    date: 2017-04-13 21:49:37
(epstopdf)                    size: 2598411 bytes
(epstopdf)             Output file: <Picture/PLE2030-eps-converted-to.pdf>
(epstopdf)                    date: 2017-04-13 21:59:44
(epstopdf)                    size: 160100 bytes
(epstopdf)             Command: <repstopdf --outfile=Picture/PLE2030-eps-conver
ted-to.pdf Picture/PLE2030.eps>
(epstopdf)             \includegraphics on input line 128.
Package epstopdf Info: Output file is already uptodate.

<Picture/PLE2030-eps-converted-to.pdf, id=141, 811.03pt x 910.40125pt>
File: Picture/PLE2030-eps-converted-to.pdf Graphic file (type pdf)

<use Picture/PLE2030-eps-converted-to.pdf>
Package pdftex.def Info: Picture/PLE2030-eps-converted-to.pdf used on input lin
e 128.
(pdftex.def)             Requested size: 341.43306pt x 383.26886pt.


LaTeX Warning: `!h' float specifier changed to `!ht'.

[7 <./Picture/PLEDotPres-eps-converted-to.pdf>]
Overfull \hbox (5.13042pt too wide) in paragraph at lines 138--139
[]\T1/cmr/m/n/12 Finally, an-other in-ter-est-ing ex-cited state ap-pear at 203
0 meV. This state presents
 []

[8 <./Picture/PLEClose-eps-converted-to.pdf>]
Package epstopdf Info: Source file: <Picture/MagOptv2.eps>
(epstopdf)                    date: 2017-03-31 21:14:49
(epstopdf)                    size: 2602808 bytes
(epstopdf)             Output file: <Picture/MagOptv2-eps-converted-to.pdf>
(epstopdf)                    date: 2017-03-31 21:15:00
(epstopdf)                    size: 109853 bytes
(epstopdf)             Command: <repstopdf --outfile=Picture/MagOptv2-eps-conve
rted-to.pdf Picture/MagOptv2.eps>
(epstopdf)             \includegraphics on input line 146.
Package epstopdf Info: Output file is already uptodate.

<Picture/MagOptv2-eps-converted-to.pdf, id=170, 597.23125pt x 629.35126pt>
File: Picture/MagOptv2-eps-converted-to.pdf Graphic file (type pdf)

<use Picture/MagOptv2-eps-converted-to.pdf>
Package pdftex.def Info: Picture/MagOptv2-eps-converted-to.pdf used on input li
ne 146.
(pdftex.def)             Requested size: 284.52756pt x 299.82843pt.


LaTeX Warning: `!h' float specifier changed to `!ht'.

[9 <./Picture/PLE2030-eps-converted-to.pdf>]
Package epstopdf Info: Source file: <Picture/MagOptLowSym.eps>
(epstopdf)                    date: 2017-03-31 21:05:41
(epstopdf)                    size: 2743857 bytes
(epstopdf)             Output file: <Picture/MagOptLowSym-eps-converted-to.pdf>

(epstopdf)                    date: 2017-03-31 21:06:30
(epstopdf)                    size: 294634 bytes
(epstopdf)             Command: <repstopdf --outfile=Picture/MagOptLowSym-eps-c
onverted-to.pdf Picture/MagOptLowSym.eps>
(epstopdf)             \includegraphics on input line 156.
Package epstopdf Info: Output file is already uptodate.

<Picture/MagOptLowSym-eps-converted-to.pdf, id=189, 341.275pt x 469.755pt>
File: Picture/MagOptLowSym-eps-converted-to.pdf Graphic file (type pdf)

<use Picture/MagOptLowSym-eps-converted-to.pdf>
Package pdftex.def Info: Picture/MagOptLowSym-eps-converted-to.pdf used on inpu
t line 156.
(pdftex.def)             Requested size: 284.52756pt x 391.66702pt.


LaTeX Warning: `!h' float specifier changed to `!ht'.

[10 <./Picture/MagOptv2-eps-converted-to.pdf>] [11 <./Picture/MagOptLowSym-eps-
converted-to.pdf>]
<Picture/SimulMagOptv2.png, id=217, 580.41844pt x 708.39656pt>
File: Picture/SimulMagOptv2.png Graphic file (type png)

<use Picture/SimulMagOptv2.png>
Package pdftex.def Info: Picture/SimulMagOptv2.png used on input line 172.
(pdftex.def)             Requested size: 284.52756pt x 347.26868pt.


LaTeX Warning: `!h' float specifier changed to `!ht'.


LaTeX Warning: Reference `Cralone' on page 12 undefined on input line 185.


LaTeX Warning: Reference `HcCr' on page 12 undefined on input line 187.


LaTeX Warning: Reference `Ieh' on page 12 undefined on input line 194.


Overfull \hbox (1.17036pt too wide) in paragraph at lines 194--195
[]$\OMS/cmsy/m/n/12 H[]$ \T1/cmr/m/n/12 de-scribes the short range and long ran
ge electron-hole in-ter-ac-tion, through
 []

[12]

LaTeX Warning: Reference `HBand' on page 13 undefined on input line 196.

[13 <./Picture/SimulMagOptv2.png>]
Overfull \hbox (8.48991pt too wide) in paragraph at lines 258--258
[]|\T1/cmr/m/n/12 arg(R)| 
 []


Overfull \hbox (2.82564pt too wide) in paragraph at lines 259--259
[]|$\OML/cmm/m/it/12 ^^VeV=T[]$| 
 []

[14]
Package epstopdf Info: Source file: <Picture/HighE.eps>
(epstopdf)                    date: 2017-04-13 21:57:52
(epstopdf)                    size: 7454804 bytes
(epstopdf)             Output file: <Picture/HighE-eps-converted-to.pdf>
(epstopdf)                    date: 2017-04-13 21:59:56
(epstopdf)                    size: 594239 bytes
(epstopdf)             Command: <repstopdf --outfile=Picture/HighE-eps-converte
d-to.pdf Picture/HighE.eps>
(epstopdf)             \includegraphics on input line 273.
Package epstopdf Info: Output file is already uptodate.
 <Picture/HighE-eps-converted-to.pdf, id=261, 896.34875pt x 882.29625pt>
File: Picture/HighE-eps-converted-to.pdf Graphic file (type pdf)

<use Picture/HighE-eps-converted-to.pdf>
Package pdftex.def Info: Picture/HighE-eps-converted-to.pdf used on input line 
273.
(pdftex.def)             Requested size: 284.52756pt x 280.06537pt.
 [15 <./Picture/HighE-eps-converted-to.pdf>]
Package epstopdf Info: Source file: <Picture/6peaks.eps>
(epstopdf)                    date: 2017-04-05 20:28:28
(epstopdf)                    size: 2398877 bytes
(epstopdf)             Output file: <Picture/6peaks-eps-converted-to.pdf>
(epstopdf)                    date: 2017-04-05 20:35:09
(epstopdf)                    size: 251352 bytes
(epstopdf)             Command: <repstopdf --outfile=Picture/6peaks-eps-convert
ed-to.pdf Picture/6peaks.eps>
(epstopdf)             \includegraphics on input line 297.
Package epstopdf Info: Output file is already uptodate.
 <Picture/6peaks-eps-converted-to.pdf, id=276, 1180.41pt x 497.86pt>
File: Picture/6peaks-eps-converted-to.pdf Graphic file (type pdf)

<use Picture/6peaks-eps-converted-to.pdf>
Package pdftex.def Info: Picture/6peaks-eps-converted-to.pdf used on input line
 297.
(pdftex.def)             Requested size: 426.79134pt x 180.00432pt.

Overfull \hbox (8.53766pt too wide) in paragraph at lines 297--298
 [] 
 []


LaTeX Warning: `!h' float specifier changed to `!ht'.

Package epstopdf Info: Source file: <Picture/EfieldX-Xc.eps>
(epstopdf)                    date: 2017-04-04 22:29:21
(epstopdf)                    size: 1626793 bytes
(epstopdf)             Output file: <Picture/EfieldX-Xc-eps-converted-to.pdf>
(epstopdf)                    date: 2017-04-04 22:39:12
(epstopdf)                    size: 112904 bytes
(epstopdf)             Command: <repstopdf --outfile=Picture/EfieldX-Xc-eps-con
verted-to.pdf Picture/EfieldX-Xc.eps>
(epstopdf)             \includegraphics on input line 309.
Package epstopdf Info: Output file is already uptodate.
<Picture/EfieldX-Xc-eps-converted-to.pdf, id=282, 668.4975pt x 534.99875pt>
File: Picture/EfieldX-Xc-eps-converted-to.pdf Graphic file (type pdf)

<use Picture/EfieldX-Xc-eps-converted-to.pdf>
Package pdftex.def Info: Picture/EfieldX-Xc-eps-converted-to.pdf used on input 
line 309.
(pdftex.def)             Requested size: 341.43306pt x 273.25392pt.


LaTeX Warning: `!h' float specifier changed to `!ht'.


LaTeX Warning: Reference `ChargeSelec' on page 16 undefined on input line 315.

[16]
Package epstopdf Info: Source file: <Picture/SplitUnderEfiledXCr.eps>
(epstopdf)                    date: 2017-04-13 21:59:32
(epstopdf)                    size: 1752186 bytes
(epstopdf)             Output file: <Picture/SplitUnderEfiledXCr-eps-converted-
to.pdf>
(epstopdf)                    date: 2017-04-13 22:00:00
(epstopdf)                    size: 254064 bytes
(epstopdf)             Command: <repstopdf --outfile=Picture/SplitUnderEfiledXC
r-eps-converted-to.pdf Picture/SplitUnderEfiledXCr.eps>
(epstopdf)             \includegraphics on input line 321.
Package epstopdf Info: Output file is already uptodate.

<Picture/SplitUnderEfiledXCr-eps-converted-to.pdf, id=291, 614.295pt x 555.0737
5pt>
File: Picture/SplitUnderEfiledXCr-eps-converted-to.pdf Graphic file (type pdf)
 <use Picture/SplitUnderEfiledXCr-eps-converted-to.pdf>
Package pdftex.def Info: Picture/SplitUnderEfiledXCr-eps-converted-to.pdf used 
on input line 321.
(pdftex.def)             Requested size: 341.43306pt x 308.51846pt.


LaTeX Warning: `!h' float specifier changed to `!ht'.

<Picture/CrCloseDot.png, id=295, 938.75719pt x 542.025pt>
File: Picture/CrCloseDot.png Graphic file (type png)

<use Picture/CrCloseDot.png>
Package pdftex.def Info: Picture/CrCloseDot.png used on input line 331.
(pdftex.def)             Requested size: 426.79134pt x 246.42326pt.

Overfull \hbox (8.53766pt too wide) in paragraph at lines 331--332
 [] 
 []


LaTeX Warning: `!h' float specifier changed to `!ht'.

[17 <./Picture/6peaks-eps-converted-to.pdf>] [18 <./Picture/EfieldX-Xc-eps-conv
erted-to.pdf>] [19 <./Picture/SplitUnderEfiledXCr-eps-converted-to.pdf>]
[20 <./Picture/CrCloseDot.png>] (./04-CrMagOpt.bbl [21]
Chapter II.
[22

])
Package atveryend Info: Empty hook `BeforeClearDocument' on input line 356.
 [23]
Package atveryend Info: Empty hook `AfterLastShipout' on input line 356.
 (./04-CrMagOpt.aux)
Package atveryend Info: Executing hook `AtVeryEndDocument' on input line 356.
Package atveryend Info: Executing hook `AtEndAfterFileList' on input line 356.
Package rerunfilecheck Info: File `04-CrMagOpt.out' has not changed.
(rerunfilecheck)             Checksum: 2FD69E0585CFD497AD769A86B6DFCC47;721.


LaTeX Warning: There were undefined references.

Package atveryend Info: Empty hook `AtVeryVeryEnd' on input line 356.
 ) 
Here is how much of TeX's memory you used:
 7763 strings out of 494958
 109468 string characters out of 6179214
 218913 words of memory out of 5000000
 10789 multiletter control sequences out of 15000+600000
 13908 words of font info for 35 fonts, out of 8000000 for 9000
 36 hyphenation exceptions out of 8191
 30i,18n,35p,1427b,473s stack positions out of 5000i,500n,10000p,200000b,80000s
 </home/audreyazura/.texmf-var/fonts/pk/ljfour/jknappen/ec/ecti1200.600pk> </
home/audreyazura/.texmf-var/fonts/pk/ljfour/jknappen/ec/ecbx1440.600pk> </home/
audreyazura/.texmf-var/fonts/pk/ljfour/jknappen/ec/ecbx1728.600pk> </home/audre
yazura/.texmf-var/fonts/pk/ljfour/jknappen/ec/ecbx1200.600pk> </home/audreyazur
a/.texmf-var/fonts/pk/ljfour/jknappen/ec/ecrm1200.600pk> </home/audreyazura/.te
xmf-var/fonts/pk/ljfour/jknappen/ec/ecbx2488.600pk></usr/share/texlive/texmf-di
st/fonts/type1/public/amsfonts/cm/cmmi12.pfb></usr/share/texlive/texmf-dist/fon
ts/type1/public/amsfonts/cm/cmmi6.pfb></usr/share/texlive/texmf-dist/fonts/type
1/public/amsfonts/cm/cmmi8.pfb></usr/share/texlive/texmf-dist/fonts/type1/publi
c/amsfonts/cm/cmr12.pfb></usr/share/texlive/texmf-dist/fonts/type1/public/amsfo
nts/cm/cmr8.pfb></usr/share/texlive/texmf-dist/fonts/type1/public/amsfonts/cm/c
msy10.pfb></usr/share/texlive/texmf-dist/fonts/type1/public/amsfonts/cm/cmsy6.p
fb></usr/share/texlive/texmf-dist/fonts/type1/public/amsfonts/cm/cmsy8.pfb>
Output written on 04-CrMagOpt.pdf (23 pages, 2930073 bytes).
PDF statistics:
 626 PDF objects out of 1000 (max. 8388607)
 326 compressed objects within 4 object streams
 72 named destinations out of 1000 (max. 500000)
 153 words of extra memory for PDF output out of 10000 (max. 10000000)

