This is pdfTeX, Version 3.1415926-2.5-1.40.14 (TeX Live 2013/Debian) (format=pdflatex 2017.5.30)  5 AUG 2017 04:36
entering extended mode
 restricted \write18 enabled.
 %&-line parsing enabled.
**03-h-Mn.tex
(./03-h-Mn.tex
LaTeX2e <2011/06/27>
Babel <3.9h> and hyphenation patterns for 2 languages loaded.
(/usr/share/texlive/texmf-dist/tex/latex/base/report.cls
Document Class: report 2007/10/19 v1.4h Standard LaTeX document class
(/usr/share/texlive/texmf-dist/tex/latex/base/size12.clo
File: size12.clo 2007/10/19 v1.4h Standard LaTeX file (size option)
)
\c@part=\count79
\c@chapter=\count80
\c@section=\count81
\c@subsection=\count82
\c@subsubsection=\count83
\c@paragraph=\count84
\c@subparagraph=\count85
\c@figure=\count86
\c@table=\count87
\abovecaptionskip=\skip41
\belowcaptionskip=\skip42
\bibindent=\dimen102
)
(/usr/share/texlive/texmf-dist/tex/latex/base/inputenc.sty
Package: inputenc 2008/03/30 v1.1d Input encoding file
\inpenc@prehook=\toks14
\inpenc@posthook=\toks15

(/usr/share/texlive/texmf-dist/tex/latex/base/utf8.def
File: utf8.def 2008/04/05 v1.1m UTF-8 support for inputenc
Now handling font encoding OML ...
... no UTF-8 mapping file for font encoding OML
Now handling font encoding T1 ...
... processing UTF-8 mapping file for font encoding T1

(/usr/share/texlive/texmf-dist/tex/latex/base/t1enc.dfu
File: t1enc.dfu 2008/04/05 v1.1m UTF-8 support for inputenc
   defining Unicode char U+00A1 (decimal 161)
   defining Unicode char U+00A3 (decimal 163)
   defining Unicode char U+00AB (decimal 171)
   defining Unicode char U+00BB (decimal 187)
   defining Unicode char U+00BF (decimal 191)
   defining Unicode char U+00C0 (decimal 192)
   defining Unicode char U+00C1 (decimal 193)
   defining Unicode char U+00C2 (decimal 194)
   defining Unicode char U+00C3 (decimal 195)
   defining Unicode char U+00C4 (decimal 196)
   defining Unicode char U+00C5 (decimal 197)
   defining Unicode char U+00C6 (decimal 198)
   defining Unicode char U+00C7 (decimal 199)
   defining Unicode char U+00C8 (decimal 200)
   defining Unicode char U+00C9 (decimal 201)
   defining Unicode char U+00CA (decimal 202)
   defining Unicode char U+00CB (decimal 203)
   defining Unicode char U+00CC (decimal 204)
   defining Unicode char U+00CD (decimal 205)
   defining Unicode char U+00CE (decimal 206)
   defining Unicode char U+00CF (decimal 207)
   defining Unicode char U+00D0 (decimal 208)
   defining Unicode char U+00D1 (decimal 209)
   defining Unicode char U+00D2 (decimal 210)
   defining Unicode char U+00D3 (decimal 211)
   defining Unicode char U+00D4 (decimal 212)
   defining Unicode char U+00D5 (decimal 213)
   defining Unicode char U+00D6 (decimal 214)
   defining Unicode char U+00D8 (decimal 216)
   defining Unicode char U+00D9 (decimal 217)
   defining Unicode char U+00DA (decimal 218)
   defining Unicode char U+00DB (decimal 219)
   defining Unicode char U+00DC (decimal 220)
   defining Unicode char U+00DD (decimal 221)
   defining Unicode char U+00DE (decimal 222)
   defining Unicode char U+00DF (decimal 223)
   defining Unicode char U+00E0 (decimal 224)
   defining Unicode char U+00E1 (decimal 225)
   defining Unicode char U+00E2 (decimal 226)
   defining Unicode char U+00E3 (decimal 227)
   defining Unicode char U+00E4 (decimal 228)
   defining Unicode char U+00E5 (decimal 229)
   defining Unicode char U+00E6 (decimal 230)
   defining Unicode char U+00E7 (decimal 231)
   defining Unicode char U+00E8 (decimal 232)
   defining Unicode char U+00E9 (decimal 233)
   defining Unicode char U+00EA (decimal 234)
   defining Unicode char U+00EB (decimal 235)
   defining Unicode char U+00EC (decimal 236)
   defining Unicode char U+00ED (decimal 237)
   defining Unicode char U+00EE (decimal 238)
   defining Unicode char U+00EF (decimal 239)
   defining Unicode char U+00F0 (decimal 240)
   defining Unicode char U+00F1 (decimal 241)
   defining Unicode char U+00F2 (decimal 242)
   defining Unicode char U+00F3 (decimal 243)
   defining Unicode char U+00F4 (decimal 244)
   defining Unicode char U+00F5 (decimal 245)
   defining Unicode char U+00F6 (decimal 246)
   defining Unicode char U+00F8 (decimal 248)
   defining Unicode char U+00F9 (decimal 249)
   defining Unicode char U+00FA (decimal 250)
   defining Unicode char U+00FB (decimal 251)
   defining Unicode char U+00FC (decimal 252)
   defining Unicode char U+00FD (decimal 253)
   defining Unicode char U+00FE (decimal 254)
   defining Unicode char U+00FF (decimal 255)
   defining Unicode char U+0102 (decimal 258)
   defining Unicode char U+0103 (decimal 259)
   defining Unicode char U+0104 (decimal 260)
   defining Unicode char U+0105 (decimal 261)
   defining Unicode char U+0106 (decimal 262)
   defining Unicode char U+0107 (decimal 263)
   defining Unicode char U+010C (decimal 268)
   defining Unicode char U+010D (decimal 269)
   defining Unicode char U+010E (decimal 270)
   defining Unicode char U+010F (decimal 271)
   defining Unicode char U+0110 (decimal 272)
   defining Unicode char U+0111 (decimal 273)
   defining Unicode char U+0118 (decimal 280)
   defining Unicode char U+0119 (decimal 281)
   defining Unicode char U+011A (decimal 282)
   defining Unicode char U+011B (decimal 283)
   defining Unicode char U+011E (decimal 286)
   defining Unicode char U+011F (decimal 287)
   defining Unicode char U+0130 (decimal 304)
   defining Unicode char U+0131 (decimal 305)
   defining Unicode char U+0132 (decimal 306)
   defining Unicode char U+0133 (decimal 307)
   defining Unicode char U+0139 (decimal 313)
   defining Unicode char U+013A (decimal 314)
   defining Unicode char U+013D (decimal 317)
   defining Unicode char U+013E (decimal 318)
   defining Unicode char U+0141 (decimal 321)
   defining Unicode char U+0142 (decimal 322)
   defining Unicode char U+0143 (decimal 323)
   defining Unicode char U+0144 (decimal 324)
   defining Unicode char U+0147 (decimal 327)
   defining Unicode char U+0148 (decimal 328)
   defining Unicode char U+014A (decimal 330)
   defining Unicode char U+014B (decimal 331)
   defining Unicode char U+0150 (decimal 336)
   defining Unicode char U+0151 (decimal 337)
   defining Unicode char U+0152 (decimal 338)
   defining Unicode char U+0153 (decimal 339)
   defining Unicode char U+0154 (decimal 340)
   defining Unicode char U+0155 (decimal 341)
   defining Unicode char U+0158 (decimal 344)
   defining Unicode char U+0159 (decimal 345)
   defining Unicode char U+015A (decimal 346)
   defining Unicode char U+015B (decimal 347)
   defining Unicode char U+015E (decimal 350)
   defining Unicode char U+015F (decimal 351)
   defining Unicode char U+0160 (decimal 352)
   defining Unicode char U+0161 (decimal 353)
   defining Unicode char U+0162 (decimal 354)
   defining Unicode char U+0163 (decimal 355)
   defining Unicode char U+0164 (decimal 356)
   defining Unicode char U+0165 (decimal 357)
   defining Unicode char U+016E (decimal 366)
   defining Unicode char U+016F (decimal 367)
   defining Unicode char U+0170 (decimal 368)
   defining Unicode char U+0171 (decimal 369)
   defining Unicode char U+0178 (decimal 376)
   defining Unicode char U+0179 (decimal 377)
   defining Unicode char U+017A (decimal 378)
   defining Unicode char U+017B (decimal 379)
   defining Unicode char U+017C (decimal 380)
   defining Unicode char U+017D (decimal 381)
   defining Unicode char U+017E (decimal 382)
   defining Unicode char U+200C (decimal 8204)
   defining Unicode char U+2013 (decimal 8211)
   defining Unicode char U+2014 (decimal 8212)
   defining Unicode char U+2018 (decimal 8216)
   defining Unicode char U+2019 (decimal 8217)
   defining Unicode char U+201A (decimal 8218)
   defining Unicode char U+201C (decimal 8220)
   defining Unicode char U+201D (decimal 8221)
   defining Unicode char U+201E (decimal 8222)
   defining Unicode char U+2030 (decimal 8240)
   defining Unicode char U+2031 (decimal 8241)
   defining Unicode char U+2039 (decimal 8249)
   defining Unicode char U+203A (decimal 8250)
   defining Unicode char U+2423 (decimal 9251)
)
Now handling font encoding OT1 ...
... processing UTF-8 mapping file for font encoding OT1

(/usr/share/texlive/texmf-dist/tex/latex/base/ot1enc.dfu
File: ot1enc.dfu 2008/04/05 v1.1m UTF-8 support for inputenc
   defining Unicode char U+00A1 (decimal 161)
   defining Unicode char U+00A3 (decimal 163)
   defining Unicode char U+00B8 (decimal 184)
   defining Unicode char U+00BF (decimal 191)
   defining Unicode char U+00C5 (decimal 197)
   defining Unicode char U+00C6 (decimal 198)
   defining Unicode char U+00D8 (decimal 216)
   defining Unicode char U+00DF (decimal 223)
   defining Unicode char U+00E6 (decimal 230)
   defining Unicode char U+00EC (decimal 236)
   defining Unicode char U+00ED (decimal 237)
   defining Unicode char U+00EE (decimal 238)
   defining Unicode char U+00EF (decimal 239)
   defining Unicode char U+00F8 (decimal 248)
   defining Unicode char U+0131 (decimal 305)
   defining Unicode char U+0141 (decimal 321)
   defining Unicode char U+0142 (decimal 322)
   defining Unicode char U+0152 (decimal 338)
   defining Unicode char U+0153 (decimal 339)
   defining Unicode char U+2013 (decimal 8211)
   defining Unicode char U+2014 (decimal 8212)
   defining Unicode char U+2018 (decimal 8216)
   defining Unicode char U+2019 (decimal 8217)
   defining Unicode char U+201C (decimal 8220)
   defining Unicode char U+201D (decimal 8221)
)
Now handling font encoding OMS ...
... processing UTF-8 mapping file for font encoding OMS

(/usr/share/texlive/texmf-dist/tex/latex/base/omsenc.dfu
File: omsenc.dfu 2008/04/05 v1.1m UTF-8 support for inputenc
   defining Unicode char U+00A7 (decimal 167)
   defining Unicode char U+00B6 (decimal 182)
   defining Unicode char U+00B7 (decimal 183)
   defining Unicode char U+2020 (decimal 8224)
   defining Unicode char U+2021 (decimal 8225)
   defining Unicode char U+2022 (decimal 8226)
)
Now handling font encoding OMX ...
... no UTF-8 mapping file for font encoding OMX
Now handling font encoding U ...
... no UTF-8 mapping file for font encoding U
   defining Unicode char U+00A9 (decimal 169)
   defining Unicode char U+00AA (decimal 170)
   defining Unicode char U+00AE (decimal 174)
   defining Unicode char U+00BA (decimal 186)
   defining Unicode char U+02C6 (decimal 710)
   defining Unicode char U+02DC (decimal 732)
   defining Unicode char U+200C (decimal 8204)
   defining Unicode char U+2026 (decimal 8230)
   defining Unicode char U+2122 (decimal 8482)
   defining Unicode char U+2423 (decimal 9251)
))
(/usr/share/texlive/texmf-dist/tex/latex/base/fontenc.sty
Package: fontenc 2005/09/27 v1.99g Standard LaTeX package

(/usr/share/texlive/texmf-dist/tex/latex/base/t1enc.def
File: t1enc.def 2005/09/27 v1.99g Standard LaTeX file
LaTeX Font Info:    Redeclaring font encoding T1 on input line 43.
))
(/usr/share/texlive/texmf-dist/tex/latex/tools/array.sty
Package: array 2008/09/09 v2.4c Tabular extension package (FMi)
\col@sep=\dimen103
\extrarowheight=\dimen104
\NC@list=\toks16
\extratabsurround=\skip43
\backup@length=\skip44
)
(/usr/share/texlive/texmf-dist/tex/latex/amsmath/amsmath.sty
Package: amsmath 2013/01/14 v2.14 AMS math features
\@mathmargin=\skip45

For additional information on amsmath, use the `?' option.
(/usr/share/texlive/texmf-dist/tex/latex/amsmath/amstext.sty
Package: amstext 2000/06/29 v2.01

(/usr/share/texlive/texmf-dist/tex/latex/amsmath/amsgen.sty
File: amsgen.sty 1999/11/30 v2.0
\@emptytoks=\toks17
\ex@=\dimen105
))
(/usr/share/texlive/texmf-dist/tex/latex/amsmath/amsbsy.sty
Package: amsbsy 1999/11/29 v1.2d
\pmbraise@=\dimen106
)
(/usr/share/texlive/texmf-dist/tex/latex/amsmath/amsopn.sty
Package: amsopn 1999/12/14 v2.01 operator names
)
\inf@bad=\count88
LaTeX Info: Redefining \frac on input line 210.
\uproot@=\count89
\leftroot@=\count90
LaTeX Info: Redefining \overline on input line 306.
\classnum@=\count91
\DOTSCASE@=\count92
LaTeX Info: Redefining \ldots on input line 378.
LaTeX Info: Redefining \dots on input line 381.
LaTeX Info: Redefining \cdots on input line 466.
\Mathstrutbox@=\box26
\strutbox@=\box27
\big@size=\dimen107
LaTeX Font Info:    Redeclaring font encoding OML on input line 566.
LaTeX Font Info:    Redeclaring font encoding OMS on input line 567.
\macc@depth=\count93
\c@MaxMatrixCols=\count94
\dotsspace@=\muskip10
\c@parentequation=\count95
\dspbrk@lvl=\count96
\tag@help=\toks18
\row@=\count97
\column@=\count98
\maxfields@=\count99
\andhelp@=\toks19
\eqnshift@=\dimen108
\alignsep@=\dimen109
\tagshift@=\dimen110
\tagwidth@=\dimen111
\totwidth@=\dimen112
\lineht@=\dimen113
\@envbody=\toks20
\multlinegap=\skip46
\multlinetaggap=\skip47
\mathdisplay@stack=\toks21
LaTeX Info: Redefining \[ on input line 2665.
LaTeX Info: Redefining \] on input line 2666.
)
(/usr/share/texlive/texmf-dist/tex/generic/babel/babel.sty
Package: babel 2013/12/03 3.9h The Babel package

(/usr/share/texlive/texmf-dist/tex/generic/babel-english/english.ldf
Language: english 2012/08/20 v3.3p English support from the babel system

(/usr/share/texlive/texmf-dist/tex/generic/babel/babel.def
File: babel.def 2013/12/03 3.9h Babel common definitions
\babel@savecnt=\count100
\U@D=\dimen114
)
\l@british = a dialect from \language\l@english 
\l@UKenglish = a dialect from \language\l@english 
\l@canadian = a dialect from \language\l@american 
\l@australian = a dialect from \language\l@british 
\l@newzealand = a dialect from \language\l@british 
))
(/usr/share/texlive/texmf-dist/tex/latex/graphics/graphicx.sty
Package: graphicx 1999/02/16 v1.0f Enhanced LaTeX Graphics (DPC,SPQR)

(/usr/share/texlive/texmf-dist/tex/latex/graphics/keyval.sty
Package: keyval 1999/03/16 v1.13 key=value parser (DPC)
\KV@toks@=\toks22
)
(/usr/share/texlive/texmf-dist/tex/latex/graphics/graphics.sty
Package: graphics 2009/02/05 v1.0o Standard LaTeX Graphics (DPC,SPQR)

(/usr/share/texlive/texmf-dist/tex/latex/graphics/trig.sty
Package: trig 1999/03/16 v1.09 sin cos tan (DPC)
)
(/usr/share/texlive/texmf-dist/tex/latex/latexconfig/graphics.cfg
File: graphics.cfg 2010/04/23 v1.9 graphics configuration of TeX Live
)
Package graphics Info: Driver file: pdftex.def on input line 91.

(/usr/share/texlive/texmf-dist/tex/latex/pdftex-def/pdftex.def
File: pdftex.def 2011/05/27 v0.06d Graphics/color for pdfTeX

(/usr/share/texlive/texmf-dist/tex/generic/oberdiek/infwarerr.sty
Package: infwarerr 2010/04/08 v1.3 Providing info/warning/error messages (HO)
)
(/usr/share/texlive/texmf-dist/tex/generic/oberdiek/ltxcmds.sty
Package: ltxcmds 2011/11/09 v1.22 LaTeX kernel commands for general use (HO)
)
\Gread@gobject=\count101
))
\Gin@req@height=\dimen115
\Gin@req@width=\dimen116
)
(/usr/share/texlive/texmf-dist/tex/latex/geometry/geometry.sty
Package: geometry 2010/09/12 v5.6 Page Geometry

(/usr/share/texlive/texmf-dist/tex/generic/oberdiek/ifpdf.sty
Package: ifpdf 2011/01/30 v2.3 Provides the ifpdf switch (HO)
Package ifpdf Info: pdfTeX in PDF mode is detected.
)
(/usr/share/texlive/texmf-dist/tex/generic/oberdiek/ifvtex.sty
Package: ifvtex 2010/03/01 v1.5 Detect VTeX and its facilities (HO)
Package ifvtex Info: VTeX not detected.
)
(/usr/share/texlive/texmf-dist/tex/generic/ifxetex/ifxetex.sty
Package: ifxetex 2010/09/12 v0.6 Provides ifxetex conditional
)
\Gm@cnth=\count102
\Gm@cntv=\count103
\c@Gm@tempcnt=\count104
\Gm@bindingoffset=\dimen117
\Gm@wd@mp=\dimen118
\Gm@odd@mp=\dimen119
\Gm@even@mp=\dimen120
\Gm@layoutwidth=\dimen121
\Gm@layoutheight=\dimen122
\Gm@layouthoffset=\dimen123
\Gm@layoutvoffset=\dimen124
\Gm@dimlist=\toks23
)
(/usr/share/texlive/texmf-dist/tex/latex/hyperref/hyperref.sty
Package: hyperref 2012/11/06 v6.83m Hypertext links for LaTeX

(/usr/share/texlive/texmf-dist/tex/generic/oberdiek/hobsub-hyperref.sty
Package: hobsub-hyperref 2012/05/28 v1.13 Bundle oberdiek, subset hyperref (HO)


(/usr/share/texlive/texmf-dist/tex/generic/oberdiek/hobsub-generic.sty
Package: hobsub-generic 2012/05/28 v1.13 Bundle oberdiek, subset generic (HO)
Package: hobsub 2012/05/28 v1.13 Construct package bundles (HO)
Package hobsub Info: Skipping package `infwarerr' (already loaded).
Package hobsub Info: Skipping package `ltxcmds' (already loaded).
Package: ifluatex 2010/03/01 v1.3 Provides the ifluatex switch (HO)
Package ifluatex Info: LuaTeX not detected.
Package hobsub Info: Skipping package `ifvtex' (already loaded).
Package: intcalc 2007/09/27 v1.1 Expandable calculations with integers (HO)
Package hobsub Info: Skipping package `ifpdf' (already loaded).
Package: etexcmds 2011/02/16 v1.5 Avoid name clashes with e-TeX commands (HO)
Package etexcmds Info: Could not find \expanded.
(etexcmds)             That can mean that you are not using pdfTeX 1.50 or
(etexcmds)             that some package has redefined \expanded.
(etexcmds)             In the latter case, load this package earlier.
Package: kvsetkeys 2012/04/25 v1.16 Key value parser (HO)
Package: kvdefinekeys 2011/04/07 v1.3 Define keys (HO)
Package: pdftexcmds 2011/11/29 v0.20 Utility functions of pdfTeX for LuaTeX (HO
)
Package pdftexcmds Info: LuaTeX not detected.
Package pdftexcmds Info: \pdf@primitive is available.
Package pdftexcmds Info: \pdf@ifprimitive is available.
Package pdftexcmds Info: \pdfdraftmode found.
Package: pdfescape 2011/11/25 v1.13 Implements pdfTeX's escape features (HO)
Package: bigintcalc 2012/04/08 v1.3 Expandable calculations on big integers (HO
)
Package: bitset 2011/01/30 v1.1 Handle bit-vector datatype (HO)
Package: uniquecounter 2011/01/30 v1.2 Provide unlimited unique counter (HO)
)
Package hobsub Info: Skipping package `hobsub' (already loaded).
Package: letltxmacro 2010/09/02 v1.4 Let assignment for LaTeX macros (HO)
Package: hopatch 2012/05/28 v1.2 Wrapper for package hooks (HO)
Package: xcolor-patch 2011/01/30 xcolor patch
Package: atveryend 2011/06/30 v1.8 Hooks at the very end of document (HO)
Package atveryend Info: \enddocument detected (standard20110627).
Package: atbegshi 2011/10/05 v1.16 At begin shipout hook (HO)
Package: refcount 2011/10/16 v3.4 Data extraction from label references (HO)
Package: hycolor 2011/01/30 v1.7 Color options for hyperref/bookmark (HO)
)
(/usr/share/texlive/texmf-dist/tex/latex/oberdiek/auxhook.sty
Package: auxhook 2011/03/04 v1.3 Hooks for auxiliary files (HO)
)
(/usr/share/texlive/texmf-dist/tex/latex/oberdiek/kvoptions.sty
Package: kvoptions 2011/06/30 v3.11 Key value format for package options (HO)
)
\@linkdim=\dimen125
\Hy@linkcounter=\count105
\Hy@pagecounter=\count106

(/usr/share/texlive/texmf-dist/tex/latex/hyperref/pd1enc.def
File: pd1enc.def 2012/11/06 v6.83m Hyperref: PDFDocEncoding definition (HO)
Now handling font encoding PD1 ...
... no UTF-8 mapping file for font encoding PD1
)
\Hy@SavedSpaceFactor=\count107

(/usr/share/texlive/texmf-dist/tex/latex/latexconfig/hyperref.cfg
File: hyperref.cfg 2002/06/06 v1.2 hyperref configuration of TeXLive
)
Package hyperref Info: Option `colorlinks' set `true' on input line 4319.
Package hyperref Info: Hyper figures OFF on input line 4443.
Package hyperref Info: Link nesting OFF on input line 4448.
Package hyperref Info: Hyper index ON on input line 4451.
Package hyperref Info: Plain pages OFF on input line 4458.
Package hyperref Info: Backreferencing OFF on input line 4463.
Package hyperref Info: Implicit mode ON; LaTeX internals redefined.
Package hyperref Info: Bookmarks ON on input line 4688.
\c@Hy@tempcnt=\count108

(/usr/share/texlive/texmf-dist/tex/latex/url/url.sty
\Urlmuskip=\muskip11
Package: url 2013/09/16  ver 3.4  Verb mode for urls, etc.
)
LaTeX Info: Redefining \url on input line 5041.
\XeTeXLinkMargin=\dimen126
\Fld@menulength=\count109
\Field@Width=\dimen127
\Fld@charsize=\dimen128
Package hyperref Info: Hyper figures OFF on input line 6295.
Package hyperref Info: Link nesting OFF on input line 6300.
Package hyperref Info: Hyper index ON on input line 6303.
Package hyperref Info: backreferencing OFF on input line 6310.
Package hyperref Info: Link coloring ON on input line 6313.
Package hyperref Info: Link coloring with OCG OFF on input line 6320.
Package hyperref Info: PDF/A mode OFF on input line 6325.
LaTeX Info: Redefining \ref on input line 6365.
LaTeX Info: Redefining \pageref on input line 6369.
\Hy@abspage=\count110
\c@Item=\count111
\c@Hfootnote=\count112
)

Package hyperref Message: Driver (autodetected): hpdftex.

(/usr/share/texlive/texmf-dist/tex/latex/hyperref/hpdftex.def
File: hpdftex.def 2012/11/06 v6.83m Hyperref driver for pdfTeX
\Fld@listcount=\count113
\c@bookmark@seq@number=\count114

(/usr/share/texlive/texmf-dist/tex/latex/oberdiek/rerunfilecheck.sty
Package: rerunfilecheck 2011/04/15 v1.7 Rerun checks for auxiliary files (HO)
Package uniquecounter Info: New unique counter `rerunfilecheck' on input line 2
82.
)
\Hy@SectionHShift=\skip48
)
(/usr/share/texlive/texmf-dist/tex/latex/tocbibind/tocbibind.sty
Package: tocbibind 2010/10/13 v1.5k extra ToC listings
Package tocbibind Info: The document has chapter divisions on input line 50.


Package tocbibind Note: Using chapter style headings, unless overridden.

) (/usr/share/texlive/texmf-dist/tex/latex/graphics/color.sty
Package: color 2005/11/14 v1.0j Standard LaTeX Color (DPC)

(/usr/share/texlive/texmf-dist/tex/latex/latexconfig/color.cfg
File: color.cfg 2007/01/18 v1.5 color configuration of teTeX/TeXLive
)
Package color Info: Driver file: pdftex.def on input line 130.
)
(/usr/share/texlive/texmf-dist/tex/latex/oberdiek/epstopdf.sty
Package: epstopdf 2010/02/09 v2.5 Conversion with epstopdf on the fly (HO)

(/usr/share/texlive/texmf-dist/tex/latex/oberdiek/epstopdf-base.sty
Package: epstopdf-base 2010/02/09 v2.5 Base part for package epstopdf

(/usr/share/texlive/texmf-dist/tex/latex/oberdiek/grfext.sty
Package: grfext 2010/08/19 v1.1 Manage graphics extensions (HO)
)
Package grfext Info: Graphics extension search list:
(grfext)             [.png,.pdf,.jpg,.mps,.jpeg,.jbig2,.jb2,.PNG,.PDF,.JPG,.JPE
G,.JBIG2,.JB2,.eps]
(grfext)             \AppendGraphicsExtensions on input line 452.

(/usr/share/texlive/texmf-dist/tex/latex/latexconfig/epstopdf-sys.cfg
File: epstopdf-sys.cfg 2010/07/13 v1.3 Configuration of (r)epstopdf for TeX Liv
e
)))
(/usr/share/texmf/tex/latex/xcolor/xcolor.sty
Package: xcolor 2007/01/21 v2.11 LaTeX color extensions (UK)

(/usr/share/texlive/texmf-dist/tex/latex/latexconfig/color.cfg
File: color.cfg 2007/01/18 v1.5 color configuration of teTeX/TeXLive
)
Package xcolor Info: Driver file: pdftex.def on input line 225.
LaTeX Info: Redefining \color on input line 702.
Package xcolor Info: Model `cmy' substituted by `cmy0' on input line 1337.
Package xcolor Info: Model `hsb' substituted by `rgb' on input line 1341.
Package xcolor Info: Model `RGB' extended on input line 1353.
Package xcolor Info: Model `HTML' substituted by `rgb' on input line 1355.
Package xcolor Info: Model `Hsb' substituted by `hsb' on input line 1356.
Package xcolor Info: Model `tHsb' substituted by `hsb' on input line 1357.
Package xcolor Info: Model `HSB' substituted by `hsb' on input line 1358.
Package xcolor Info: Model `Gray' substituted by `gray' on input line 1359.
Package xcolor Info: Model `wave' substituted by `hsb' on input line 1360.
)
(/usr/share/texlive/texmf-dist/tex/latex/biblatex/biblatex.sty
Package: biblatex 2013/11/25 v2.8a programmable bibliographies (PK/JW/AB)

(/usr/share/texlive/texmf-dist/tex/latex/biblatex/biblatex2.sty
Package: biblatex2 2013/11/25 v2.8a programmable bibliographies (biber) (PK/JW/
AB)

(/usr/share/texlive/texmf-dist/tex/latex/etoolbox/etoolbox.sty
Package: etoolbox 2011/01/03 v2.1 e-TeX tools for LaTeX

(/usr/share/texlive/texmf-dist/tex/latex/etex-pkg/etex.sty
Package: etex 1998/03/26 v2.0 eTeX basic definition package (PEB)
\et@xins=\count115
)
\etb@tempcnta=\count116
)
(/usr/share/texlive/texmf-dist/tex/latex/logreq/logreq.sty
Package: logreq 2010/08/04 v1.0 xml request logger
\lrq@indent=\count117

(/usr/share/texlive/texmf-dist/tex/latex/logreq/logreq.def
File: logreq.def 2010/08/04 v1.0 logreq spec v1.0
))
(/usr/share/texlive/texmf-dist/tex/latex/base/ifthen.sty
Package: ifthen 2001/05/26 v1.1c Standard LaTeX ifthen package (DPC)
)
\c@tabx@nest=\count118
\c@listtotal=\count119
\c@listcount=\count120
\c@liststart=\count121
\c@liststop=\count122
\c@citecount=\count123
\c@citetotal=\count124
\c@multicitecount=\count125
\c@multicitetotal=\count126
\c@instcount=\count127
\c@maxnames=\count128
\c@minnames=\count129
\c@maxitems=\count130
\c@minitems=\count131
\c@citecounter=\count132
\c@savedcitecounter=\count133
\c@uniquelist=\count134
\c@uniquename=\count135
\c@refsection=\count136
\c@refsegment=\count137
\c@maxextratitle=\count138
\c@maxextratitleyear=\count139
\c@maxextrayear=\count140
\c@maxextraalpha=\count141
\c@abbrvpenalty=\count142
\c@highnamepenalty=\count143
\c@lownamepenalty=\count144
\c@maxparens=\count145
\c@parenlevel=\count146
\blx@tempcnta=\count147
\blx@tempcntb=\count148
\blx@tempcntc=\count149
\blx@maxsection=\count150
\blx@maxsegment@0=\count151
\blx@notetype=\count152
\blx@parenlevel@text=\count153
\blx@parenlevel@foot=\count154
\blx@sectionciteorder@0=\count155
\labelnumberwidth=\skip49
\labelalphawidth=\skip50
\shorthandwidth=\skip51
\biblabelsep=\skip52
\bibitemsep=\skip53
\bibnamesep=\skip54
\bibinitsep=\skip55
\bibparsep=\skip56
\bibhang=\skip57
\blx@bcfin=\read1
\blx@bcfout=\write3
\c@mincomprange=\count156
\c@maxcomprange=\count157
\c@mincompwidth=\count158
Package biblatex Info: Trying to load biblatex default data model...
Package biblatex Info: ... file 'blx-dm.def' found.

(/usr/share/texlive/texmf-dist/tex/latex/biblatex/blx-dm.def)
Package biblatex Info: Trying to load biblatex style data model...
Package biblatex Info: ... file 'phys.dbx' not found.
Package biblatex Info: Trying to load biblatex custom data model...
Package biblatex Info: ... file 'biblatex-dm.cfg' not found.
\c@afterword=\count159
\c@savedafterword=\count160
\c@annotator=\count161
\c@savedannotator=\count162
\c@author=\count163
\c@savedauthor=\count164
\c@bookauthor=\count165
\c@savedbookauthor=\count166
\c@commentator=\count167
\c@savedcommentator=\count168
\c@editor=\count169
\c@savededitor=\count170
\c@editora=\count171
\c@savededitora=\count172
\c@editorb=\count173
\c@savededitorb=\count174
\c@editorc=\count175
\c@savededitorc=\count176
\c@foreword=\count177
\c@savedforeword=\count178
\c@holder=\count179
\c@savedholder=\count180
\c@introduction=\count181
\c@savedintroduction=\count182
\c@namea=\count183
\c@savednamea=\count184
\c@nameb=\count185
\c@savednameb=\count186
\c@namec=\count187
\c@savednamec=\count188
\c@shortauthor=\count189
\c@savedshortauthor=\count190
\c@shorteditor=\count191
\c@savedshorteditor=\count192
\c@translator=\count193
\c@savedtranslator=\count194
\c@labelname=\count195
\c@savedlabelname=\count196
\c@institution=\count197
\c@savedinstitution=\count198
\c@lista=\count199
\c@savedlista=\count200
\c@listb=\count201
\c@savedlistb=\count202
\c@listc=\count203
\c@savedlistc=\count204
\c@listd=\count205
\c@savedlistd=\count206
\c@liste=\count207
\c@savedliste=\count208
\c@listf=\count209
\c@savedlistf=\count210
\c@location=\count211
\c@savedlocation=\count212
\c@organization=\count213
\c@savedorganization=\count214
\c@origlocation=\count215
\c@savedoriglocation=\count216
\c@origpublisher=\count217
\c@savedorigpublisher=\count218
\c@publisher=\count219
\c@savedpublisher=\count220
\c@language=\count221
\c@savedlanguage=\count222
\c@pageref=\count223
\c@savedpageref=\count224
Package biblatex Info: Trying to load compatibility code...
Package biblatex Info: ... file 'blx-compat.def' found.

(/usr/share/texlive/texmf-dist/tex/latex/biblatex/blx-compat.def
File: blx-compat.def 2013/11/25 v2.8a biblatex compatibility (PK/JW/AB)
)
Package biblatex Info: Trying to load generic definitions...
Package biblatex Info: ... file 'biblatex.def' found.

(/usr/share/texlive/texmf-dist/tex/latex/biblatex/biblatex.def
File: biblatex.def 
\c@textcitecount=\count225
\c@textcitetotal=\count226
\c@textcitemaxnames=\count227
\c@biburlnumpenalty=\count228
\c@biburlucpenalty=\count229
\c@biburllcpenalty=\count230
\c@smartand=\count231
)
Package biblatex Info: Trying to load bibliography style 'phys'...
Package biblatex Info: ... file 'phys.bbx' found.

(/usr/share/texlive/texmf-dist/tex/latex/biblatex-phys/phys.bbx
File: phys.bbx 2013/02/15 v0.9e biblatex bibliography style
Package biblatex Info: Trying to load bibliography style 'numeric-comp'...
Package biblatex Info: ... file 'numeric-comp.bbx' found.

(/usr/share/texlive/texmf-dist/tex/latex/biblatex/bbx/numeric-comp.bbx
File: numeric-comp.bbx 2013/11/25 v2.8a biblatex bibliography style (PK/JW/AB)
Package biblatex Info: Trying to load bibliography style 'numeric'...
Package biblatex Info: ... file 'numeric.bbx' found.

(/usr/share/texlive/texmf-dist/tex/latex/biblatex/bbx/numeric.bbx
File: numeric.bbx 2013/11/25 v2.8a biblatex bibliography style (PK/JW/AB)
Package biblatex Info: Trying to load bibliography style 'standard'...
Package biblatex Info: ... file 'standard.bbx' found.

(/usr/share/texlive/texmf-dist/tex/latex/biblatex/bbx/standard.bbx
File: standard.bbx 2013/11/25 v2.8a biblatex bibliography style (PK/JW/AB)
\c@bbx:relatedcount=\count232
\c@bbx:relatedtotal=\count233
))))
Package biblatex Info: Trying to load citation style 'phys'...
Package biblatex Info: ... file 'phys.cbx' found.

(/usr/share/texlive/texmf-dist/tex/latex/biblatex-phys/phys.cbx
File: phys.cbx 2013/02/15 v0.9e biblatex citation style
Package biblatex Info: Trying to load citation style 'numeric-comp'...
Package biblatex Info: ... file 'numeric-comp.cbx' found.

(/usr/share/texlive/texmf-dist/tex/latex/biblatex/cbx/numeric-comp.cbx
File: numeric-comp.cbx 2013/11/25 v2.8a biblatex citation style (PK/JW/AB)
Normal \count register pool exhausted, switching to extended pool.
\c@cbx@tempcnta=\count277
\c@cbx@tempcntb=\count278
Package biblatex Info: Redefining '\cite'.
Package biblatex Info: Redefining '\parencite'.
Package biblatex Info: Redefining '\footcite'.
Package biblatex Info: Redefining '\footcitetext'.
Package biblatex Info: Redefining '\smartcite'.
Package biblatex Info: Redefining '\supercite'.
Package biblatex Info: Redefining '\textcite'.
Package biblatex Info: Redefining '\textcites'.
Package biblatex Info: Redefining '\cites'.
Package biblatex Info: Redefining '\parencites'.
Package biblatex Info: Redefining '\smartcites'.
))
Package biblatex Info: Trying to load configuration file...
Package biblatex Info: ... file 'biblatex.cfg' found.

(/usr/share/texlive/texmf-dist/tex/latex/biblatex/biblatex.cfg
File: biblatex.cfg 
)))
(/usr/share/texlive/texmf-dist/tex/latex/lipsum/lipsum.sty
Package: lipsum 2011/04/14 v1.2 150 paragraphs of Lorem Ipsum dummy text
\c@lips@count=\count279
)
(/usr/share/texlive/texmf-dist/tex/latex/floatrow/floatrow.sty
Package: floatrow 2008/08/02 v0.3b floatrow: float package extension

(/usr/share/texlive/texmf-dist/tex/latex/caption/caption3.sty
Package: caption3 2013/05/02 v1.6-88 caption3 kernel (AR)
Package caption3 Info: TeX engine: e-TeX on input line 57.
\captionmargin=\dimen129
\captionmargin@=\dimen130
\captionwidth=\dimen131
\caption@tempdima=\dimen132
\caption@indent=\dimen133
\caption@parindent=\dimen134
\caption@hangindent=\dimen135
)
\c@float@type=\count280
\float@exts=\toks24
\float@box=\box28
\@floatcapt=\box29
Package floatrow Info: Modified float package code loaded on input line 455.
Package floatrow Info: Modified rotfloat package code loaded on input line 473.

\FR@everyfloat=\toks25

! No room for a new \count .
\ch@ck ...\else \errmessage {No room for a new #3}
                                                  \fi 
l.485 ...finable\flrow@foot{\newinsert\flrow@foot}
                                                  
This error message was generated by an \errmessage
command, so I can't give any explicit help.
Pretend that you're Hercule Poirot: Examine all clues,
and deduce the truth by order and method.

\FB@wd=\dimen136
\FBo@wd=\dimen137
\FBc@wd=\dimen138
\FBo@ht=\skip58
\FBc@ht=\skip59
\FBf@ht=\skip60
\FBo@max=\skip61
\FBc@max=\skip62
\FBf@max=\skip63
\c@FBl@b=\count281
\floatbox@depth=\count282
\c@FRobj=\count283
\c@FRsobj=\count284
\Xhsize=\skip64
\sXhsize=\skip65
\Zhsize=\skip66
\sZhsize=\skip67
\flrow@rowbox=\box30
\FR@Zunitlength=\dimen139
\c@FBcnt=\count285
\FPOScnt=\count286
\LTleft=\skip68
\LTright=\skip69
\LTleft=\skip70
\LTright=\skip71
\flrow@types=\toks26
) (/usr/share/texlive/texmf-dist/tex/latex/tools/bm.sty
Package: bm 2004/02/26 v1.1c Bold Symbol Support (DPC/FMi)
\symboldoperators=\mathgroup4
\symboldletters=\mathgroup5
\symboldsymbols=\mathgroup6
LaTeX Font Info:    Redeclaring math alphabet \mathbf on input line 138.
LaTeX Info: Redefining \bm on input line 204.
)
Package biblatex Info: Trying to load language 'english'...
Package biblatex Info: ... file 'english.lbx' found.

(/usr/share/texlive/texmf-dist/tex/latex/biblatex/lbx/english.lbx
File: english.lbx 2013/11/25 v2.8a biblatex localization (PK/JW/AB)
)

Package biblatex Warning: 'babel/polyglossia' detected but 'csquotes' missing.
(biblatex)                Loading 'csquotes' recommended.

\@quotelevel=\count287
\@quotereset=\count288
(./03-h-Mn.aux)
\openout1 = `03-h-Mn.aux'.

LaTeX Font Info:    Checking defaults for OML/cmm/m/it on input line 29.
LaTeX Font Info:    ... okay on input line 29.
LaTeX Font Info:    Checking defaults for T1/cmr/m/n on input line 29.
LaTeX Font Info:    ... okay on input line 29.
LaTeX Font Info:    Checking defaults for OT1/cmr/m/n on input line 29.
LaTeX Font Info:    ... okay on input line 29.
LaTeX Font Info:    Checking defaults for OMS/cmsy/m/n on input line 29.
LaTeX Font Info:    ... okay on input line 29.
LaTeX Font Info:    Checking defaults for OMX/cmex/m/n on input line 29.
LaTeX Font Info:    ... okay on input line 29.
LaTeX Font Info:    Checking defaults for U/cmr/m/n on input line 29.
LaTeX Font Info:    ... okay on input line 29.
LaTeX Font Info:    Checking defaults for PD1/pdf/m/n on input line 29.
LaTeX Font Info:    ... okay on input line 29.
 (/usr/share/texlive/texmf-dist/tex/context/base/supp-pdf.mkii
[Loading MPS to PDF converter (version 2006.09.02).]
\scratchcounter=\count289
\scratchdimen=\dimen140
\scratchbox=\box31
\nofMPsegments=\count290
\nofMParguments=\count291
\everyMPshowfont=\toks27
\MPscratchCnt=\count292
\MPscratchDim=\dimen141
\MPnumerator=\count293
\makeMPintoPDFobject=\count294
\everyMPtoPDFconversion=\toks28
)
*geometry* driver: auto-detecting
*geometry* detected driver: pdftex
*geometry* verbose mode - [ preamble ] result:
* driver: pdftex
* paper: a4paper
* layout: <same size as paper>
* layoutoffset:(h,v)=(0.0pt,0.0pt)
* modes: 
* h-part:(L,W,R)=(89.62709pt, 418.25368pt, 89.6271pt)
* v-part:(T,H,B)=(101.40665pt, 591.5302pt, 152.11pt)
* \paperwidth=597.50787pt
* \paperheight=845.04684pt
* \textwidth=418.25368pt
* \textheight=591.5302pt
* \oddsidemargin=17.3571pt
* \evensidemargin=17.3571pt
* \topmargin=-7.86334pt
* \headheight=12.0pt
* \headsep=25.0pt
* \topskip=12.0pt
* \footskip=30.0pt
* \marginparwidth=35.0pt
* \marginparsep=10.0pt
* \columnsep=10.0pt
* \skip\footins=10.8pt plus 4.0pt minus 2.0pt
* \hoffset=0.0pt
* \voffset=0.0pt
* \mag=1000
* \@twocolumnfalse
* \@twosidefalse
* \@mparswitchfalse
* \@reversemarginfalse
* (1in=72.27pt=25.4mm, 1cm=28.453pt)

\AtBeginShipoutBox=\box32
Package hyperref Info: Link coloring ON on input line 29.
(/usr/share/texlive/texmf-dist/tex/latex/hyperref/nameref.sty
Package: nameref 2012/10/27 v2.43 Cross-referencing by name of section

(/usr/share/texlive/texmf-dist/tex/generic/oberdiek/gettitlestring.sty
Package: gettitlestring 2010/12/03 v1.4 Cleanup title references (HO)
)
\c@section@level=\count295
)
LaTeX Info: Redefining \ref on input line 29.
LaTeX Info: Redefining \pageref on input line 29.
LaTeX Info: Redefining \nameref on input line 29.

(./03-h-Mn.out) (./03-h-Mn.out)
\@outlinefile=\write4
\openout4 = `03-h-Mn.out'.

Package biblatex Info: Input encoding 'utf8' detected.
Package biblatex Info: Automatic encoding selection.
(biblatex)             Assuming data encoding 'utf8'.
\openout3 = `03-h-Mn.bcf'.

Package biblatex Info: Trying to load bibliographic data...
Package biblatex Info: ... file '03-h-Mn.bbl' found.
 (./03-h-Mn.bbl)
Package biblatex Info: Reference section=0 on input line 29.
Package biblatex Info: Reference segment=0 on input line 29.
Package caption Info: Begin \AtBeginDocument code.
Package caption Info: End \AtBeginDocument code.

Chapter I.

LaTeX Warning: Reference `MnSemiCon' on page 1 undefined on input line 39.


LaTeX Warning: Reference `ChargedSample' on page 1 undefined on input line 39.

Package epstopdf Info: Source file: <Pictures/DotPres.eps>
(epstopdf)                    date: 2017-07-17 08:27:16
(epstopdf)                    size: 16956324 bytes
(epstopdf)             Output file: <Pictures/DotPres-eps-converted-to.pdf>
(epstopdf)                    date: 2017-07-17 08:27:16
(epstopdf)                    size: 162518 bytes
(epstopdf)             Command: <repstopdf --outfile=Pictures/DotPres-eps-conve
rted-to.pdf Pictures/DotPres.eps>
(epstopdf)             \includegraphics on input line 44.
Package epstopdf Info: Output file is already uptodate.
<Pictures/DotPres-eps-converted-to.pdf, id=38, 463.7325pt x 503.8825pt>
File: Pictures/DotPres-eps-converted-to.pdf Graphic file (type pdf)

<use Pictures/DotPres-eps-converted-to.pdf>
Package pdftex.def Info: Pictures/DotPres-eps-converted-to.pdf used on input li
ne 44.
(pdftex.def)             Requested size: 341.43306pt x 370.99887pt.

! Missing number, treated as zero.
<to be read again> 
                   \flrow@foot 
l.46 	\end{figure}
                  
A number should have been here; I inserted `0'.
(If you can't figure out why I needed to see a number,
look up `weird error' in the index to The TeXbook.)


LaTeX Warning: `!h' float specifier changed to `!ht'.

[1


{/var/lib/texmf/fonts/map/pdftex/updmap/pdftex.map}] [2 <./Pictures/DotPres-eps
-converted-to.pdf>]

LaTeX Warning: Reference `XMn' on page 3 undefined on input line 61.

<Pictures/Recomb.png, id=71, 853.68938pt x 511.9125pt>
File: Pictures/Recomb.png Graphic file (type png)

<use Pictures/Recomb.png>
Package pdftex.def Info: Pictures/Recomb.png used on input line 65.
(pdftex.def)             Requested size: 421.10086pt x 252.51872pt.

Overfull \hbox (2.84718pt too wide) in paragraph at lines 65--66
 [] 
 []

! Missing number, treated as zero.
<to be read again> 
                   \flrow@foot 
l.69 	\end{figure}
                  
A number should have been here; I inserted `0'.
(If you can't figure out why I needed to see a number,
look up `weird error' in the index to The TeXbook.)

[3 <./Pictures/Recomb.png>]
! Undefined control sequence.
<argument> \upsigma 
                    
l.74 	\end{align}
                 
The control sequence at the end of the top line
of your error message was never \def'ed. If you have
misspelled it (e.g., `\hobx'), type `I' and the correct
spelling (e.g., `I\hbox'). Otherwise just continue,
and I'll forget about whatever was undefined.

! Undefined control sequence.
<argument> \upsigma 
                    
l.74 	\end{align}
                 
The control sequence at the end of the top line
of your error message was never \def'ed. If you have
misspelled it (e.g., `\hobx'), type `I' and the correct
spelling (e.g., `I\hbox'). Otherwise just continue,
and I'll forget about whatever was undefined.

! Undefined control sequence.
<argument> \upsigma 
                    
l.75 with, as usual, $\bm{\upsigma}
                                   $ as the electron and $I_{eMn}$ as the e-...
The control sequence at the end of the top line
of your error message was never \def'ed. If you have
misspelled it (e.g., `\hobx'), type `I' and the correct
spelling (e.g., `I\hbox'). Otherwise just continue,
and I'll forget about whatever was undefined.

<Pictures/Spinstructv2.png, id=86, 483.30562pt x 569.12625pt>
File: Pictures/Spinstructv2.png Graphic file (type png)

<use Pictures/Spinstructv2.png>
Package pdftex.def Info: Pictures/Spinstructv2.png used on input line 81.
(pdftex.def)             Requested size: 341.43306pt x 402.07643pt.

! Missing number, treated as zero.
<to be read again> 
                   \flrow@foot 
l.85 	\end{figure}
                  
A number should have been here; I inserted `0'.
(If you can't figure out why I needed to see a number,
look up `weird error' in the index to The TeXbook.)


LaTeX Warning: `!h' float specifier changed to `!ht'.

! Undefined control sequence.
<argument> \upsigma 
                    
l.100 	\end{align}
                  
The control sequence at the end of the top line
of your error message was never \def'ed. If you have
misspelled it (e.g., `\hobx'), type `I' and the correct
spelling (e.g., `I\hbox'). Otherwise just continue,
and I'll forget about whatever was undefined.

! Undefined control sequence.
<argument> \upsigma 
                    
l.100 	\end{align}
                  
The control sequence at the end of the top line
of your error message was never \def'ed. If you have
misspelled it (e.g., `\hobx'), type `I' and the correct
spelling (e.g., `I\hbox'). Otherwise just continue,
and I'll forget about whatever was undefined.

! Missing number, treated as zero.
<to be read again> 
                   \flrow@foot 
l.115 	\end{table}
                  
A number should have been here; I inserted `0'.
(If you can't figure out why I needed to see a number,
look up `weird error' in the index to The TeXbook.)


Package hyperref Warning: Token not allowed in a PDF string (PDFDocEncoding):
(hyperref)                removing `math shift' on input line 119.


Package hyperref Warning: Token not allowed in a PDF string (PDFDocEncoding):
(hyperref)                removing `\Lambda' on input line 119.


Package hyperref Warning: Token not allowed in a PDF string (PDFDocEncoding):
(hyperref)                removing `math shift' on input line 119.

[4] <Pictures/Lambdasyst.png, id=118, 542.025pt x 569.12625pt>
File: Pictures/Lambdasyst.png Graphic file (type png)

<use Pictures/Lambdasyst.png>
Package pdftex.def Info: Pictures/Lambdasyst.png used on input line 125.
(pdftex.def)             Requested size: 341.43306pt x 358.5167pt.

! Missing number, treated as zero.
<to be read again> 
                   \flrow@foot 
l.129 	\end{figure}
                   
A number should have been here; I inserted `0'.
(If you can't figure out why I needed to see a number,
look up `weird error' in the index to The TeXbook.)

[5 <./Pictures/Spinstructv2.png>]

LaTeX Warning: `!h' float specifier changed to `!ht'.


Package hyperref Warning: Token not allowed in a PDF string (PDFDocEncoding):
(hyperref)                removing `math shift' on input line 138.


Package hyperref Warning: Token not allowed in a PDF string (PDFDocEncoding):
(hyperref)                removing `\lambda' on input line 138.


Package hyperref Warning: Token not allowed in a PDF string (PDFDocEncoding):
(hyperref)                removing `math shift' on input line 138.

Package epstopdf Info: Source file: <Pictures/ResAutocor.eps>
(epstopdf)                    date: 2017-07-17 08:27:20
(epstopdf)                    size: 11017754 bytes
(epstopdf)             Output file: <Pictures/ResAutocor-eps-converted-to.pdf>
(epstopdf)                    date: 2017-07-20 10:46:39
(epstopdf)                    size: 61475 bytes
(epstopdf)             Command: <repstopdf --outfile=Pictures/ResAutocor-eps-co
nverted-to.pdf Pictures/ResAutocor.eps>
(epstopdf)             \includegraphics on input line 148.
Package epstopdf Info: Output file is already uptodate.
<Pictures/ResAutocor-eps-converted-to.pdf, id=127, 620.3175pt x 313.17pt>
File: Pictures/ResAutocor-eps-converted-to.pdf Graphic file (type pdf)

<use Pictures/ResAutocor-eps-converted-to.pdf>
Package pdftex.def Info: Pictures/ResAutocor-eps-converted-to.pdf used on input
 line 148.
(pdftex.def)             Requested size: 421.10086pt x 212.59438pt.

Overfull \hbox (2.84718pt too wide) in paragraph at lines 148--149
 [] 
 []

! Missing number, treated as zero.
<to be read again> 
                   \flrow@foot 
l.152 	\end{figure}
                   
A number should have been here; I inserted `0'.
(If you can't figure out why I needed to see a number,
look up `weird error' in the index to The TeXbook.)


LaTeX Warning: `!h' float specifier changed to `!ht'.

[6] [7 <./Pictures/Lambdasyst.png>]
<Pictures/RelaxMecanism.png, id=145, 233.37187pt x 255.95625pt>
File: Pictures/RelaxMecanism.png Graphic file (type png)

<use Pictures/RelaxMecanism.png>
Package pdftex.def Info: Pictures/RelaxMecanism.png used on input line 162.
(pdftex.def)             Requested size: 170.71652pt x 187.24486pt.

! Missing number, treated as zero.
<to be read again> 
                   \flrow@foot 
l.162 	\end{center}}
                    
A number should have been here; I inserted `0'.
(If you can't figure out why I needed to see a number,
look up `weird error' in the index to The TeXbook.)

! Missing number, treated as zero.
<to be read again> 
                   \flrow@foot 
l.162 	\end{center}}
                    
A number should have been here; I inserted `0'.
(If you can't figure out why I needed to see a number,
look up `weird error' in the index to The TeXbook.)

File: Pictures/RelaxMecanism.png Graphic file (type png)
<use Pictures/RelaxMecanism.png>
Package pdftex.def Info: Pictures/RelaxMecanism.png used on input line 162.
(pdftex.def)             Requested size: 170.71652pt x 187.24486pt.

! Missing number, treated as zero.
<to be read again> 
                   \flrow@foot 
l.162 	\end{center}}
                    
A number should have been here; I inserted `0'.
(If you can't figure out why I needed to see a number,
look up `weird error' in the index to The TeXbook.)


LaTeX Warning: `!h' float specifier changed to `!ht'.

[8 <./Pictures/ResAutocor-eps-converted-to.pdf>]
Package epstopdf Info: Source file: <Pictures/AutocorBPw.eps>
(epstopdf)                    date: 2017-07-17 08:27:16
(epstopdf)                    size: 18618889 bytes
(epstopdf)             Output file: <Pictures/AutocorBPw-eps-converted-to.pdf>
(epstopdf)                    date: 2017-07-20 10:46:56
(epstopdf)                    size: 226722 bytes
(epstopdf)             Command: <repstopdf --outfile=Pictures/AutocorBPw-eps-co
nverted-to.pdf Pictures/AutocorBPw.eps>
(epstopdf)             \includegraphics on input line 169.
Package epstopdf Info: Output file is already uptodate.

<Pictures/AutocorBPw-eps-converted-to.pdf, id=158, 520.94624pt x 508.90125pt>
File: Pictures/AutocorBPw-eps-converted-to.pdf Graphic file (type pdf)

<use Pictures/AutocorBPw-eps-converted-to.pdf>
Package pdftex.def Info: Pictures/AutocorBPw-eps-converted-to.pdf used on input
 line 169.
(pdftex.def)             Requested size: 341.43306pt x 333.53854pt.

! Missing number, treated as zero.
<to be read again> 
                   \flrow@foot 
l.173 		\end{figure}
                    
A number should have been here; I inserted `0'.
(If you can't figure out why I needed to see a number,
look up `weird error' in the index to The TeXbook.)


LaTeX Warning: `!h' float specifier changed to `!ht'.


Underfull \hbox (badness 10000) in paragraph at lines 177--178

 []

<Pictures/ResPumpv2.png, id=161, 542.025pt x 492.33937pt>
File: Pictures/ResPumpv2.png Graphic file (type png)

<use Pictures/ResPumpv2.png>
Package pdftex.def Info: Pictures/ResPumpv2.png used on input line 181.
(pdftex.def)             Requested size: 418.25542pt x 379.92885pt.

! Missing number, treated as zero.
<to be read again> 
                   \flrow@foot 
l.185 	\end{figure}
                   
A number should have been here; I inserted `0'.
(If you can't figure out why I needed to see a number,
look up `weird error' in the index to The TeXbook.)


LaTeX Warning: `!h' float specifier changed to `!ht'.

[9 <./Pictures/RelaxMecanism.png>] [10 <./Pictures/AutocorBPw-eps-converted-to.
pdf>]
Package epstopdf Info: Source file: <Pictures/PumpBPw.eps>
(epstopdf)                    date: 2017-07-17 08:27:19
(epstopdf)                    size: 17493623 bytes
(epstopdf)             Output file: <Pictures/PumpBPw-eps-converted-to.pdf>
(epstopdf)                    date: 2017-07-20 10:47:14
(epstopdf)                    size: 235802 bytes
(epstopdf)             Command: <repstopdf --outfile=Pictures/PumpBPw-eps-conve
rted-to.pdf Pictures/PumpBPw.eps>
(epstopdf)             \includegraphics on input line 193.
Package epstopdf Info: Output file is already uptodate.
 <Pictures/PumpBPw-eps-converted-to.pdf, id=181, 511.9125pt x 497.86pt>
File: Pictures/PumpBPw-eps-converted-to.pdf Graphic file (type pdf)

<use Pictures/PumpBPw-eps-converted-to.pdf>
Package pdftex.def Info: Pictures/PumpBPw-eps-converted-to.pdf used on input li
ne 193.
(pdftex.def)             Requested size: 341.43306pt x 332.06032pt.

! Missing number, treated as zero.
<to be read again> 
                   \flrow@foot 
l.197 	\end{figure}
                   
A number should have been here; I inserted `0'.
(If you can't figure out why I needed to see a number,
look up `weird error' in the index to The TeXbook.)


LaTeX Warning: `!h' float specifier changed to `!ht'.


Overfull \hbox (4.70824pt too wide) in paragraph at lines 201--202
[]\T1/cmr/m/n/12 As ob-served for the auto-correlation, the res-o-nant pump-ing
 sig-nal is also strongly
 []

[11 <./Pictures/ResPumpv2.png>]
<Pictures/DarkRelax.png, id=191, 483.30562pt x 406.51875pt>
File: Pictures/DarkRelax.png Graphic file (type png)

<use Pictures/DarkRelax.png>
Package pdftex.def Info: Pictures/DarkRelax.png used on input line 205.
(pdftex.def)             Requested size: 369.88582pt x 311.1285pt.

! Missing number, treated as zero.
<to be read again> 
                   \flrow@foot 
l.209 	\end{figure}
                   
A number should have been here; I inserted `0'.
(If you can't figure out why I needed to see a number,
look up `weird error' in the index to The TeXbook.)


LaTeX Warning: `!h' float specifier changed to `!ht'.


LaTeX Warning: Reference `Fig6' on page 12 undefined on input line 211.

[12 <./Pictures/PumpBPw-eps-converted-to.pdf>] [13 <./Pictures/DarkRelax.png>]
[14]

! LaTeX Error: \begin{eqnarray} on input line 226 ended by \end{align}.

See the LaTeX manual or LaTeX Companion for explanation.
Type  H <return>  for immediate help.
 ...                                              
                                                  
l.229 	\end{align}
                  
Your command was ignored.
Type  I <command> <return>  to replace it with another command,
or  <return>  to continue without it.

! Missing number, treated as zero.
<to be read again> 
                   \flrow@foot 
l.262 		\end{table}
                   
A number should have been here; I inserted `0'.
(If you can't figure out why I needed to see a number,
look up `weird error' in the index to The TeXbook.)


LaTeX Warning: Reference `BPHamil' on page 15 undefined on input line 264.

[15] [16]
! Missing delimiter (. inserted).
<to be read again> 
                   \times 
l.316 	\end{align}
                  
I was expecting to see something like `(' or `\{' or
`\}' here. If you typed, e.g., `{' instead of `\{', you
should probably delete the `{' by typing `1' now, so that
braces don't get unbalanced. Otherwise just proceed.
Acceptable delimiters are characters whose \delcode is
nonnegative, or you can use `\delimiter <delimiter code>'.

! Missing delimiter (. inserted).
<to be read again> 
                   \times 
l.316 	\end{align}
                  
I was expecting to see something like `(' or `\{' or
`\}' here. If you typed, e.g., `{' instead of `\{', you
should probably delete the `{' by typing `1' now, so that
braces don't get unbalanced. Otherwise just proceed.
Acceptable delimiters are characters whose \delcode is
nonnegative, or you can use `\delimiter <delimiter code>'.

Package epstopdf Info: Source file: <Pictures/TauffRelax.eps>
(epstopdf)                    date: 2017-07-17 08:27:22
(epstopdf)                    size: 8415154 bytes
(epstopdf)             Output file: <Pictures/TauffRelax-eps-converted-to.pdf>
(epstopdf)                    date: 2017-07-17 08:27:22
(epstopdf)                    size: 36790 bytes
(epstopdf)             Command: <repstopdf --outfile=Pictures/TauffRelax-eps-co
nverted-to.pdf Pictures/TauffRelax.eps>
(epstopdf)             \includegraphics on input line 353.
Package epstopdf Info: Output file is already uptodate.
<Pictures/TauffRelax-eps-converted-to.pdf, id=263, 378.41376pt x 463.7325pt>
File: Pictures/TauffRelax-eps-converted-to.pdf Graphic file (type pdf)

<use Pictures/TauffRelax-eps-converted-to.pdf>
Package pdftex.def Info: Pictures/TauffRelax-eps-converted-to.pdf used on input
 line 353.
(pdftex.def)             Requested size: 199.16928pt x 244.07881pt.

! Missing number, treated as zero.
<to be read again> 
                   \flrow@foot 
l.353 	\end{center}}
                    
A number should have been here; I inserted `0'.
(If you can't figure out why I needed to see a number,
look up `weird error' in the index to The TeXbook.)

! Missing number, treated as zero.
<to be read again> 
                   \flrow@foot 
l.353 	\end{center}}
                    
A number should have been here; I inserted `0'.
(If you can't figure out why I needed to see a number,
look up `weird error' in the index to The TeXbook.)

Package epstopdf Info: Source file: <Pictures/TauffRelax.eps>
(epstopdf)                    date: 2017-07-17 08:27:22
(epstopdf)                    size: 8415154 bytes
(epstopdf)             Output file: <Pictures/TauffRelax-eps-converted-to.pdf>
(epstopdf)                    date: 2017-07-17 08:27:22
(epstopdf)                    size: 36790 bytes
(epstopdf)             Command: <repstopdf --outfile=Pictures/TauffRelax-eps-co
nverted-to.pdf Pictures/TauffRelax.eps>
(epstopdf)             \includegraphics on input line 353.
Package epstopdf Info: Output file is already uptodate.
File: Pictures/TauffRelax-eps-converted-to.pdf Graphic file (type pdf)
<use Pictures/TauffRelax-eps-converted-to.pdf>
Package pdftex.def Info: Pictures/TauffRelax-eps-converted-to.pdf used on input
 line 353.
(pdftex.def)             Requested size: 199.16928pt x 244.07881pt.

! Missing number, treated as zero.
<to be read again> 
                   \flrow@foot 
l.353 	\end{center}}
                    
A number should have been here; I inserted `0'.
(If you can't figure out why I needed to see a number,
look up `weird error' in the index to The TeXbook.)


LaTeX Warning: `!h' float specifier changed to `!ht'.

[17] [18

pdfTeX warning: /usr/bin/pdflatex: pop empty color page stack 0
 <./Pictures/TauffRelax-eps-converted-to.pdf>]
! Undefined control sequence.
<argument> \upsigma 
                    
l.371 	\end{align}
                  
The control sequence at the end of the top line
of your error message was never \def'ed. If you have
misspelled it (e.g., `\hobx'), type `I' and the correct
spelling (e.g., `I\hbox'). Otherwise just continue,
and I'll forget about whatever was undefined.

! Undefined control sequence.
<argument> \upsigma 
                    
l.371 	\end{align}
                  
The control sequence at the end of the top line
of your error message was never \def'ed. If you have
misspelled it (e.g., `\hobx'), type `I' and the correct
spelling (e.g., `I\hbox'). Otherwise just continue,
and I'll forget about whatever was undefined.

[19]
Package epstopdf Info: Source file: <Pictures/AutocorSimu.eps>
(epstopdf)                    date: 2017-07-17 08:27:16
(epstopdf)                    size: 12282869 bytes
(epstopdf)             Output file: <Pictures/AutocorSimu-eps-converted-to.pdf>

(epstopdf)                    date: 2017-07-17 08:27:16
(epstopdf)                    size: 69876 bytes
(epstopdf)             Command: <repstopdf --outfile=Pictures/AutocorSimu-eps-c
onverted-to.pdf Pictures/AutocorSimu.eps>
(epstopdf)             \includegraphics on input line 409.
Package epstopdf Info: Output file is already uptodate.

<Pictures/AutocorSimu-eps-converted-to.pdf, id=322, 435.6275pt x 597.23125pt>
File: Pictures/AutocorSimu-eps-converted-to.pdf Graphic file (type pdf)

<use Pictures/AutocorSimu-eps-converted-to.pdf>
Package pdftex.def Info: Pictures/AutocorSimu-eps-converted-to.pdf used on inpu
t line 409.
(pdftex.def)             Requested size: 284.52756pt x 390.07298pt.

! Missing number, treated as zero.
<to be read again> 
                   \flrow@foot 
l.413 	\end{figure}
                   
A number should have been here; I inserted `0'.
(If you can't figure out why I needed to see a number,
look up `weird error' in the index to The TeXbook.)

[20] [21 <./Pictures/AutocorSimu-eps-converted-to.pdf>] [22]
Package epstopdf Info: Source file: <Pictures/PumpSimu.eps>
(epstopdf)                    date: 2017-07-17 08:27:19
(epstopdf)                    size: 17276733 bytes
(epstopdf)             Output file: <Pictures/PumpSimu-eps-converted-to.pdf>
(epstopdf)                    date: 2017-07-17 08:27:19
(epstopdf)                    size: 60474 bytes
(epstopdf)             Command: <repstopdf --outfile=Pictures/PumpSimu-eps-conv
erted-to.pdf Pictures/PumpSimu.eps>
(epstopdf)             \includegraphics on input line 427.
Package epstopdf Info: Output file is already uptodate.

<Pictures/PumpSimu-eps-converted-to.pdf, id=358, 577.15625pt x 654.445pt>
File: Pictures/PumpSimu-eps-converted-to.pdf Graphic file (type pdf)

<use Pictures/PumpSimu-eps-converted-to.pdf>
Package pdftex.def Info: Pictures/PumpSimu-eps-converted-to.pdf used on input l
ine 427.
(pdftex.def)             Requested size: 341.43306pt x 387.16774pt.

! Missing number, treated as zero.
<to be read again> 
                   \flrow@foot 
l.431 	\end{figure}
                   
A number should have been here; I inserted `0'.
(If you can't figure out why I needed to see a number,
look up `weird error' in the index to The TeXbook.)

[23 <./Pictures/PumpSimu-eps-converted-to.pdf>]
Package epstopdf Info: Source file: <Pictures/RelaxDarkSimu.eps>
(epstopdf)                    date: 2017-07-17 08:27:19
(epstopdf)                    size: 10139699 bytes
(epstopdf)             Output file: <Pictures/RelaxDarkSimu-eps-converted-to.pd
f>
(epstopdf)                    date: 2017-07-17 08:27:19
(epstopdf)                    size: 36298 bytes
(epstopdf)             Command: <repstopdf --outfile=Pictures/RelaxDarkSimu-eps
-converted-to.pdf Pictures/RelaxDarkSimu.eps>
(epstopdf)             \includegraphics on input line 441.
Package epstopdf Info: Output file is already uptodate.

<Pictures/RelaxDarkSimu-eps-converted-to.pdf, id=381, 541.02126pt x 403.5075pt>
File: Pictures/RelaxDarkSimu-eps-converted-to.pdf Graphic file (type pdf)
<use Pictures/RelaxDarkSimu-eps-converted-to.pdf>
Package pdftex.def Info: Pictures/RelaxDarkSimu-eps-converted-to.pdf used on in
put line 441.
(pdftex.def)             Requested size: 369.88582pt x 275.87762pt.

! Missing number, treated as zero.
<to be read again> 
                   \flrow@foot 
l.445 	\end{figure}
                   
A number should have been here; I inserted `0'.
(If you can't figure out why I needed to see a number,
look up `weird error' in the index to The TeXbook.)


LaTeX Warning: `!h' float specifier changed to `!ht'.

[24]
Package epstopdf Info: Source file: <Pictures/StrainAutocorPump.eps>
(epstopdf)                    date: 2017-07-17 08:27:22
(epstopdf)                    size: 11267017 bytes
(epstopdf)             Output file: <Pictures/StrainAutocorPump-eps-converted-t
o.pdf>
(epstopdf)                    date: 2017-07-17 08:27:22
(epstopdf)                    size: 42701 bytes
(epstopdf)             Command: <repstopdf --outfile=Pictures/StrainAutocorPump
-eps-converted-to.pdf Pictures/StrainAutocorPump.eps>
(epstopdf)             \includegraphics on input line 451.
Package epstopdf Info: Output file is already uptodate.

<Pictures/StrainAutocorPump-eps-converted-to.pdf, id=390, 575.14874pt x 421.575
pt>
File: Pictures/StrainAutocorPump-eps-converted-to.pdf Graphic file (type pdf)
 <use Pictures/StrainAutocorPump-eps-converted-to.pdf>
Package pdftex.def Info: Pictures/StrainAutocorPump-eps-converted-to.pdf used o
n input line 451.
(pdftex.def)             Requested size: 341.43306pt x 250.27094pt.

! Missing number, treated as zero.
<to be read again> 
                   \flrow@foot 
l.455 	\end{figure}
                   
A number should have been here; I inserted `0'.
(If you can't figure out why I needed to see a number,
look up `weird error' in the index to The TeXbook.)


LaTeX Warning: `!h' float specifier changed to `!ht'.

[25 <./Pictures/RelaxDarkSimu-eps-converted-to.pdf>] [26 <./Pictures/StrainAuto
corPump-eps-converted-to.pdf>]
Underfull \hbox (badness 10000) in paragraph at lines 461--463

 []

<Pictures/SpinStructE.png, id=417, 312.41719pt x 326.72063pt>
File: Pictures/SpinStructE.png Graphic file (type png)

<use Pictures/SpinStructE.png>
Package pdftex.def Info: Pictures/SpinStructE.png used on input line 467.
(pdftex.def)             Requested size: 256.0748pt x 267.80296pt.

! Missing number, treated as zero.
<to be read again> 
                   \flrow@foot 
l.469 	\end{figure}
                   
A number should have been here; I inserted `0'.
(If you can't figure out why I needed to see a number,
look up `weird error' in the index to The TeXbook.)


LaTeX Warning: `!h' float specifier changed to `!ht'.


Underfull \hbox (badness 10000) in paragraph at lines 471--472

 []

Package epstopdf Info: Source file: <Pictures/PolarRateTotal.eps>
(epstopdf)                    date: 2017-07-17 08:27:18
(epstopdf)                    size: 22016621 bytes
(epstopdf)             Output file: <Pictures/PolarRateTotal-eps-converted-to.p
df>
(epstopdf)                    date: 2017-07-17 08:27:18
(epstopdf)                    size: 127405 bytes
(epstopdf)             Command: <repstopdf --outfile=Pictures/PolarRateTotal-ep
s-converted-to.pdf Pictures/PolarRateTotal.eps>
(epstopdf)             \includegraphics on input line 479.
Package epstopdf Info: Output file is already uptodate.

<Pictures/PolarRateTotal-eps-converted-to.pdf, id=422, 525.965pt x 609.27625pt>
File: Pictures/PolarRateTotal-eps-converted-to.pdf Graphic file (type pdf)
<use Pictures/PolarRateTotal-eps-converted-to.pdf>
Package pdftex.def Info: Pictures/PolarRateTotal-eps-converted-to.pdf used on i
nput line 479.
(pdftex.def)             Requested size: 364.19536pt x 421.89784pt.

! Missing number, treated as zero.
<to be read again> 
                   \flrow@foot 
l.483 	\end{figure}
                   
A number should have been here; I inserted `0'.
(If you can't figure out why I needed to see a number,
look up `weird error' in the index to The TeXbook.)


LaTeX Warning: `!h' float specifier changed to `!ht'.

[27] [28 <./Pictures/SpinStructE.png>]

LaTeX Warning: Text page 29 contains only floats.


Overfull \vbox (6.36545pt too high) has occurred while \output is active []


[29 <./Pictures/PolarRateTotal-eps-converted-to.pdf>]

! Package inputenc Error: Unicode char \u8: not set up for use with LaTeX.

See the inputenc package documentation for explanation.
Type  H <return>  for immediate help.
 ...                                              
                                                  
l.493 ... rate of the emission after a resonant 
                                                  + excitation on (1) (optic...

Your command was ignored.
Type  I <command> <return>  to replace it with another command,
or  <return>  to continue without it.


! Package inputenc Error: Unicode char \u8: not set up for use with LaTeX.

See the inputenc package documentation for explanation.
Type  H <return>  for immediate help.
 ...                                              
                                                  
l.493 ...row\rangle$ : low energy branch of the 
                                                  -system associated with $|...

Your command was ignored.
Type  I <command> <return>  to replace it with another command,
or  <return>  to continue without it.

<Pictures/PolarRateB.png, id=456, 542.025pt x 625.58719pt>
File: Pictures/PolarRateB.png Graphic file (type png)

<use Pictures/PolarRateB.png>
Package pdftex.def Info: Pictures/PolarRateB.png used on input line 519.
(pdftex.def)             Requested size: 398.33858pt x 459.76765pt.

! Missing number, treated as zero.
<to be read again> 
                   \flrow@foot 
l.523 	\end{figure}
                   
A number should have been here; I inserted `0'.
(If you can't figure out why I needed to see a number,
look up `weird error' in the index to The TeXbook.)


LaTeX Warning: `!h' float specifier changed to `!ht'.

[30]

LaTeX Warning: Text page 31 contains only floats.


Overfull \vbox (3.06802pt too high) has occurred while \output is active []


[31 <./Pictures/PolarRateB.png>]
Package epstopdf Info: Source file: <Pictures/LevelSplitB.eps>
(epstopdf)                    date: 2017-07-17 08:27:17
(epstopdf)                    size: 17142170 bytes
(epstopdf)             Output file: <Pictures/LevelSplitB-eps-converted-to.pdf>

(epstopdf)                    date: 2017-07-20 10:47:35
(epstopdf)                    size: 85125 bytes
(epstopdf)             Command: <repstopdf --outfile=Pictures/LevelSplitB-eps-c
onverted-to.pdf Pictures/LevelSplitB.eps>
(epstopdf)             \includegraphics on input line 535.
Package epstopdf Info: Output file is already uptodate.

<Pictures/LevelSplitB-eps-converted-to.pdf, id=475, 542.025pt x 634.37pt>
File: Pictures/LevelSplitB-eps-converted-to.pdf Graphic file (type pdf)

<use Pictures/LevelSplitB-eps-converted-to.pdf>
Package pdftex.def Info: Pictures/LevelSplitB-eps-converted-to.pdf used on inpu
t line 535.
(pdftex.def)             Requested size: 318.67078pt x 372.97797pt.

! Missing number, treated as zero.
<to be read again> 
                   \flrow@foot 
l.539 	\end{figure}
                   
A number should have been here; I inserted `0'.
(If you can't figure out why I needed to see a number,
look up `weird error' in the index to The TeXbook.)


LaTeX Warning: `!h' float specifier changed to `!ht'.

[32] [33 <./Pictures/LevelSplitB-eps-converted-to.pdf>] [34

]
Package atveryend Info: Empty hook `BeforeClearDocument' on input line 546.
 [35]
Package atveryend Info: Empty hook `AfterLastShipout' on input line 546.

(./03-h-Mn.aux)
Package atveryend Info: Executing hook `AtVeryEndDocument' on input line 546.
Package atveryend Info: Executing hook `AtEndAfterFileList' on input line 546.
Package rerunfilecheck Info: File `03-h-Mn.out' has not changed.
(rerunfilecheck)             Checksum: 15EFBB02577B8E1AD643FFED8C8EF7CF;709.


LaTeX Warning: There were undefined references.

Package logreq Info: Writing requests to '03-h-Mn.run.xml'.
\openout1 = `03-h-Mn.run.xml'.

Package atveryend Info: Empty hook `AtVeryVeryEnd' on input line 546.
 ) 
Here is how much of TeX's memory you used:
 14373 strings out of 495028
 224012 string characters out of 6181497
 757555 words of memory out of 5000000
 17248 multiletter control sequences out of 15000+600000
 21566 words of font info for 59 fonts, out of 8000000 for 9000
 14 hyphenation exceptions out of 8191
 40i,26n,49p,1915b,1454s stack positions out of 5000i,500n,10000p,200000b,80000s
 </home/audreyazura/.texmf-var/fonts/pk/ljfour/jknappen/ec/ecti1200.600pk> </
home/audreyazura/.texmf-var/fonts/pk/ljfour/jknappen/ec/ecrm0800.600pk> </home/
audreyazura/.texmf-var/fonts/pk/ljfour/jknappen/ec/ecrm1728.600pk> </home/audre
yazura/.texmf-var/fonts/pk/ljfour/jknappen/ec/ecbx1200.600pk> </home/audreyazur
a/.texmf-var/fonts/pk/ljfour/jknappen/ec/ecbx1440.600pk> </home/audreyazura/.te
xmf-var/fonts/pk/ljfour/jknappen/ec/ecrm1200.600pk> </home/audreyazura/.texmf-v
ar/fonts/pk/ljfour/jknappen/ec/ecbx1728.600pk> </home/audreyazura/.texmf-var/fo
nts/pk/ljfour/jknappen/ec/ecbx2488.600pk></usr/share/texlive/texmf-dist/fonts/t
ype1/public/amsfonts/cm/cmbx12.pfb></usr/share/texlive/texmf-dist/fonts/type1/p
ublic/amsfonts/cm/cmex10.pfb></usr/share/texlive/texmf-dist/fonts/type1/public/
amsfonts/cmextra/cmex8.pfb></usr/share/texlive/texmf-dist/fonts/type1/public/am
sfonts/cm/cmmi12.pfb></usr/share/texlive/texmf-dist/fonts/type1/public/amsfonts
/cm/cmmi6.pfb></usr/share/texlive/texmf-dist/fonts/type1/public/amsfonts/cm/cmm
i8.pfb></usr/share/texlive/texmf-dist/fonts/type1/public/amsfonts/cm/cmr12.pfb>
</usr/share/texlive/texmf-dist/fonts/type1/public/amsfonts/cm/cmr6.pfb></usr/sh
are/texlive/texmf-dist/fonts/type1/public/amsfonts/cm/cmr8.pfb></usr/share/texl
ive/texmf-dist/fonts/type1/public/amsfonts/cm/cmsy10.pfb></usr/share/texlive/te
xmf-dist/fonts/type1/public/amsfonts/cm/cmsy6.pfb></usr/share/texlive/texmf-dis
t/fonts/type1/public/amsfonts/cm/cmsy8.pfb>
Output written on 03-h-Mn.pdf (35 pages, 2118570 bytes).
PDF statistics:
 893 PDF objects out of 1000 (max. 8388607)
 498 compressed objects within 5 object streams
 117 named destinations out of 1000 (max. 500000)
 160 words of extra memory for PDF output out of 10000 (max. 10000000)

