This is pdfTeX, Version 3.1415926-2.5-1.40.14 (MiKTeX 2.9) (preloaded format=pdflatex 2015.6.18)  1 JUL 2017 23:58
entering extended mode
**04-CrMagOpt.tex
(C:\Users\AudreyAzura\Documents\GitHub\PhDThesis\04-CrMagOpt\04-CrMagOpt.tex
LaTeX2e <2011/06/27>
Babel <v3.8m> and hyphenation patterns for english, afrikaans, ancientgreek, ar
abic, armenian, assamese, basque, bengali, bokmal, bulgarian, catalan, coptic, 
croatian, czech, danish, dutch, esperanto, estonian, farsi, finnish, french, ga
lician, german, german-x-2013-05-26, greek, gujarati, hindi, hungarian, iceland
ic, indonesian, interlingua, irish, italian, kannada, kurmanji, latin, latvian,
 lithuanian, malayalam, marathi, mongolian, mongolianlmc, monogreek, ngerman, n
german-x-2013-05-26, nynorsk, oriya, panjabi, pinyin, polish, portuguese, roman
ian, russian, sanskrit, serbian, slovak, slovenian, spanish, swedish, swissgerm
an, tamil, telugu, turkish, turkmen, ukenglish, ukrainian, uppersorbian, usengl
ishmax, welsh, loaded.
("C:\Program Files (x86)\MiKTeX 2.9\tex\latex\base\report.cls"
Document Class: report 2007/10/19 v1.4h Standard LaTeX document class
("C:\Program Files (x86)\MiKTeX 2.9\tex\latex\base\size12.clo"
File: size12.clo 2007/10/19 v1.4h Standard LaTeX file (size option)
)
\c@part=\count79
\c@chapter=\count80
\c@section=\count81
\c@subsection=\count82
\c@subsubsection=\count83
\c@paragraph=\count84
\c@subparagraph=\count85
\c@figure=\count86
\c@table=\count87
\abovecaptionskip=\skip41
\belowcaptionskip=\skip42
\bibindent=\dimen102
)
("C:\Program Files (x86)\MiKTeX 2.9\tex\latex\base\inputenc.sty"
Package: inputenc 2008/03/30 v1.1d Input encoding file
\inpenc@prehook=\toks14
\inpenc@posthook=\toks15

("C:\Program Files (x86)\MiKTeX 2.9\tex\latex\base\utf8.def"
File: utf8.def 2008/04/05 v1.1m UTF-8 support for inputenc
Now handling font encoding OML ...
... no UTF-8 mapping file for font encoding OML
Now handling font encoding T1 ...
... processing UTF-8 mapping file for font encoding T1

("C:\Program Files (x86)\MiKTeX 2.9\tex\latex\base\t1enc.dfu"
File: t1enc.dfu 2008/04/05 v1.1m UTF-8 support for inputenc
   defining Unicode char U+00A1 (decimal 161)
   defining Unicode char U+00A3 (decimal 163)
   defining Unicode char U+00AB (decimal 171)
   defining Unicode char U+00BB (decimal 187)
   defining Unicode char U+00BF (decimal 191)
   defining Unicode char U+00C0 (decimal 192)
   defining Unicode char U+00C1 (decimal 193)
   defining Unicode char U+00C2 (decimal 194)
   defining Unicode char U+00C3 (decimal 195)
   defining Unicode char U+00C4 (decimal 196)
   defining Unicode char U+00C5 (decimal 197)
   defining Unicode char U+00C6 (decimal 198)
   defining Unicode char U+00C7 (decimal 199)
   defining Unicode char U+00C8 (decimal 200)
   defining Unicode char U+00C9 (decimal 201)
   defining Unicode char U+00CA (decimal 202)
   defining Unicode char U+00CB (decimal 203)
   defining Unicode char U+00CC (decimal 204)
   defining Unicode char U+00CD (decimal 205)
   defining Unicode char U+00CE (decimal 206)
   defining Unicode char U+00CF (decimal 207)
   defining Unicode char U+00D0 (decimal 208)
   defining Unicode char U+00D1 (decimal 209)
   defining Unicode char U+00D2 (decimal 210)
   defining Unicode char U+00D3 (decimal 211)
   defining Unicode char U+00D4 (decimal 212)
   defining Unicode char U+00D5 (decimal 213)
   defining Unicode char U+00D6 (decimal 214)
   defining Unicode char U+00D8 (decimal 216)
   defining Unicode char U+00D9 (decimal 217)
   defining Unicode char U+00DA (decimal 218)
   defining Unicode char U+00DB (decimal 219)
   defining Unicode char U+00DC (decimal 220)
   defining Unicode char U+00DD (decimal 221)
   defining Unicode char U+00DE (decimal 222)
   defining Unicode char U+00DF (decimal 223)
   defining Unicode char U+00E0 (decimal 224)
   defining Unicode char U+00E1 (decimal 225)
   defining Unicode char U+00E2 (decimal 226)
   defining Unicode char U+00E3 (decimal 227)
   defining Unicode char U+00E4 (decimal 228)
   defining Unicode char U+00E5 (decimal 229)
   defining Unicode char U+00E6 (decimal 230)
   defining Unicode char U+00E7 (decimal 231)
   defining Unicode char U+00E8 (decimal 232)
   defining Unicode char U+00E9 (decimal 233)
   defining Unicode char U+00EA (decimal 234)
   defining Unicode char U+00EB (decimal 235)
   defining Unicode char U+00EC (decimal 236)
   defining Unicode char U+00ED (decimal 237)
   defining Unicode char U+00EE (decimal 238)
   defining Unicode char U+00EF (decimal 239)
   defining Unicode char U+00F0 (decimal 240)
   defining Unicode char U+00F1 (decimal 241)
   defining Unicode char U+00F2 (decimal 242)
   defining Unicode char U+00F3 (decimal 243)
   defining Unicode char U+00F4 (decimal 244)
   defining Unicode char U+00F5 (decimal 245)
   defining Unicode char U+00F6 (decimal 246)
   defining Unicode char U+00F8 (decimal 248)
   defining Unicode char U+00F9 (decimal 249)
   defining Unicode char U+00FA (decimal 250)
   defining Unicode char U+00FB (decimal 251)
   defining Unicode char U+00FC (decimal 252)
   defining Unicode char U+00FD (decimal 253)
   defining Unicode char U+00FE (decimal 254)
   defining Unicode char U+00FF (decimal 255)
   defining Unicode char U+0102 (decimal 258)
   defining Unicode char U+0103 (decimal 259)
   defining Unicode char U+0104 (decimal 260)
   defining Unicode char U+0105 (decimal 261)
   defining Unicode char U+0106 (decimal 262)
   defining Unicode char U+0107 (decimal 263)
   defining Unicode char U+010C (decimal 268)
   defining Unicode char U+010D (decimal 269)
   defining Unicode char U+010E (decimal 270)
   defining Unicode char U+010F (decimal 271)
   defining Unicode char U+0110 (decimal 272)
   defining Unicode char U+0111 (decimal 273)
   defining Unicode char U+0118 (decimal 280)
   defining Unicode char U+0119 (decimal 281)
   defining Unicode char U+011A (decimal 282)
   defining Unicode char U+011B (decimal 283)
   defining Unicode char U+011E (decimal 286)
   defining Unicode char U+011F (decimal 287)
   defining Unicode char U+0130 (decimal 304)
   defining Unicode char U+0131 (decimal 305)
   defining Unicode char U+0132 (decimal 306)
   defining Unicode char U+0133 (decimal 307)
   defining Unicode char U+0139 (decimal 313)
   defining Unicode char U+013A (decimal 314)
   defining Unicode char U+013D (decimal 317)
   defining Unicode char U+013E (decimal 318)
   defining Unicode char U+0141 (decimal 321)
   defining Unicode char U+0142 (decimal 322)
   defining Unicode char U+0143 (decimal 323)
   defining Unicode char U+0144 (decimal 324)
   defining Unicode char U+0147 (decimal 327)
   defining Unicode char U+0148 (decimal 328)
   defining Unicode char U+014A (decimal 330)
   defining Unicode char U+014B (decimal 331)
   defining Unicode char U+0150 (decimal 336)
   defining Unicode char U+0151 (decimal 337)
   defining Unicode char U+0152 (decimal 338)
   defining Unicode char U+0153 (decimal 339)
   defining Unicode char U+0154 (decimal 340)
   defining Unicode char U+0155 (decimal 341)
   defining Unicode char U+0158 (decimal 344)
   defining Unicode char U+0159 (decimal 345)
   defining Unicode char U+015A (decimal 346)
   defining Unicode char U+015B (decimal 347)
   defining Unicode char U+015E (decimal 350)
   defining Unicode char U+015F (decimal 351)
   defining Unicode char U+0160 (decimal 352)
   defining Unicode char U+0161 (decimal 353)
   defining Unicode char U+0162 (decimal 354)
   defining Unicode char U+0163 (decimal 355)
   defining Unicode char U+0164 (decimal 356)
   defining Unicode char U+0165 (decimal 357)
   defining Unicode char U+016E (decimal 366)
   defining Unicode char U+016F (decimal 367)
   defining Unicode char U+0170 (decimal 368)
   defining Unicode char U+0171 (decimal 369)
   defining Unicode char U+0178 (decimal 376)
   defining Unicode char U+0179 (decimal 377)
   defining Unicode char U+017A (decimal 378)
   defining Unicode char U+017B (decimal 379)
   defining Unicode char U+017C (decimal 380)
   defining Unicode char U+017D (decimal 381)
   defining Unicode char U+017E (decimal 382)
   defining Unicode char U+200C (decimal 8204)
   defining Unicode char U+2013 (decimal 8211)
   defining Unicode char U+2014 (decimal 8212)
   defining Unicode char U+2018 (decimal 8216)
   defining Unicode char U+2019 (decimal 8217)
   defining Unicode char U+201A (decimal 8218)
   defining Unicode char U+201C (decimal 8220)
   defining Unicode char U+201D (decimal 8221)
   defining Unicode char U+201E (decimal 8222)
   defining Unicode char U+2030 (decimal 8240)
   defining Unicode char U+2031 (decimal 8241)
   defining Unicode char U+2039 (decimal 8249)
   defining Unicode char U+203A (decimal 8250)
   defining Unicode char U+2423 (decimal 9251)
)
Now handling font encoding OT1 ...
... processing UTF-8 mapping file for font encoding OT1

("C:\Program Files (x86)\MiKTeX 2.9\tex\latex\base\ot1enc.dfu"
File: ot1enc.dfu 2008/04/05 v1.1m UTF-8 support for inputenc
   defining Unicode char U+00A1 (decimal 161)
   defining Unicode char U+00A3 (decimal 163)
   defining Unicode char U+00B8 (decimal 184)
   defining Unicode char U+00BF (decimal 191)
   defining Unicode char U+00C5 (decimal 197)
   defining Unicode char U+00C6 (decimal 198)
   defining Unicode char U+00D8 (decimal 216)
   defining Unicode char U+00DF (decimal 223)
   defining Unicode char U+00E6 (decimal 230)
   defining Unicode char U+00EC (decimal 236)
   defining Unicode char U+00ED (decimal 237)
   defining Unicode char U+00EE (decimal 238)
   defining Unicode char U+00EF (decimal 239)
   defining Unicode char U+00F8 (decimal 248)
   defining Unicode char U+0131 (decimal 305)
   defining Unicode char U+0141 (decimal 321)
   defining Unicode char U+0142 (decimal 322)
   defining Unicode char U+0152 (decimal 338)
   defining Unicode char U+0153 (decimal 339)
   defining Unicode char U+2013 (decimal 8211)
   defining Unicode char U+2014 (decimal 8212)
   defining Unicode char U+2018 (decimal 8216)
   defining Unicode char U+2019 (decimal 8217)
   defining Unicode char U+201C (decimal 8220)
   defining Unicode char U+201D (decimal 8221)
)
Now handling font encoding OMS ...
... processing UTF-8 mapping file for font encoding OMS

("C:\Program Files (x86)\MiKTeX 2.9\tex\latex\base\omsenc.dfu"
File: omsenc.dfu 2008/04/05 v1.1m UTF-8 support for inputenc
   defining Unicode char U+00A7 (decimal 167)
   defining Unicode char U+00B6 (decimal 182)
   defining Unicode char U+00B7 (decimal 183)
   defining Unicode char U+2020 (decimal 8224)
   defining Unicode char U+2021 (decimal 8225)
   defining Unicode char U+2022 (decimal 8226)
)
Now handling font encoding OMX ...
... no UTF-8 mapping file for font encoding OMX
Now handling font encoding U ...
... no UTF-8 mapping file for font encoding U
   defining Unicode char U+00A9 (decimal 169)
   defining Unicode char U+00AA (decimal 170)
   defining Unicode char U+00AE (decimal 174)
   defining Unicode char U+00BA (decimal 186)
   defining Unicode char U+02C6 (decimal 710)
   defining Unicode char U+02DC (decimal 732)
   defining Unicode char U+200C (decimal 8204)
   defining Unicode char U+2026 (decimal 8230)
   defining Unicode char U+2122 (decimal 8482)
   defining Unicode char U+2423 (decimal 9251)
))
("C:\Program Files (x86)\MiKTeX 2.9\tex\latex\base\fontenc.sty"
Package: fontenc 2005/09/27 v1.99g Standard LaTeX package

("C:\Program Files (x86)\MiKTeX 2.9\tex\latex\base\t1enc.def"
File: t1enc.def 2005/09/27 v1.99g Standard LaTeX file
LaTeX Font Info:    Redeclaring font encoding T1 on input line 43.
))
("C:\Program Files (x86)\MiKTeX 2.9\tex\latex\tools\array.sty"
Package: array 2008/09/09 v2.4c Tabular extension package (FMi)
\col@sep=\dimen103
\extrarowheight=\dimen104
\NC@list=\toks16
\extratabsurround=\skip43
\backup@length=\skip44
)
("C:\Program Files (x86)\MiKTeX 2.9\tex\latex\amsmath\amsmath.sty"
Package: amsmath 2013/01/14 v2.14 AMS math features
\@mathmargin=\skip45

For additional information on amsmath, use the `?' option.
("C:\Program Files (x86)\MiKTeX 2.9\tex\latex\amsmath\amstext.sty"
Package: amstext 2000/06/29 v2.01

("C:\Program Files (x86)\MiKTeX 2.9\tex\latex\amsmath\amsgen.sty"
File: amsgen.sty 1999/11/30 v2.0
\@emptytoks=\toks17
\ex@=\dimen105
))
("C:\Program Files (x86)\MiKTeX 2.9\tex\latex\amsmath\amsbsy.sty"
Package: amsbsy 1999/11/29 v1.2d
\pmbraise@=\dimen106
)
("C:\Program Files (x86)\MiKTeX 2.9\tex\latex\amsmath\amsopn.sty"
Package: amsopn 1999/12/14 v2.01 operator names
)
\inf@bad=\count88
LaTeX Info: Redefining \frac on input line 210.
\uproot@=\count89
\leftroot@=\count90
LaTeX Info: Redefining \overline on input line 306.
\classnum@=\count91
\DOTSCASE@=\count92
LaTeX Info: Redefining \ldots on input line 378.
LaTeX Info: Redefining \dots on input line 381.
LaTeX Info: Redefining \cdots on input line 466.
\Mathstrutbox@=\box26
\strutbox@=\box27
\big@size=\dimen107
LaTeX Font Info:    Redeclaring font encoding OML on input line 566.
LaTeX Font Info:    Redeclaring font encoding OMS on input line 567.
\macc@depth=\count93
\c@MaxMatrixCols=\count94
\dotsspace@=\muskip10
\c@parentequation=\count95
\dspbrk@lvl=\count96
\tag@help=\toks18
\row@=\count97
\column@=\count98
\maxfields@=\count99
\andhelp@=\toks19
\eqnshift@=\dimen108
\alignsep@=\dimen109
\tagshift@=\dimen110
\tagwidth@=\dimen111
\totwidth@=\dimen112
\lineht@=\dimen113
\@envbody=\toks20
\multlinegap=\skip46
\multlinetaggap=\skip47
\mathdisplay@stack=\toks21
LaTeX Info: Redefining \[ on input line 2665.
LaTeX Info: Redefining \] on input line 2666.
)
("C:\Program Files (x86)\MiKTeX 2.9\tex\generic\babel\babel.sty"
Package: babel 2008/07/08 v3.8m The Babel package

*************************************
* Local config file bblopts.cfg used
*
("C:\Program Files (x86)\MiKTeX 2.9\tex\latex\00miktex\bblopts.cfg"
File: bblopts.cfg 2006/07/31 v1.0 MiKTeX 'babel' configuration
)
("C:\Program Files (x86)\MiKTeX 2.9\tex\generic\babel\english.ldf"
Language: english 2005/03/30 v3.3o English support from the babel system

("C:\Program Files (x86)\MiKTeX 2.9\tex\generic\babel\babel.def"
File: babel.def 2008/07/08 v3.8m Babel common definitions
\babel@savecnt=\count100
\U@D=\dimen114
)
\l@canadian = a dialect from \language\l@american 
\l@australian = a dialect from \language\l@british 
\l@newzealand = a dialect from \language\l@british 
))
("C:\Program Files (x86)\MiKTeX 2.9\tex\latex\tools\bm.sty"
Package: bm 2004/02/26 v1.1c Bold Symbol Support (DPC/FMi)
\symboldoperators=\mathgroup4
\symboldletters=\mathgroup5
\symboldsymbols=\mathgroup6
LaTeX Font Info:    Redeclaring math alphabet \mathbf on input line 138.
LaTeX Info: Redefining \bm on input line 204.
)
("C:\Program Files (x86)\MiKTeX 2.9\tex\latex\graphics\graphicx.sty"
Package: graphicx 1999/02/16 v1.0f Enhanced LaTeX Graphics (DPC,SPQR)

("C:\Program Files (x86)\MiKTeX 2.9\tex\latex\graphics\keyval.sty"
Package: keyval 1999/03/16 v1.13 key=value parser (DPC)
\KV@toks@=\toks22
)
("C:\Program Files (x86)\MiKTeX 2.9\tex\latex\graphics\graphics.sty"
Package: graphics 2009/02/05 v1.0o Standard LaTeX Graphics (DPC,SPQR)

("C:\Program Files (x86)\MiKTeX 2.9\tex\latex\graphics\trig.sty"
Package: trig 1999/03/16 v1.09 sin cos tan (DPC)
)
("C:\Program Files (x86)\MiKTeX 2.9\tex\latex\00miktex\graphics.cfg"
File: graphics.cfg 2007/01/18 v1.5 graphics configuration of teTeX/TeXLive
)
Package graphics Info: Driver file: pdftex.def on input line 91.

("C:\Program Files (x86)\MiKTeX 2.9\tex\latex\pdftex-def\pdftex.def"
File: pdftex.def 2011/05/27 v0.06d Graphics/color for pdfTeX

("C:\Program Files (x86)\MiKTeX 2.9\tex\generic\oberdiek\infwarerr.sty"
Package: infwarerr 2010/04/08 v1.3 Providing info/warning/error messages (HO)
)
("C:\Program Files (x86)\MiKTeX 2.9\tex\generic\oberdiek\ltxcmds.sty"
Package: ltxcmds 2011/11/09 v1.22 LaTeX kernel commands for general use (HO)
)
\Gread@gobject=\count101
))
\Gin@req@height=\dimen115
\Gin@req@width=\dimen116
)
("C:\Program Files (x86)\MiKTeX 2.9\tex\latex\geometry\geometry.sty"
Package: geometry 2010/09/12 v5.6 Page Geometry

("C:\Program Files (x86)\MiKTeX 2.9\tex\generic\oberdiek\ifpdf.sty"
Package: ifpdf 2011/01/30 v2.3 Provides the ifpdf switch (HO)
Package ifpdf Info: pdfTeX in PDF mode is detected.
)
("C:\Program Files (x86)\MiKTeX 2.9\tex\generic\oberdiek\ifvtex.sty"
Package: ifvtex 2010/03/01 v1.5 Detect VTeX and its facilities (HO)
Package ifvtex Info: VTeX not detected.
)
("C:\Program Files (x86)\MiKTeX 2.9\tex\generic\ifxetex\ifxetex.sty"
Package: ifxetex 2010/09/12 v0.6 Provides ifxetex conditional
)
\Gm@cnth=\count102
\Gm@cntv=\count103
\c@Gm@tempcnt=\count104
\Gm@bindingoffset=\dimen117
\Gm@wd@mp=\dimen118
\Gm@odd@mp=\dimen119
\Gm@even@mp=\dimen120
\Gm@layoutwidth=\dimen121
\Gm@layoutheight=\dimen122
\Gm@layouthoffset=\dimen123
\Gm@layoutvoffset=\dimen124
\Gm@dimlist=\toks23

("C:\Program Files (x86)\MiKTeX 2.9\tex\latex\geometry\geometry.cfg"))
("C:\Program Files (x86)\MiKTeX 2.9\tex\latex\hyperref\hyperref.sty"
Package: hyperref 2012/11/06 v6.83m Hypertext links for LaTeX

("C:\Program Files (x86)\MiKTeX 2.9\tex\generic\oberdiek\hobsub-hyperref.sty"
Package: hobsub-hyperref 2012/04/25 v1.12 Bundle oberdiek, subset hyperref (HO)


("C:\Program Files (x86)\MiKTeX 2.9\tex\generic\oberdiek\hobsub-generic.sty"
Package: hobsub-generic 2012/04/25 v1.12 Bundle oberdiek, subset generic (HO)
Package: hobsub 2012/04/25 v1.12 Construct package bundles (HO)
Package hobsub Info: Skipping package `infwarerr' (already loaded).
Package hobsub Info: Skipping package `ltxcmds' (already loaded).
Package: ifluatex 2010/03/01 v1.3 Provides the ifluatex switch (HO)
Package ifluatex Info: LuaTeX not detected.
Package hobsub Info: Skipping package `ifvtex' (already loaded).
Package: intcalc 2007/09/27 v1.1 Expandable calculations with integers (HO)
Package hobsub Info: Skipping package `ifpdf' (already loaded).
Package: etexcmds 2011/02/16 v1.5 Avoid name clashes with e-TeX commands (HO)
Package etexcmds Info: Could not find \expanded.
(etexcmds)             That can mean that you are not using pdfTeX 1.50 or
(etexcmds)             that some package has redefined \expanded.
(etexcmds)             In the latter case, load this package earlier.
Package: kvsetkeys 2012/04/25 v1.16 Key value parser (HO)
Package: kvdefinekeys 2011/04/07 v1.3 Define keys (HO)
Package: pdftexcmds 2011/11/29 v0.20 Utility functions of pdfTeX for LuaTeX (HO
)
Package pdftexcmds Info: LuaTeX not detected.
Package pdftexcmds Info: \pdf@primitive is available.
Package pdftexcmds Info: \pdf@ifprimitive is available.
Package pdftexcmds Info: \pdfdraftmode found.
Package: pdfescape 2011/11/25 v1.13 Implements pdfTeX's escape features (HO)
Package: bigintcalc 2012/04/08 v1.3 Expandable calculations on big integers (HO
)
Package: bitset 2011/01/30 v1.1 Handle bit-vector datatype (HO)
Package: uniquecounter 2011/01/30 v1.2 Provide unlimited unique counter (HO)
)
Package hobsub Info: Skipping package `hobsub' (already loaded).
Package: letltxmacro 2010/09/02 v1.4 Let assignment for LaTeX macros (HO)
Package: hopatch 2011/06/24 v1.1 Wrapper for package hooks (HO)
Package: xcolor-patch 2011/01/30 xcolor patch
Package: atveryend 2011/06/30 v1.8 Hooks at the very end of document (HO)
Package atveryend Info: \enddocument detected (standard20110627).
Package: atbegshi 2011/10/05 v1.16 At begin shipout hook (HO)
Package: refcount 2011/10/16 v3.4 Data extraction from label references (HO)
Package: hycolor 2011/01/30 v1.7 Color options for hyperref/bookmark (HO)
)
("C:\Program Files (x86)\MiKTeX 2.9\tex\latex\oberdiek\auxhook.sty"
Package: auxhook 2011/03/04 v1.3 Hooks for auxiliary files (HO)
)
("C:\Program Files (x86)\MiKTeX 2.9\tex\latex\oberdiek\kvoptions.sty"
Package: kvoptions 2011/06/30 v3.11 Key value format for package options (HO)
)
\@linkdim=\dimen125
\Hy@linkcounter=\count105
\Hy@pagecounter=\count106

("C:\Program Files (x86)\MiKTeX 2.9\tex\latex\hyperref\pd1enc.def"
File: pd1enc.def 2012/11/06 v6.83m Hyperref: PDFDocEncoding definition (HO)
Now handling font encoding PD1 ...
... no UTF-8 mapping file for font encoding PD1
)
\Hy@SavedSpaceFactor=\count107

("C:\Program Files (x86)\MiKTeX 2.9\tex\latex\00miktex\hyperref.cfg"
File: hyperref.cfg 2002/06/06 v1.2 hyperref configuration of TeXLive
)
Package hyperref Info: Option `colorlinks' set `true' on input line 4319.
Package hyperref Info: Hyper figures OFF on input line 4443.
Package hyperref Info: Link nesting OFF on input line 4448.
Package hyperref Info: Hyper index ON on input line 4451.
Package hyperref Info: Plain pages OFF on input line 4458.
Package hyperref Info: Backreferencing OFF on input line 4463.
Package hyperref Info: Implicit mode ON; LaTeX internals redefined.
Package hyperref Info: Bookmarks ON on input line 4688.
\c@Hy@tempcnt=\count108

("C:\Program Files (x86)\MiKTeX 2.9\tex\latex\url\url.sty"
\Urlmuskip=\muskip11
Package: url 2013/09/16  ver 3.4  Verb mode for urls, etc.
)
LaTeX Info: Redefining \url on input line 5041.
\XeTeXLinkMargin=\dimen126
\Fld@menulength=\count109
\Field@Width=\dimen127
\Fld@charsize=\dimen128
Package hyperref Info: Hyper figures OFF on input line 6295.
Package hyperref Info: Link nesting OFF on input line 6300.
Package hyperref Info: Hyper index ON on input line 6303.
Package hyperref Info: backreferencing OFF on input line 6310.
Package hyperref Info: Link coloring ON on input line 6313.
Package hyperref Info: Link coloring with OCG OFF on input line 6320.
Package hyperref Info: PDF/A mode OFF on input line 6325.
LaTeX Info: Redefining \ref on input line 6365.
LaTeX Info: Redefining \pageref on input line 6369.
\Hy@abspage=\count110
\c@Item=\count111
\c@Hfootnote=\count112
)

Package hyperref Message: Driver (autodetected): hpdftex.

("C:\Program Files (x86)\MiKTeX 2.9\tex\latex\hyperref\hpdftex.def"
File: hpdftex.def 2012/11/06 v6.83m Hyperref driver for pdfTeX
\Fld@listcount=\count113
\c@bookmark@seq@number=\count114

("C:\Program Files (x86)\MiKTeX 2.9\tex\latex\oberdiek\rerunfilecheck.sty"
Package: rerunfilecheck 2011/04/15 v1.7 Rerun checks for auxiliary files (HO)
Package uniquecounter Info: New unique counter `rerunfilecheck' on input line 2
82.
)
\Hy@SectionHShift=\skip48
)
("C:\Program Files (x86)\MiKTeX 2.9\tex\latex\tocbibind\tocbibind.sty"
Package: tocbibind 2010/10/13 v1.5k extra ToC listings
Package tocbibind Info: The document has chapter divisions on input line 50.


Package tocbibind Note: Using chapter style headings, unless overridden.

) ("C:\Program Files (x86)\MiKTeX 2.9\tex\latex\graphics\color.sty"
Package: color 2005/11/14 v1.0j Standard LaTeX Color (DPC)

("C:\Program Files (x86)\MiKTeX 2.9\tex\latex\00miktex\color.cfg"
File: color.cfg 2007/01/18 v1.5 color configuration of teTeX/TeXLive
)
Package color Info: Driver file: pdftex.def on input line 130.
)
("C:\Program Files (x86)\MiKTeX 2.9\tex\latex\oberdiek\epstopdf.sty"
Package: epstopdf 2010/02/09 v2.5 Conversion with epstopdf on the fly (HO)

("C:\Program Files (x86)\MiKTeX 2.9\tex\latex\oberdiek\epstopdf-base.sty"
Package: epstopdf-base 2010/02/09 v2.5 Base part for package epstopdf

("C:\Program Files (x86)\MiKTeX 2.9\tex\latex\oberdiek\grfext.sty"
Package: grfext 2010/08/19 v1.1 Manage graphics extensions (HO)
)
Package grfext Info: Graphics extension search list:
(grfext)             [.png,.pdf,.jpg,.mps,.jpeg,.jbig2,.jb2,.PNG,.PDF,.JPG,.JPE
G,.JBIG2,.JB2,.eps]
(grfext)             \AppendGraphicsExtensions on input line 452.
))
("C:\Program Files (x86)\MiKTeX 2.9\tex\latex\xcolor\xcolor.sty"
Package: xcolor 2016/05/11 v2.12 LaTeX color extensions (UK)

("C:\Program Files (x86)\MiKTeX 2.9\tex\latex\00miktex\color.cfg"
File: color.cfg 2007/01/18 v1.5 color configuration of teTeX/TeXLive
)
Package xcolor Info: Driver file: pdftex.def on input line 225.
LaTeX Info: Redefining \color on input line 709.
Package xcolor Info: Model `cmy' substituted by `cmy0' on input line 1348.
Package xcolor Info: Model `hsb' substituted by `rgb' on input line 1352.
Package xcolor Info: Model `RGB' extended on input line 1364.
Package xcolor Info: Model `HTML' substituted by `rgb' on input line 1366.
Package xcolor Info: Model `Hsb' substituted by `hsb' on input line 1367.
Package xcolor Info: Model `tHsb' substituted by `hsb' on input line 1368.
Package xcolor Info: Model `HSB' substituted by `hsb' on input line 1369.
Package xcolor Info: Model `Gray' substituted by `gray' on input line 1370.
Package xcolor Info: Model `wave' substituted by `hsb' on input line 1371.
)
("C:\Program Files (x86)\MiKTeX 2.9\tex\latex\rotating\rotating.sty"
Package: rotating 2009/03/28 v2.16a rotated objects in LaTeX

("C:\Program Files (x86)\MiKTeX 2.9\tex\latex\base\ifthen.sty"
Package: ifthen 2001/05/26 v1.1c Standard LaTeX ifthen package (DPC)
)
\c@r@tfl@t=\count115
\rotFPtop=\skip49
\rotFPbot=\skip50
\rot@float@box=\box28
\rot@mess@toks=\toks24
)
("C:\Program Files (x86)\MiKTeX 2.9\tex\latex\biblatex\biblatex.sty"
Package: biblatex 2016/12/05 v3.7 programmable bibliographies (PK/JW/AB)

("C:\Program Files (x86)\MiKTeX 2.9\tex\latex\etoolbox\etoolbox.sty"
Package: etoolbox 2017/01/02 v2.4 e-TeX tools for LaTeX (JAW)

("C:\Program Files (x86)\MiKTeX 2.9\tex\latex\misc\etex.sty"
Package: etex 1998/03/26 v2.0 eTeX basic definition package (PEB)
\et@xins=\count116
)
\etb@tempcnta=\count117
)
("C:\Program Files (x86)\MiKTeX 2.9\tex\latex\logreq\logreq.sty"
Package: logreq 2010/08/04 v1.0 xml request logger
\lrq@indent=\count118

("C:\Program Files (x86)\MiKTeX 2.9\tex\latex\logreq\logreq.def"
File: logreq.def 2010/08/04 v1.0 logreq spec v1.0
))
("C:\Program Files (x86)\MiKTeX 2.9\tex\latex\xstring\xstring.sty"
("C:\Program Files (x86)\MiKTeX 2.9\tex\generic\xstring\xstring.tex"
\@xs@message=\write3
\integerpart=\count119
\decimalpart=\count120
)
Package: xstring 2013/10/13  v1.7c  String manipulations (C Tellechea)
)
\c@tabx@nest=\count121
\c@listtotal=\count122
\c@listcount=\count123
\c@liststart=\count124
\c@liststop=\count125
\c@citecount=\count126
\c@citetotal=\count127
\c@multicitecount=\count128
\c@multicitetotal=\count129
\c@instcount=\count130
\c@maxnames=\count131
\c@minnames=\count132
\c@maxitems=\count133
\c@minitems=\count134
\c@citecounter=\count135
\c@savedcitecounter=\count136
\c@uniquelist=\count137
\c@uniquename=\count138
\c@refsection=\count139
\c@refsegment=\count140
\c@maxextratitle=\count141
\c@maxextratitleyear=\count142
\c@maxextrayear=\count143
\c@maxextraalpha=\count144
\c@abbrvpenalty=\count145
\c@highnamepenalty=\count146
\c@lownamepenalty=\count147
\c@maxparens=\count148
\c@parenlevel=\count149
\blx@tempcnta=\count150
\blx@tempcntb=\count151
\blx@tempcntc=\count152
\blx@maxsection=\count153
\blx@maxsegment@0=\count154
\blx@notetype=\count155
\blx@parenlevel@text=\count156
\blx@parenlevel@foot=\count157
\blx@sectionciteorder@0=\count158
\labelnumberwidth=\skip51
\labelalphawidth=\skip52
\biblabelsep=\skip53
\bibitemsep=\skip54
\bibnamesep=\skip55
\bibinitsep=\skip56
\bibparsep=\skip57
\bibhang=\skip58
\blx@bcfin=\read1
\blx@bcfout=\write4
\c@mincomprange=\count159
\c@maxcomprange=\count160
\c@mincompwidth=\count161
Package biblatex Info: Trying to load biblatex default data model...
Package biblatex Info: ... file 'blx-dm.def' found.

("C:\Program Files (x86)\MiKTeX 2.9\tex\latex\biblatex\blx-dm.def")
Package biblatex Info: Trying to load biblatex style data model...
Package biblatex Info: ... file 'phys.dbx' not found.
Package biblatex Info: Trying to load biblatex custom data model...
Package biblatex Info: ... file 'biblatex-dm.cfg' not found.
\c@afterword=\count162
\c@savedafterword=\count163
\c@annotator=\count164
\c@savedannotator=\count165
\c@author=\count166
\c@savedauthor=\count167
\c@bookauthor=\count168
\c@savedbookauthor=\count169
\c@commentator=\count170
\c@savedcommentator=\count171
\c@editor=\count172
\c@savededitor=\count173
\c@editora=\count174
\c@savededitora=\count175
\c@editorb=\count176
\c@savededitorb=\count177
\c@editorc=\count178
\c@savededitorc=\count179
\c@foreword=\count180
\c@savedforeword=\count181
\c@holder=\count182
\c@savedholder=\count183
\c@introduction=\count184
\c@savedintroduction=\count185
\c@namea=\count186
\c@savednamea=\count187
\c@nameb=\count188
\c@savednameb=\count189
\c@namec=\count190
\c@savednamec=\count191
\c@translator=\count192
\c@savedtranslator=\count193
\c@shortauthor=\count194
\c@savedshortauthor=\count195
\c@shorteditor=\count196
\c@savedshorteditor=\count197
\c@labelname=\count198
\c@savedlabelname=\count199
\c@institution=\count200
\c@savedinstitution=\count201
\c@lista=\count202
\c@savedlista=\count203
\c@listb=\count204
\c@savedlistb=\count205
\c@listc=\count206
\c@savedlistc=\count207
\c@listd=\count208
\c@savedlistd=\count209
\c@liste=\count210
\c@savedliste=\count211
\c@listf=\count212
\c@savedlistf=\count213
\c@location=\count214
\c@savedlocation=\count215
\c@organization=\count216
\c@savedorganization=\count217
\c@origlocation=\count218
\c@savedoriglocation=\count219
\c@origpublisher=\count220
\c@savedorigpublisher=\count221
\c@publisher=\count222
\c@savedpublisher=\count223
\c@language=\count224
\c@savedlanguage=\count225
\c@pageref=\count226
\c@savedpageref=\count227
\shorthandwidth=\skip59
\shortjournalwidth=\skip60
\shortserieswidth=\skip61
\shorttitlewidth=\skip62
\shortauthorwidth=\skip63
\shorteditorwidth=\skip64
Package biblatex Info: Trying to load compatibility code...
Package biblatex Info: ... file 'blx-compat.def' found.

("C:\Program Files (x86)\MiKTeX 2.9\tex\latex\biblatex\blx-compat.def"
File: blx-compat.def 2016/12/05 v3.7 biblatex compatibility (PK/JW/AB)
)
Package biblatex Info: Trying to load generic definitions...
Package biblatex Info: ... file 'biblatex.def' found.

("C:\Program Files (x86)\MiKTeX 2.9\tex\latex\biblatex\biblatex.def"
File: biblatex.def 2016/12/05 v3.7 biblatex compatibility (PK/JW/AB)
\c@textcitecount=\count228
\c@textcitetotal=\count229
\c@textcitemaxnames=\count230
\c@biburlnumpenalty=\count231
\c@biburlucpenalty=\count232
\c@biburllcpenalty=\count233
Normal \count register pool exhausted, switching to extended pool.
\c@smartand=\count277
)
Package biblatex Info: Trying to load bibliography style 'phys'...
Package biblatex Info: ... file 'phys.bbx' found.

("C:\Program Files (x86)\MiKTeX 2.9\tex\latex\biblatex-phys\phys.bbx"
File: phys.bbx 2016/08/23 v1.0b biblatex bibliography style
Package biblatex Info: Trying to load bibliography style 'numeric-comp'...
Package biblatex Info: ... file 'numeric-comp.bbx' found.

("C:\Program Files (x86)\MiKTeX 2.9\tex\latex\biblatex\bbx\numeric-comp.bbx"
File: numeric-comp.bbx 2016/12/05 v3.7 biblatex bibliography style (PK/JW/AB)
Package biblatex Info: Trying to load bibliography style 'numeric'...
Package biblatex Info: ... file 'numeric.bbx' found.

("C:\Program Files (x86)\MiKTeX 2.9\tex\latex\biblatex\bbx\numeric.bbx"
File: numeric.bbx 2016/12/05 v3.7 biblatex bibliography style (PK/JW/AB)
Package biblatex Info: Trying to load bibliography style 'standard'...
Package biblatex Info: ... file 'standard.bbx' found.

("C:\Program Files (x86)\MiKTeX 2.9\tex\latex\biblatex\bbx\standard.bbx"
File: standard.bbx 2016/12/05 v3.7 biblatex bibliography style (PK/JW/AB)
\c@bbx:relatedcount=\count278
\c@bbx:relatedtotal=\count279
))))
Package biblatex Info: Trying to load citation style 'phys'...
Package biblatex Info: ... file 'phys.cbx' found.

("C:\Program Files (x86)\MiKTeX 2.9\tex\latex\biblatex-phys\phys.cbx"
File: phys.cbx 2016/08/23 v1.0b biblatex citation style
Package biblatex Info: Trying to load citation style 'numeric-comp'...
Package biblatex Info: ... file 'numeric-comp.cbx' found.

("C:\Program Files (x86)\MiKTeX 2.9\tex\latex\biblatex\cbx\numeric-comp.cbx"
File: numeric-comp.cbx 2016/12/05 v3.7 biblatex citation style (PK/JW/AB)
\c@cbx@tempcnta=\count280
\c@cbx@tempcntb=\count281
Package biblatex Info: Redefining '\cite'.
Package biblatex Info: Redefining '\parencite'.
Package biblatex Info: Redefining '\footcite'.
Package biblatex Info: Redefining '\footcitetext'.
Package biblatex Info: Redefining '\smartcite'.
Package biblatex Info: Redefining '\supercite'.
Package biblatex Info: Redefining '\textcite'.
Package biblatex Info: Redefining '\textcites'.
Package biblatex Info: Redefining '\cites'.
Package biblatex Info: Redefining '\parencites'.
Package biblatex Info: Redefining '\smartcites'.
))
Package biblatex Info: Trying to load configuration file...
Package biblatex Info: ... file 'biblatex.cfg' found.

("C:\Program Files (x86)\MiKTeX 2.9\tex\latex\biblatex\biblatex.cfg"
File: biblatex.cfg 
))
("C:\Program Files (x86)\MiKTeX 2.9\tex\latex\was\upgreek.sty"
Package: upgreek 2003/02/12 v2.0 (WaS)
Package upgreek Info: Using Euler Roman for upright Greek on input line 31.
\symugrf@m=\mathgroup7
LaTeX Font Info:    Overwriting symbol font `ugrf@m' in version `bold'
(Font)                  U/eur/m/n --> U/eur/b/n on input line 38.
)
! Undefined control sequence.
<argument> ...docsvlist \expandafter {\bbl@loaded 
                                                  }\ifboolexpr { not test {\...
l.28 \begin{document}
                     
The control sequence at the end of the top line
of your error message was never \def'ed. If you have
misspelled it (e.g., `\hobx'), type `I' and the correct
spelling (e.g., `I\hbox'). Otherwise just continue,
and I'll forget about whatever was undefined.

Package biblatex Info: Trying to load language 'english'...
Package biblatex Info: ... file 'english.lbx' found.
("C:\Program Files (x86)\MiKTeX 2.9\tex\latex\biblatex\lbx\english.lbx"
File: english.lbx 2016/12/05 v3.7 biblatex localization (PK/JW/AB)
)

Package biblatex Warning: 'babel/polyglossia' detected but 'csquotes' missing.
(biblatex)                Loading 'csquotes' recommended.

\@quotelevel=\count282
\@quotereset=\count283
(C:\Users\AudreyAzura\Documents\GitHub\PhDThesis\04-CrMagOpt\04-CrMagOpt.aux)
LaTeX Font Info:    Checking defaults for OML/cmm/m/it on input line 28.
LaTeX Font Info:    ... okay on input line 28.
LaTeX Font Info:    Checking defaults for T1/cmr/m/n on input line 28.
LaTeX Font Info:    ... okay on input line 28.
LaTeX Font Info:    Checking defaults for OT1/cmr/m/n on input line 28.
LaTeX Font Info:    ... okay on input line 28.
LaTeX Font Info:    Checking defaults for OMS/cmsy/m/n on input line 28.
LaTeX Font Info:    ... okay on input line 28.
LaTeX Font Info:    Checking defaults for OMX/cmex/m/n on input line 28.
LaTeX Font Info:    ... okay on input line 28.
LaTeX Font Info:    Checking defaults for U/cmr/m/n on input line 28.
LaTeX Font Info:    ... okay on input line 28.
LaTeX Font Info:    Checking defaults for PD1/pdf/m/n on input line 28.
LaTeX Font Info:    ... okay on input line 28.

("C:\Program Files (x86)\MiKTeX 2.9\tex\context\base\supp-pdf.mkii"
[Loading MPS to PDF converter (version 2006.09.02).]
\scratchcounter=\count284
\scratchdimen=\dimen129
\scratchbox=\box29
\nofMPsegments=\count285
\nofMParguments=\count286
\everyMPshowfont=\toks25
\MPscratchCnt=\count287
\MPscratchDim=\dimen130
\MPnumerator=\count288
\makeMPintoPDFobject=\count289
\everyMPtoPDFconversion=\toks26
)
*geometry* driver: auto-detecting
*geometry* detected driver: pdftex
*geometry* verbose mode - [ preamble ] result:
* driver: pdftex
* paper: a4paper
* layout: <same size as paper>
* layoutoffset:(h,v)=(0.0pt,0.0pt)
* modes: 
* h-part:(L,W,R)=(89.62709pt, 418.25368pt, 89.6271pt)
* v-part:(T,H,B)=(101.40665pt, 591.5302pt, 152.11pt)
* \paperwidth=597.50787pt
* \paperheight=845.04684pt
* \textwidth=418.25368pt
* \textheight=591.5302pt
* \oddsidemargin=17.3571pt
* \evensidemargin=17.3571pt
* \topmargin=-7.86334pt
* \headheight=12.0pt
* \headsep=25.0pt
* \topskip=12.0pt
* \footskip=30.0pt
* \marginparwidth=35.0pt
* \marginparsep=10.0pt
* \columnsep=10.0pt
* \skip\footins=10.8pt plus 4.0pt minus 2.0pt
* \hoffset=0.0pt
* \voffset=0.0pt
* \mag=1000
* \@twocolumnfalse
* \@twosidefalse
* \@mparswitchfalse
* \@reversemarginfalse
* (1in=72.27pt=25.4mm, 1cm=28.453pt)

\AtBeginShipoutBox=\box30
Package hyperref Info: Link coloring ON on input line 28.
("C:\Program Files (x86)\MiKTeX 2.9\tex\latex\hyperref\nameref.sty"
Package: nameref 2012/10/27 v2.43 Cross-referencing by name of section

("C:\Program Files (x86)\MiKTeX 2.9\tex\generic\oberdiek\gettitlestring.sty"
Package: gettitlestring 2010/12/03 v1.4 Cleanup title references (HO)
)
\c@section@level=\count290
)
LaTeX Info: Redefining \ref on input line 28.
LaTeX Info: Redefining \pageref on input line 28.
LaTeX Info: Redefining \nameref on input line 28.

(C:\Users\AudreyAzura\Documents\GitHub\PhDThesis\04-CrMagOpt\04-CrMagOpt.out)
(C:\Users\AudreyAzura\Documents\GitHub\PhDThesis\04-CrMagOpt\04-CrMagOpt.out)
\@outlinefile=\write5
Package biblatex Info: Input encoding 'utf8' detected.
Package biblatex Info: Automatic encoding selection.
(biblatex)             Assuming data encoding 'utf8'.
Package biblatex Info: Trying to load bibliographic data...
Package biblatex Info: ... file '04-CrMagOpt.bbl' found.

(C:\Users\AudreyAzura\Documents\GitHub\PhDThesis\04-CrMagOpt\04-CrMagOpt.bbl)
Package biblatex Info: Reference section=0 on input line 28.
Package biblatex Info: Reference segment=0 on input line 28.

Chapter I.

LaTeX Warning: Reference `CrSemiCon' on page 1 undefined on input line 32.


LaTeX Warning: Reference `SKGrowth' on page 1 undefined on input line 40.

[1


{C:/ProgramData/MiKTeX/2.9/pdftex/config/pdftex.map}]
Package epstopdf Info: Source file: <Pictures/Spectras.eps>
(epstopdf)                    date: 2017-06-05 20:13:10
(epstopdf)                    size: 771501 bytes
(epstopdf)             Output file: <Pictures/Spectras-eps-converted-to.pdf>
(epstopdf)                    date: 2017-06-05 20:13:10
(epstopdf)                    size: 91664 bytes
(epstopdf)             Command: <epstopdf --outfile=Pictures/Spectras-eps-conve
rted-to.pdf Pictures/Spectras.eps>
(epstopdf)             \includegraphics on input line 44.
Package epstopdf Info: Output file is already uptodate.

<Pictures/Spectras-eps-converted-to.pdf, id=47, 995.72pt x 398.48875pt>
File: Pictures/Spectras-eps-converted-to.pdf Graphic file (type pdf)

<use Pictures/Spectras-eps-converted-to.pdf>
Package pdftex.def Info: Pictures/Spectras-eps-converted-to.pdf used on input l
ine 44.
(pdftex.def)             Requested size: 426.79134pt x 170.80566pt.

Overfull \hbox (8.53766pt too wide) in paragraph at lines 44--45
 [] 
 []

<Pictures/EnLvlantiferro.png, id=50, 426.84468pt x 475.02469pt>
File: Pictures/EnLvlantiferro.png Graphic file (type png)

<use Pictures/EnLvlantiferro.png>
Package pdftex.def Info: Pictures/EnLvlantiferro.png used on input line 54.
(pdftex.def)             Requested size: 284.52756pt x 316.66301pt.


LaTeX Warning: `!h' float specifier changed to `!ht'.


LaTeX Warning: Reference `CrSemiCon' on page 2 undefined on input line 60.


LaTeX Warning: Citation 'EPRCr' on page 2 undefined on input line 60.


LaTeX Warning: Reference `CrSemiCon' on page 2 undefined on input line 60.

[2 <C:/Users/AudreyAzura/Documents/GitHub/PhDThesis/04-CrMagOpt/Pictures/Spectr
as-eps-converted-to.pdf>]

LaTeX Warning: Citation 'MacCdCrSD0beta' on page 3 undefined on input line 66.


LaTeX Warning: Citation 'KacmanD0alphabetaIIVI' on page 3 undefined on input li
ne 66.


LaTeX Warning: Citation 'MacspdexchCr' on page 3 undefined on input line 66.


LaTeX Warning: Citation 'DMSCrExchInt' on page 3 undefined on input line 66.


LaTeX Warning: Citation 'CdCrSExchInt' on page 3 undefined on input line 66.

[3 <C:/Users/AudreyAzura/Documents/GitHub/PhDThesis/04-CrMagOpt/Pictures/EnLvla
ntiferro.png>] <Pictures/LinPol.png, id=79, 1138.2525pt x 724.95844pt>
File: Pictures/LinPol.png Graphic file (type png)

<use Pictures/LinPol.png>
Package pdftex.def Info: Pictures/LinPol.png used on input line 70.
(pdftex.def)             Requested size: 426.79134pt x 271.82556pt.

Overfull \hbox (8.53766pt too wide) in paragraph at lines 70--71
 [] 
 []

[4 <C:/Users/AudreyAzura/Documents/GitHub/PhDThesis/04-CrMagOpt/Pictures/LinPol
.png>]

LaTeX Warning: Citation 'SplitInvTh' on page 5 undefined on input line 78.

Package epstopdf Info: Source file: <Pictures/Decay.eps>
(epstopdf)                    date: 2017-06-05 20:13:10
(epstopdf)                    size: 129457 bytes
(epstopdf)             Output file: <Pictures/Decay-eps-converted-to.pdf>
(epstopdf)                    date: 2017-06-05 20:13:10
(epstopdf)                    size: 45422 bytes
(epstopdf)             Command: <epstopdf --outfile=Pictures/Decay-eps-converte
d-to.pdf Pictures/Decay.eps>
(epstopdf)             \includegraphics on input line 82.
Package epstopdf Info: Output file is already uptodate.
<Pictures/Decay-eps-converted-to.pdf, id=88, 711.65875pt x 381.425pt>
File: Pictures/Decay-eps-converted-to.pdf Graphic file (type pdf)

<use Pictures/Decay-eps-converted-to.pdf>
Package pdftex.def Info: Pictures/Decay-eps-converted-to.pdf used on input line
 82.
(pdftex.def)             Requested size: 341.43306pt x 182.99461pt.


LaTeX Warning: Citation 'DELum' on page 5 undefined on input line 88.


LaTeX Warning: Citation 'DELongLifetime' on page 5 undefined on input line 88.

[5 <C:/Users/AudreyAzura/Documents/GitHub/PhDThesis/04-CrMagOpt/Pictures/Decay-
eps-converted-to.pdf>]
Package epstopdf Info: Source file: <Pictures/Temp.eps>
(epstopdf)                    date: 2017-07-01 16:48:15
(epstopdf)                    size: 19747234 bytes
(epstopdf)             Output file: <Pictures/Temp-eps-converted-to.pdf>
(epstopdf)                    date: 2017-07-01 16:48:15
(epstopdf)                    size: 89953 bytes
(epstopdf)             Command: <epstopdf --outfile=Pictures/Temp-eps-converted
-to.pdf Pictures/Temp.eps>
(epstopdf)             \includegraphics on input line 92.
Package epstopdf Info: Output file is already uptodate.

<Pictures/Temp-eps-converted-to.pdf, id=102, 725.71124pt x 555.07375pt>
File: Pictures/Temp-eps-converted-to.pdf Graphic file (type pdf)

<use Pictures/Temp-eps-converted-to.pdf>
Package pdftex.def Info: Pictures/Temp-eps-converted-to.pdf used on input line 
92.
(pdftex.def)             Requested size: 423.94588pt x 324.27216pt.

Overfull \hbox (5.6922pt too wide) in paragraph at lines 92--93
 [] 
 []

Package epstopdf Info: Source file: <Pictures/FullPLEv2.eps>
(epstopdf)                    date: 2017-07-01 16:48:14
(epstopdf)                    size: 33132932 bytes
(epstopdf)             Output file: <Pictures/FullPLEv2-eps-converted-to.pdf>
(epstopdf)                    date: 2017-07-01 16:48:14
(epstopdf)                    size: 208699 bytes
(epstopdf)             Command: <epstopdf --outfile=Pictures/FullPLEv2-eps-conv
erted-to.pdf Pictures/FullPLEv2.eps>
(epstopdf)             \includegraphics on input line 100.
Package epstopdf Info: Output file is already uptodate.
<Pictures/FullPLEv2-eps-converted-to.pdf, id=103, 910.40125pt x 973.6375pt>
File: Pictures/FullPLEv2-eps-converted-to.pdf Graphic file (type pdf)

<use Pictures/FullPLEv2-eps-converted-to.pdf>
Package pdftex.def Info: Pictures/FullPLEv2-eps-converted-to.pdf used on input 
line 100.
(pdftex.def)             Requested size: 386.95764pt x 413.84245pt.


LaTeX Warning: `!h' float specifier changed to `!ht'.

[6 <C:/Users/AudreyAzura/Documents/GitHub/PhDThesis/04-CrMagOpt/Pictures/Temp-e
ps-converted-to.pdf>]

LaTeX Warning: Text page 7 contains only floats.


Overfull \vbox (6.14502pt too high) has occurred while \output is active []


[7 <C:/Users/AudreyAzura/Documents/GitHub/PhDThesis/04-CrMagOpt/Pictures/FullPL
Ev2-eps-converted-to.pdf>]

LaTeX Warning: Citation 'FineStructSplitGaAsdots' on page 8 undefined on input 
line 130.


LaTeX Warning: Citation 'SplitInvTh' on page 8 undefined on input line 130.

Package epstopdf Info: Source file: <Pictures/PLEDotPres.eps>
(epstopdf)                    date: 2017-06-05 20:13:10
(epstopdf)                    size: 1898760 bytes
(epstopdf)             Output file: <Pictures/PLEDotPres-eps-converted-to.pdf>
(epstopdf)                    date: 2017-06-05 20:13:10
(epstopdf)                    size: 120929 bytes
(epstopdf)             Command: <epstopdf --outfile=Pictures/PLEDotPres-eps-con
verted-to.pdf Pictures/PLEDotPres.eps>
(epstopdf)             \includegraphics on input line 134.
Package epstopdf Info: Output file is already uptodate.
<Pictures/PLEDotPres-eps-converted-to.pdf, id=134, 882.29625pt x 549.05125pt>
File: Pictures/PLEDotPres-eps-converted-to.pdf Graphic file (type pdf)

<use Pictures/PLEDotPres-eps-converted-to.pdf>
Package pdftex.def Info: Pictures/PLEDotPres-eps-converted-to.pdf used on input
 line 134.
(pdftex.def)             Requested size: 423.94588pt x 263.81807pt.

Overfull \hbox (5.6922pt too wide) in paragraph at lines 134--135
 [] 
 []


LaTeX Warning: `!h' float specifier changed to `!ht'.


Overfull \hbox (5.13042pt too wide) in paragraph at lines 142--143
[]\T1/cmr/m/n/12 Finally, an-other in-ter-est-ing ex-cited state ap-pear at 203
0 meV. This state presents
 []

[8]

LaTeX Warning: Citation 'BesombesPumpMnSFD' on page 9 undefined on input line 1
46.


LaTeX Warning: Citation 'LegerQDGeomEffect' on page 9 undefined on input line 1
46.

[9 <C:/Users/AudreyAzura/Documents/GitHub/PhDThesis/04-CrMagOpt/Pictures/PLEDot
Pres-eps-converted-to.pdf>]
<Pictures/MagOptv2.png, id=152, 554.82281pt x 629.35126pt>
File: Pictures/MagOptv2.png Graphic file (type png)

<use Pictures/MagOptv2.png>
Package pdftex.def Info: Pictures/MagOptv2.png used on input line 150.
(pdftex.def)             Requested size: 284.52756pt x 322.75107pt.


LaTeX Warning: Citation 'DERecombTh' on page 10 undefined on input line 156.


LaTeX Warning: Citation 'DELum' on page 10 undefined on input line 156.

[10 <C:/Users/AudreyAzura/Documents/GitHub/PhDThesis/04-CrMagOpt/Pictures/MagOp
tv2.png>]
Package epstopdf Info: Source file: <Pictures/MagOptLowSym.eps>
(epstopdf)                    date: 2017-07-01 16:48:14
(epstopdf)                    size: 11027585 bytes
(epstopdf)             Output file: <Pictures/MagOptLowSym-eps-converted-to.pdf
>
(epstopdf)                    date: 2017-07-01 16:48:14
(epstopdf)                    size: 123247 bytes
(epstopdf)             Command: <epstopdf --outfile=Pictures/MagOptLowSym-eps-c
onverted-to.pdf Pictures/MagOptLowSym.eps>
(epstopdf)             \includegraphics on input line 160.
Package epstopdf Info: Output file is already uptodate.

<Pictures/MagOptLowSym-eps-converted-to.pdf, id=162, 341.275pt x 469.755pt>
File: Pictures/MagOptLowSym-eps-converted-to.pdf Graphic file (type pdf)

<use Pictures/MagOptLowSym-eps-converted-to.pdf>
Package pdftex.def Info: Pictures/MagOptLowSym-eps-converted-to.pdf used on inp
ut line 160.
(pdftex.def)             Requested size: 284.52756pt x 391.66702pt.


LaTeX Warning: Citation 'SplitInvTh' on page 11 undefined on input line 166.

[11 <C:/Users/AudreyAzura/Documents/GitHub/PhDThesis/04-CrMagOpt/Pictures/MagOp
tLowSym-eps-converted-to.pdf>]
Package epstopdf Info: Source file: <Pictures/Antiferro-Cr.eps>
(epstopdf)                    date: 2017-07-01 16:48:14
(epstopdf)                    size: 12661462 bytes
(epstopdf)             Output file: <Pictures/Antiferro-Cr-eps-converted-to.pdf
>
(epstopdf)                    date: 2017-07-01 16:48:14
(epstopdf)                    size: 111242 bytes
(epstopdf)             Command: <epstopdf --outfile=Pictures/Antiferro-Cr-eps-c
onverted-to.pdf Pictures/Antiferro-Cr.eps>
(epstopdf)             \includegraphics on input line 172.
Package epstopdf Info: Output file is already uptodate.

<Pictures/Antiferro-Cr-eps-converted-to.pdf, id=178, 446.66875pt x 549.05125pt>
File: Pictures/Antiferro-Cr-eps-converted-to.pdf Graphic file (type pdf)
<use Pictures/Antiferro-Cr-eps-converted-to.pdf>
Package pdftex.def Info: Pictures/Antiferro-Cr-eps-converted-to.pdf used on inp
ut line 172.
(pdftex.def)             Requested size: 284.52756pt x 349.74954pt.


LaTeX Warning: `!h' float specifier changed to `!ht'.


LaTeX Warning: Citation 'CarInSpinSplit' on page 12 undefined on input line 178
.


LaTeX Warning: Citation 'BiexFinStruct' on page 12 undefined on input line 178.


Package epstopdf Info: Source file: <Pictures/Antiferro-Mn.eps>
(epstopdf)                    date: 2017-07-01 16:48:14
(epstopdf)                    size: 12847836 bytes
(epstopdf)             Output file: <Pictures/Antiferro-Mn-eps-converted-to.pdf
>
(epstopdf)                    date: 2017-07-01 16:48:14
(epstopdf)                    size: 111059 bytes
(epstopdf)             Command: <epstopdf --outfile=Pictures/Antiferro-Mn-eps-c
onverted-to.pdf Pictures/Antiferro-Mn.eps>
(epstopdf)             \includegraphics on input line 182.
Package epstopdf Info: Output file is already uptodate.

<Pictures/Antiferro-Mn-eps-converted-to.pdf, id=180, 460.72125pt x 549.05125pt>
File: Pictures/Antiferro-Mn-eps-converted-to.pdf Graphic file (type pdf)
<use Pictures/Antiferro-Mn-eps-converted-to.pdf>
Package pdftex.def Info: Pictures/Antiferro-Mn-eps-converted-to.pdf used on inp
ut line 182.
(pdftex.def)             Requested size: 284.52756pt x 339.07619pt.


LaTeX Warning: Citation 'YoanTh' on page 12 undefined on input line 184.


LaTeX Warning: Citation 'YoanTh' on page 12 undefined on input line 184.


LaTeX Warning: `!h' float specifier changed to `!ht'.


LaTeX Warning: Citation 'YoanTh' on page 12 undefined on input line 190.

[12]

LaTeX Warning: Reference `CrCdTe' on page 13 undefined on input line 192.

[13 <C:/Users/AudreyAzura/Documents/GitHub/PhDThesis/04-CrMagOpt/Pictures/Antif
erro-Cr-eps-converted-to.pdf>]
<Pictures/SimuAntiferro.png, id=204, 833.36343pt x 748.29562pt>
File: Pictures/SimuAntiferro.png Graphic file (type png)

<use Pictures/SimuAntiferro.png>
Package pdftex.def Info: Pictures/SimuAntiferro.png used on input line 198.
(pdftex.def)             Requested size: 423.94588pt x 380.67802pt.

Overfull \hbox (5.6922pt too wide) in paragraph at lines 198--199
 [] 
 []


LaTeX Warning: `!h' float specifier changed to `!ht'.

[14 <C:/Users/AudreyAzura/Documents/GitHub/PhDThesis/04-CrMagOpt/Pictures/Antif
erro-Mn-eps-converted-to.pdf>] [15 <C:/Users/AudreyAzura/Documents/GitHub/PhDTh
esis/04-CrMagOpt/Pictures/SimuAntiferro.png>]

LaTeX Warning: Reference `Cralone' on page 16 undefined on input line 211.


LaTeX Warning: Reference `HCrDMS' on page 16 undefined on input line 213.


LaTeX Warning: Reference `Heh' on page 16 undefined on input line 220.


LaTeX Warning: Reference `HVBM' on page 16 undefined on input line 222.


LaTeX Warning: Citation 'CarInSpinSplit' on page 16 undefined on input line 224
.


LaTeX Warning: Citation 'BiexFinStruct' on page 16 undefined on input line 224.



LaTeX Warning: Citation 'DynhMn' on page 16 undefined on input line 224.


LaTeX Warning: Citation 'DERecombTh' on page 16 undefined on input line 230.

[16]

LaTeX Warning: Citation 'DynhMn' on page 17 undefined on input line 275.


LaTeX Warning: Citation 'DELum' on page 17 undefined on input line 275.


LaTeX Warning: Citation 'DynhMn' on page 17 undefined on input line 275.


LaTeX Warning: Citation 'DELum' on page 17 undefined on input line 275.


Overfull \hbox (8.48991pt too wide) in paragraph at lines 286--286
[]|\T1/cmr/m/n/12 arg(R)| 
 []


Overfull \hbox (2.82564pt too wide) in paragraph at lines 287--287
[]|$\OML/cmm/m/it/12 eV=T[]$| 
 []

[17]
Package epstopdf Info: Source file: <Pictures/HighE.eps>
(epstopdf)                    date: 2017-06-05 20:13:10
(epstopdf)                    size: 7554603 bytes
(epstopdf)             Output file: <Pictures/HighE-eps-converted-to.pdf>
(epstopdf)                    date: 2017-06-05 20:13:10
(epstopdf)                    size: 229654 bytes
(epstopdf)             Command: <epstopdf --outfile=Pictures/HighE-eps-converte
d-to.pdf Pictures/HighE.eps>
(epstopdf)             \includegraphics on input line 301.
Package epstopdf Info: Output file is already uptodate.
 <Pictures/HighE-eps-converted-to.pdf, id=247, 896.34875pt x 882.29625pt>
File: Pictures/HighE-eps-converted-to.pdf Graphic file (type pdf)

<use Pictures/HighE-eps-converted-to.pdf>
Package pdftex.def Info: Pictures/HighE-eps-converted-to.pdf used on input line
 301.
(pdftex.def)             Requested size: 284.52756pt x 280.06537pt.


LaTeX Warning: `!h' float specifier changed to `!ht'.


LaTeX Warning: Reference `ehExch' on page 18 undefined on input line 311.

[18]
Package epstopdf Info: Source file: <Pictures/6peaks.eps>
(epstopdf)                    date: 2017-06-05 20:13:10
(epstopdf)                    size: 3033421 bytes
(epstopdf)             Output file: <Pictures/6peaks-eps-converted-to.pdf>
(epstopdf)                    date: 2017-06-05 20:13:10
(epstopdf)                    size: 272000 bytes
(epstopdf)             Command: <epstopdf --outfile=Pictures/6peaks-eps-convert
ed-to.pdf Pictures/6peaks.eps>
(epstopdf)             \includegraphics on input line 325.
Package epstopdf Info: Output file is already uptodate.
 <Pictures/6peaks-eps-converted-to.pdf, id=258, 1180.41pt x 612.2875pt>
File: Pictures/6peaks-eps-converted-to.pdf Graphic file (type pdf)

<use Pictures/6peaks-eps-converted-to.pdf>
Package pdftex.def Info: Pictures/6peaks-eps-converted-to.pdf used on input lin
e 325.
(pdftex.def)             Requested size: 423.94588pt x 219.90013pt.

Overfull \hbox (5.6922pt too wide) in paragraph at lines 325--326
 [] 
 []


LaTeX Warning: `!h' float specifier changed to `!ht'.

[19 <C:/Users/AudreyAzura/Documents/GitHub/PhDThesis/04-CrMagOpt/Pictures/HighE
-eps-converted-to.pdf>]
Package epstopdf Info: Source file: <Pictures/EfieldX-Xc.eps>
(epstopdf)                    date: 2017-06-05 20:13:10
(epstopdf)                    size: 1649706 bytes
(epstopdf)             Output file: <Pictures/EfieldX-Xc-eps-converted-to.pdf>
(epstopdf)                    date: 2017-06-05 20:13:10
(epstopdf)                    size: 112904 bytes
(epstopdf)             Command: <epstopdf --outfile=Pictures/EfieldX-Xc-eps-con
verted-to.pdf Pictures/EfieldX-Xc.eps>
(epstopdf)             \includegraphics on input line 337.
Package epstopdf Info: Output file is already uptodate.

<Pictures/EfieldX-Xc-eps-converted-to.pdf, id=274, 668.4975pt x 534.99875pt>
File: Pictures/EfieldX-Xc-eps-converted-to.pdf Graphic file (type pdf)

<use Pictures/EfieldX-Xc-eps-converted-to.pdf>
Package pdftex.def Info: Pictures/EfieldX-Xc-eps-converted-to.pdf used on input
 line 337.
(pdftex.def)             Requested size: 341.43306pt x 273.25392pt.


LaTeX Warning: `!h' float specifier changed to `!ht'.


LaTeX Warning: Reference `ChargeSelec' on page 20 undefined on input line 343.

[20 <C:/Users/AudreyAzura/Documents/GitHub/PhDThesis/04-CrMagOpt/Pictures/6peak
s-eps-converted-to.pdf>]
Package epstopdf Info: Source file: <Pictures/SplitUnderEfiledXCr.eps>
(epstopdf)                    date: 2017-06-05 20:13:10
(epstopdf)                    size: 1776960 bytes
(epstopdf)             Output file: <Pictures/SplitUnderEfiledXCr-eps-converted
-to.pdf>
(epstopdf)                    date: 2017-06-05 20:13:10
(epstopdf)                    size: 254064 bytes
(epstopdf)             Command: <epstopdf --outfile=Pictures/SplitUnderEfiledXC
r-eps-converted-to.pdf Pictures/SplitUnderEfiledXCr.eps>
(epstopdf)             \includegraphics on input line 349.
Package epstopdf Info: Output file is already uptodate.

<Pictures/SplitUnderEfiledXCr-eps-converted-to.pdf, id=290, 614.295pt x 555.073
75pt>
File: Pictures/SplitUnderEfiledXCr-eps-converted-to.pdf Graphic file (type pdf)

 <use Pictures/SplitUnderEfiledXCr-eps-converted-to.pdf>
Package pdftex.def Info: Pictures/SplitUnderEfiledXCr-eps-converted-to.pdf used
 on input line 349.
(pdftex.def)             Requested size: 341.43306pt x 308.51846pt.


LaTeX Warning: `!h' float specifier changed to `!ht'.

<Pictures/CrCloseDot.png, id=294, 938.75719pt x 542.025pt>
File: Pictures/CrCloseDot.png Graphic file (type png)

<use Pictures/CrCloseDot.png>
Package pdftex.def Info: Pictures/CrCloseDot.png used on input line 359.
(pdftex.def)             Requested size: 423.94588pt x 244.7774pt.

Overfull \hbox (5.6922pt too wide) in paragraph at lines 359--360
 [] 
 []


LaTeX Warning: `!h' float specifier changed to `!ht'.

[21 <C:/Users/AudreyAzura/Documents/GitHub/PhDThesis/04-CrMagOpt/Pictures/Efiel
dX-Xc-eps-converted-to.pdf>]

LaTeX Warning: Citation 'ChargeSpectFluct' on page 22 undefined on input line 3
67.


LaTeX Warning: Citation 'CrZnTe' on page 22 undefined on input line 369.

[22 <C:/Users/AudreyAzura/Documents/GitHub/PhDThesis/04-CrMagOpt/Pictures/Split
UnderEfiledXCr-eps-converted-to.pdf>]

LaTeX Warning: Citation 'SpinMechaDriv' on page 23 undefined on input line 377.



LaTeX Warning: Citation 'LafuenteStrainMn' on page 23 undefined on input line 3
77.

[23 <C:/Users/AudreyAzura/Documents/GitHub/PhDThesis/04-CrMagOpt/Pictures/CrClo
seDot.png>]

LaTeX Warning: Empty bibliography on input line 381.

Package atveryend Info: Empty hook `BeforeClearDocument' on input line 383.
[24]
Package atveryend Info: Empty hook `AfterLastShipout' on input line 383.

(C:\Users\AudreyAzura\Documents\GitHub\PhDThesis\04-CrMagOpt\04-CrMagOpt.aux)
Package atveryend Info: Executing hook `AtVeryEndDocument' on input line 383.
Package atveryend Info: Executing hook `AtEndAfterFileList' on input line 383.
Package rerunfilecheck Info: File `04-CrMagOpt.out' has not changed.
(rerunfilecheck)             Checksum: 7A113A3A9DEC946DBC26E4DDC4128DE2;713.


LaTeX Warning: There were undefined references.


Package biblatex Warning: Please (re)run Biber on the file:
(biblatex)                04-CrMagOpt
(biblatex)                and rerun LaTeX afterwards.

Package logreq Info: Writing requests to '04-CrMagOpt.run.xml'.
Package atveryend Info: Empty hook `AtVeryVeryEnd' on input line 383.
 ) 
Here is how much of TeX's memory you used:
 14237 strings out of 493921
 228975 string characters out of 3144858
 697235 words of memory out of 3000000
 17264 multiletter control sequences out of 15000+200000
 17676 words of font info for 49 fonts, out of 3000000 for 9000
 841 hyphenation exceptions out of 8191
 33i,20n,35p,1477b,1515s stack positions out of 5000i,500n,10000p,200000b,50000s
 <C:\Users\AudreyAzura\AppData\Local\MiKTeX\2.9\fonts\pk\ljfour\jknappen\ec\d
pi600\ecbx1440.pk> <C:\Users\AudreyAzura\AppData\Local\MiKTeX\2.9\fonts\pk\ljfo
ur\jknappen\ec\dpi600\ecbx1728.pk> <C:\Users\AudreyAzura\AppData\Local\MiKTeX\2
.9\fonts\pk\ljfour\jknappen\ec\dpi600\ecbx1200.pk> <C:\Users\AudreyAzura\AppDat
a\Local\MiKTeX\2.9\fonts\pk\ljfour\jknappen\ec\dpi600\ecrm1200.pk> <C:\Users\Au
dreyAzura\AppData\Local\MiKTeX\2.9\fonts\pk\ljfour\jknappen\ec\dpi600\ecbx2488.
pk><C:/Program Files (x86)/MiKTeX 2.9/fonts/type1/public/amsfonts/cm/cmbx12.pfb
><C:/Program Files (x86)/MiKTeX 2.9/fonts/type1/public/amsfonts/cm/cmmi12.pfb><
C:/Program Files (x86)/MiKTeX 2.9/fonts/type1/public/amsfonts/cm/cmmi6.pfb><C:/
Program Files (x86)/MiKTeX 2.9/fonts/type1/public/amsfonts/cm/cmmi8.pfb><C:/Pro
gram Files (x86)/MiKTeX 2.9/fonts/type1/public/amsfonts/cm/cmr12.pfb><C:/Progra
m Files (x86)/MiKTeX 2.9/fonts/type1/public/amsfonts/cm/cmr8.pfb><C:/Program Fi
les (x86)/MiKTeX 2.9/fonts/type1/public/amsfonts/cm/cmsy10.pfb><C:/Program File
s (x86)/MiKTeX 2.9/fonts/type1/public/amsfonts/cm/cmsy6.pfb><C:/Program Files (
x86)/MiKTeX 2.9/fonts/type1/public/amsfonts/cm/cmsy8.pfb><C:/Program Files (x86
)/MiKTeX 2.9/fonts/type1/public/amsfonts/euler/eurb10.pfb>
Output written on 04-CrMagOpt.pdf (24 pages, 2771648 bytes).
PDF statistics:
 602 PDF objects out of 1000 (max. 8388607)
 55 named destinations out of 1000 (max. 500000)
 150 words of extra memory for PDF output out of 10000 (max. 10000000)

